Reading layer `fvbombus_points' from data source 
  `/project/6100170/melanson/landscape/fvbombus/fvbombus_points.shp' 
  using driver `ESRI Shapefile'
Simple feature collection with 297 features and 9 fields
Geometry type: POINT
Dimension:     XY
Bounding box:  xmin: -13710810 ymin: 6284458 xmax: -13652010 ymax: 6318637
Projected CRS: Google Maps Global Mercator

TRANSLATING MODEL '' FROM Stan CODE TO C++ CODE NOW.
OS: x86_64, linux-gnu; rstan: 2.32.7; Rcpp: 1.0.14; inline: 0.3.21 
 >> setting environment variables: 
PKG_LIBS =  '/home/melanson/R/x86_64-pc-linux-gnu-library/4.3/rstan/lib//libStanServices.a' -L'/home/melanson/R/x86_64-pc-linux-gnu-library/4.3/StanHeaders/lib/' -lStanHeaders -L'/home/melanson/R/x86_64-pc-linux-gnu-library/4.3/RcppParallel/lib/' -ltbb 
PKG_CPPFLAGS =   -I"/home/melanson/R/x86_64-pc-linux-gnu-library/4.3/Rcpp/include/"  -I"/home/melanson/R/x86_64-pc-linux-gnu-library/4.3/RcppEigen/include/"  -I"/home/melanson/R/x86_64-pc-linux-gnu-library/4.3/RcppEigen/include/unsupported"  -I"/home/melanson/R/x86_64-pc-linux-gnu-library/4.3/BH/include" -I"/home/melanson/R/x86_64-pc-linux-gnu-library/4.3/StanHeaders/include/src/"  -I"/home/melanson/R/x86_64-pc-linux-gnu-library/4.3/StanHeaders/include/"  -I"/home/melanson/R/x86_64-pc-linux-gnu-library/4.3/RcppParallel/include/"  -I"/home/melanson/R/x86_64-pc-linux-gnu-library/4.3/rstan/include" -DEIGEN_NO_DEBUG  -DBOOST_DISABLE_ASSERTS  -DBOOST_PENDING_INTEGER_LOG2_HPP  -DSTAN_THREADS  -DUSE_STANC3 -DSTRICT_R_HEADERS  -DBOOST_PHOENIX_NO_VARIADIC_EXPRESSION  -D_HAS_AUTO_PTR_ETC=0  -include '/home/melanson/R/x86_64-pc-linux-gnu-library/4.3/StanHeaders/include/stan/math/prim/fun/Eigen.hpp'  -D_REENTRANT -DRCPP_PARALLEL_USE_TBB=1 
 >> Program source :

   1 : 
   2 : // includes from the plugin
   3 : // [[Rcpp::plugins(cpp14)]]
   4 : 
   5 : 
   6 : // user includes
   7 : #include <Rcpp.h>
   8 : using namespace Rcpp;
   9 : #ifndef MODELS_HPP
  10 : #define MODELS_HPP
  11 : #define STAN__SERVICES__COMMAND_HPP
  12 : #include <rstan/rstaninc.hpp>
  13 : #ifndef USE_STANC3
  14 : #define USE_STANC3
  15 : #endif
  16 : // Code generated by stanc v2.32.2
  17 : #include <stan/model/model_header.hpp>
  18 : namespace modela5d785c273b84__namespace {
  19 : using stan::model::model_base_crtp;
  20 : using namespace stan::math;
  21 : stan::math::profile_map profiles__;
  22 : static constexpr std::array<const char*, 66> locations_array__ =
  23 :   {" (found before start of program)",
  24 :   " (in 'anon_model', line 21, column 2 to column 24)",
  25 :   " (in 'anon_model', line 22, column 2 to column 12)",
  26 :   " (in 'anon_model', line 23, column 2 to column 14)",
  27 :   " (in 'anon_model', line 24, column 2 to column 14)",
  28 :   " (in 'anon_model', line 25, column 2 to column 18)",
  29 :   " (in 'anon_model', line 26, column 2 to column 22)",
  30 :   " (in 'anon_model', line 27, column 2 to column 16)",
  31 :   " (in 'anon_model', line 29, column 2 to column 28)",
  32 :   " (in 'anon_model', line 30, column 2 to column 28)",
  33 :   " (in 'anon_model', line 33, column 2 to column 41)",
  34 :   " (in 'anon_model', line 34, column 2 to column 39)",
  35 :   " (in 'anon_model', line 37, column 2 to column 24)",
  36 :   " (in 'anon_model', line 38, column 2 to column 24)",
  37 :   " (in 'anon_model', line 40, column 4 to column 53)",
  38 :   " (in 'anon_model', line 41, column 4 to column 53)",
  39 :   " (in 'anon_model', line 39, column 17 to line 42, column 3)",
  40 :   " (in 'anon_model', line 39, column 2 to line 42, column 3)",
  41 :   " (in 'anon_model', line 46, column 2 to column 37)",
  42 :   " (in 'anon_model', line 47, column 2 to column 37)",
  43 :   " (in 'anon_model', line 48, column 2 to column 23)",
  44 :   " (in 'anon_model', line 49, column 2 to column 23)",
  45 :   " (in 'anon_model', line 50, column 2 to column 23)",
  46 :   " (in 'anon_model', line 51, column 2 to column 27)",
  47 :   " (in 'anon_model', line 52, column 2 to column 23)",
  48 :   " (in 'anon_model', line 53, column 2 to column 21)",
  49 :   " (in 'anon_model', line 57, column 4 to column 28)",
  50 :   " (in 'anon_model', line 58, column 4 to column 30)",
  51 :   " (in 'anon_model', line 61, column 11 to column 17)",
  52 :   " (in 'anon_model', line 61, column 4 to line 62, column 94)",
  53 :   " (in 'anon_model', line 63, column 11 to column 17)",
  54 :   " (in 'anon_model', line 63, column 4 to line 65, column 67)",
  55 :   " (in 'anon_model', line 66, column 11 to column 17)",
  56 :   " (in 'anon_model', line 66, column 4 to column 88)",
  57 :   " (in 'anon_model', line 69, column 4 to column 65)",
  58 :   " (in 'anon_model', line 56, column 17 to line 70, column 3)",
  59 :   " (in 'anon_model', line 56, column 2 to line 70, column 3)",
  60 :   " (in 'anon_model', line 4, column 2 to column 17)",
  61 :   " (in 'anon_model', line 5, column 2 to column 17)",
  62 :   " (in 'anon_model', line 6, column 2 to column 17)",
  63 :   " (in 'anon_model', line 7, column 2 to column 18)",
  64 :   " (in 'anon_model', line 8, column 15 to column 17)",
  65 :   " (in 'anon_model', line 8, column 2 to column 19)",
  66 :   " (in 'anon_model', line 9, column 16 to column 18)",
  67 :   " (in 'anon_model', line 9, column 2 to column 20)",
  68 :   " (in 'anon_model', line 10, column 9 to column 10)",
  69 :   " (in 'anon_model', line 10, column 2 to column 23)",
  70 :   " (in 'anon_model', line 11, column 16 to column 17)",
  71 :   " (in 'anon_model', line 11, column 2 to column 19)",
  72 :   " (in 'anon_model', line 12, column 14 to column 15)",
  73 :   " (in 'anon_model', line 12, column 2 to column 17)",
  74 :   " (in 'anon_model', line 13, column 9 to column 10)",
  75 :   " (in 'anon_model', line 13, column 2 to column 15)",
  76 :   " (in 'anon_model', line 14, column 9 to column 10)",
  77 :   " (in 'anon_model', line 14, column 2 to column 19)",
  78 :   " (in 'anon_model', line 15, column 11 to column 12)",
  79 :   " (in 'anon_model', line 15, column 2 to column 14)",
  80 :   " (in 'anon_model', line 17, column 8 to column 9)",
  81 :   " (in 'anon_model', line 17, column 2 to column 32)",
  82 :   " (in 'anon_model', line 18, column 2 to column 18)",
  83 :   " (in 'anon_model', line 27, column 9 to column 10)",
  84 :   " (in 'anon_model', line 29, column 8 to column 9)",
  85 :   " (in 'anon_model', line 30, column 8 to column 9)",
  86 :   " (in 'anon_model', line 34, column 9 to column 10)",
  87 :   " (in 'anon_model', line 37, column 8 to column 9)",
  88 :   " (in 'anon_model', line 38, column 8 to column 9)"};
  89 : class modela5d785c273b84_ final : public model_base_crtp<modela5d785c273b84_> {
  90 : private:
  91 :   int C;
  92 :   int K;
  93 :   int O;
  94 :   int CT;
  95 :   std::vector<int> CTstarts;
  96 :   std::vector<int> CTlengths;
  97 :   Eigen::Matrix<double,-1,-1> trap_pos_data__;
  98 :   std::vector<int> colony_id;
  99 :   std::vector<int> trap_id;
 100 :   Eigen::Matrix<double,-1,1> fq_data__;
 101 :   Eigen::Matrix<double,-1,1> config_data__;
 102 :   std::vector<int> yobs;
 103 :   std::vector<std::vector<double>> colonycenters;
 104 :   double deltaprior;
 105 :   Eigen::Map<Eigen::Matrix<double,-1,-1>> trap_pos{nullptr, 0, 0};
 106 :   Eigen::Map<Eigen::Matrix<double,-1,1>> fq{nullptr, 0};
 107 :   Eigen::Map<Eigen::Matrix<double,-1,1>> config{nullptr, 0};
 108 : public:
 109 :   ~modela5d785c273b84_() {}
 110 :   modela5d785c273b84_(stan::io::var_context& context__, unsigned int
 111 :                       random_seed__ = 0, std::ostream* pstream__ = nullptr)
 112 :       : model_base_crtp(0) {
 113 :     int current_statement__ = 0;
 114 :     using local_scalar_t__ = double;
 115 :     boost::ecuyer1988 base_rng__ =
 116 :       stan::services::util::create_rng(random_seed__, 0);
 117 :     // suppress unused var warning
 118 :     (void) base_rng__;
 119 :     static constexpr const char* function__ =
 120 :       "modela5d785c273b84__namespace::modela5d785c273b84_";
 121 :     // suppress unused var warning
 122 :     (void) function__;
 123 :     local_scalar_t__ DUMMY_VAR__(std::numeric_limits<double>::quiet_NaN());
 124 :     // suppress unused var warning
 125 :     (void) DUMMY_VAR__;
 126 :     try {
 127 :       int pos__ = std::numeric_limits<int>::min();
 128 :       pos__ = 1;
 129 :       current_statement__ = 37;
 130 :       context__.validate_dims("data initialization", "C", "int",
 131 :         std::vector<size_t>{});
 132 :       C = std::numeric_limits<int>::min();
 133 :       current_statement__ = 37;
 134 :       C = context__.vals_i("C")[(1 - 1)];
 135 :       current_statement__ = 37;
 136 :       stan::math::check_greater_or_equal(function__, "C", C, 0);
 137 :       current_statement__ = 38;
 138 :       context__.validate_dims("data initialization", "K", "int",
 139 :         std::vector<size_t>{});
 140 :       K = std::numeric_limits<int>::min();
 141 :       current_statement__ = 38;
 142 :       K = context__.vals_i("K")[(1 - 1)];
 143 :       current_statement__ = 38;
 144 :       stan::math::check_greater_or_equal(function__, "K", K, 0);
 145 :       current_statement__ = 39;
 146 :       context__.validate_dims("data initialization", "O", "int",
 147 :         std::vector<size_t>{});
 148 :       O = std::numeric_limits<int>::min();
 149 :       current_statement__ = 39;
 150 :       O = context__.vals_i("O")[(1 - 1)];
 151 :       current_statement__ = 39;
 152 :       stan::math::check_greater_or_equal(function__, "O", O, 0);
 153 :       current_statement__ = 40;
 154 :       context__.validate_dims("data initialization", "CT", "int",
 155 :         std::vector<size_t>{});
 156 :       CT = std::numeric_limits<int>::min();
 157 :       current_statement__ = 40;
 158 :       CT = context__.vals_i("CT")[(1 - 1)];
 159 :       current_statement__ = 40;
 160 :       stan::math::check_greater_or_equal(function__, "CT", CT, 0);
 161 :       current_statement__ = 41;
 162 :       stan::math::validate_non_negative_index("CTstarts", "CT", CT);
 163 :       current_statement__ = 42;
 164 :       context__.validate_dims("data initialization", "CTstarts", "int",
 165 :         std::vector<size_t>{static_cast<size_t>(CT)});
 166 :       CTstarts = std::vector<int>(CT, std::numeric_limits<int>::min());
 167 :       current_statement__ = 42;
 168 :       CTstarts = context__.vals_i("CTstarts");
 169 :       current_statement__ = 43;
 170 :       stan::math::validate_non_negative_index("CTlengths", "CT", CT);
 171 :       current_statement__ = 44;
 172 :       context__.validate_dims("data initialization", "CTlengths", "int",
 173 :         std::vector<size_t>{static_cast<size_t>(CT)});
 174 :       CTlengths = std::vector<int>(CT, std::numeric_limits<int>::min());
 175 :       current_statement__ = 44;
 176 :       CTlengths = context__.vals_i("CTlengths");
 177 :       current_statement__ = 45;
 178 :       stan::math::validate_non_negative_index("trap_pos", "O", O);
 179 :       current_statement__ = 46;
 180 :       context__.validate_dims("data initialization", "trap_pos", "double",
 181 :         std::vector<size_t>{static_cast<size_t>(O), static_cast<size_t>(2)});
 182 :       trap_pos_data__ = Eigen::Matrix<double,-1,-1>::Constant(O, 2,
 183 :                           std::numeric_limits<double>::quiet_NaN());
 184 :       new (&trap_pos)
 185 :         Eigen::Map<Eigen::Matrix<double,-1,-1>>(trap_pos_data__.data(), O, 2);
 186 :       {
 187 :         std::vector<local_scalar_t__> trap_pos_flat__;
 188 :         current_statement__ = 46;
 189 :         trap_pos_flat__ = context__.vals_r("trap_pos");
 190 :         current_statement__ = 46;
 191 :         pos__ = 1;
 192 :         current_statement__ = 46;
 193 :         for (int sym1__ = 1; sym1__ <= 2; ++sym1__) {
 194 :           current_statement__ = 46;
 195 :           for (int sym2__ = 1; sym2__ <= O; ++sym2__) {
 196 :             current_statement__ = 46;
 197 :             stan::model::assign(trap_pos, trap_pos_flat__[(pos__ - 1)],
 198 :               "assigning variable trap_pos", stan::model::index_uni(sym2__),
 199 :               stan::model::index_uni(sym1__));
 200 :             current_statement__ = 46;
 201 :             pos__ = (pos__ + 1);
 202 :           }
 203 :         }
 204 :       }
 205 :       current_statement__ = 47;
 206 :       stan::math::validate_non_negative_index("colony_id", "O", O);
 207 :       current_statement__ = 48;
 208 :       context__.validate_dims("data initialization", "colony_id", "int",
 209 :         std::vector<size_t>{static_cast<size_t>(O)});
 210 :       colony_id = std::vector<int>(O, std::numeric_limits<int>::min());
 211 :       current_statement__ = 48;
 212 :       colony_id = context__.vals_i("colony_id");
 213 :       current_statement__ = 49;
 214 :       stan::math::validate_non_negative_index("trap_id", "O", O);
 215 :       current_statement__ = 50;
 216 :       context__.validate_dims("data initialization", "trap_id", "int",
 217 :         std::vector<size_t>{static_cast<size_t>(O)});
 218 :       trap_id = std::vector<int>(O, std::numeric_limits<int>::min());
 219 :       current_statement__ = 50;
 220 :       trap_id = context__.vals_i("trap_id");
 221 :       current_statement__ = 51;
 222 :       stan::math::validate_non_negative_index("fq", "O", O);
 223 :       current_statement__ = 52;
 224 :       context__.validate_dims("data initialization", "fq", "double",
 225 :         std::vector<size_t>{static_cast<size_t>(O)});
 226 :       fq_data__ = Eigen::Matrix<double,-1,1>::Constant(O,
 227 :                     std::numeric_limits<double>::quiet_NaN());
 228 :       new (&fq) Eigen::Map<Eigen::Matrix<double,-1,1>>(fq_data__.data(), O);
 229 :       {
 230 :         std::vector<local_scalar_t__> fq_flat__;
 231 :         current_statement__ = 52;
 232 :         fq_flat__ = context__.vals_r("fq");
 233 :         current_statement__ = 52;
 234 :         pos__ = 1;
 235 :         current_statement__ = 52;
 236 :         for (int sym1__ = 1; sym1__ <= O; ++sym1__) {
 237 :           current_statement__ = 52;
 238 :           stan::model::assign(fq, fq_flat__[(pos__ - 1)],
 239 :             "assigning variable fq", stan::model::index_uni(sym1__));
 240 :           current_statement__ = 52;
 241 :           pos__ = (pos__ + 1);
 242 :         }
 243 :       }
 244 :       current_statement__ = 53;
 245 :       stan::math::validate_non_negative_index("config", "O", O);
 246 :       current_statement__ = 54;
 247 :       context__.validate_dims("data initialization", "config", "double",
 248 :         std::vector<size_t>{static_cast<size_t>(O)});
 249 :       config_data__ = Eigen::Matrix<double,-1,1>::Constant(O,
 250 :                         std::numeric_limits<double>::quiet_NaN());
 251 :       new (&config)
 252 :         Eigen::Map<Eigen::Matrix<double,-1,1>>(config_data__.data(), O);
 253 :       {
 254 :         std::vector<local_scalar_t__> config_flat__;
 255 :         current_statement__ = 54;
 256 :         config_flat__ = context__.vals_r("config");
 257 :         current_statement__ = 54;
 258 :         pos__ = 1;
 259 :         current_statement__ = 54;
 260 :         for (int sym1__ = 1; sym1__ <= O; ++sym1__) {
 261 :           current_statement__ = 54;
 262 :           stan::model::assign(config, config_flat__[(pos__ - 1)],
 263 :             "assigning variable config", stan::model::index_uni(sym1__));
 264 :           current_statement__ = 54;
 265 :           pos__ = (pos__ + 1);
 266 :         }
 267 :       }
 268 :       current_statement__ = 55;
 269 :       stan::math::validate_non_negative_index("yobs", "O", O);
 270 :       current_statement__ = 56;
 271 :       context__.validate_dims("data initialization", "yobs", "int",
 272 :         std::vector<size_t>{static_cast<size_t>(O)});
 273 :       yobs = std::vector<int>(O, std::numeric_limits<int>::min());
 274 :       current_statement__ = 56;
 275 :       yobs = context__.vals_i("yobs");
 276 :       current_statement__ = 57;
 277 :       stan::math::validate_non_negative_index("colonycenters", "C", C);
 278 :       current_statement__ = 58;
 279 :       context__.validate_dims("data initialization", "colonycenters",
 280 :         "double",
 281 :         std::vector<size_t>{static_cast<size_t>(C), static_cast<size_t>(2)});
 282 :       colonycenters = std::vector<std::vector<double>>(C,
 283 :                         std::vector<double>(2,
 284 :                           std::numeric_limits<double>::quiet_NaN()));
 285 :       {
 286 :         std::vector<local_scalar_t__> colonycenters_flat__;
 287 :         current_statement__ = 58;
 288 :         colonycenters_flat__ = context__.vals_r("colonycenters");
 289 :         current_statement__ = 58;
 290 :         pos__ = 1;
 291 :         current_statement__ = 58;
 292 :         for (int sym1__ = 1; sym1__ <= 2; ++sym1__) {
 293 :           current_statement__ = 58;
 294 :           for (int sym2__ = 1; sym2__ <= C; ++sym2__) {
 295 :             current_statement__ = 58;
 296 :             stan::model::assign(colonycenters, colonycenters_flat__[(pos__ -
 297 :               1)], "assigning variable colonycenters",
 298 :               stan::model::index_uni(sym2__), stan::model::index_uni(sym1__));
 299 :             current_statement__ = 58;
 300 :             pos__ = (pos__ + 1);
 301 :           }
 302 :         }
 303 :       }
 304 :       current_statement__ = 59;
 305 :       context__.validate_dims("data initialization", "deltaprior", "double",
 306 :         std::vector<size_t>{});
 307 :       deltaprior = std::numeric_limits<double>::quiet_NaN();
 308 :       current_statement__ = 59;
 309 :       deltaprior = context__.vals_r("deltaprior")[(1 - 1)];
 310 :       current_statement__ = 60;
 311 :       stan::math::validate_non_negative_index("eps", "K", K);
 312 :       current_statement__ = 61;
 313 :       stan::math::validate_non_negative_index("delta_x_raw", "C", C);
 314 :       current_statement__ = 62;
 315 :       stan::math::validate_non_negative_index("delta_y_raw", "C", C);
 316 :       current_statement__ = 63;
 317 :       stan::math::validate_non_negative_index("eps_scale", "K", K);
 318 :       current_statement__ = 64;
 319 :       stan::math::validate_non_negative_index("delta_x", "C", C);
 320 :       current_statement__ = 65;
 321 :       stan::math::validate_non_negative_index("delta_y", "C", C);
 322 :     } catch (const std::exception& e) {
 323 :       stan::lang::rethrow_located(e, locations_array__[current_statement__]);
 324 :     }
 325 :     num_params_r__ = 1 + 1 + 1 + 1 + 1 + 1 + K + C + C;
 326 :   }
 327 :   inline std::string model_name() const final {
 328 :     return "modela5d785c273b84_";
 329 :   }
 330 :   inline std::vector<std::string> model_compile_info() const noexcept {
 331 :     return std::vector<std::string>{"stanc_version = stanc3 v2.32.2",
 332 :              "stancflags = --"};
 333 :   }
 334 :   template <bool propto__, bool jacobian__, typename VecR, typename VecI,
 335 :             stan::require_vector_like_t<VecR>* = nullptr,
 336 :             stan::require_vector_like_vt<std::is_integral, VecI>* = nullptr>
 337 :   inline stan::scalar_type_t<VecR>
 338 :   log_prob_impl(VecR& params_r__, VecI& params_i__, std::ostream*
 339 :                 pstream__ = nullptr) const {
 340 :     using T__ = stan::scalar_type_t<VecR>;
 341 :     using local_scalar_t__ = T__;
 342 :     T__ lp__(0.0);
 343 :     stan::math::accumulator<T__> lp_accum__;
 344 :     stan::io::deserializer<local_scalar_t__> in__(params_r__, params_i__);
 345 :     int current_statement__ = 0;
 346 :     local_scalar_t__ DUMMY_VAR__(std::numeric_limits<double>::quiet_NaN());
 347 :     // suppress unused var warning
 348 :     (void) DUMMY_VAR__;
 349 :     static constexpr const char* function__ =
 350 :       "modela5d785c273b84__namespace::log_prob";
 351 :     // suppress unused var warning
 352 :     (void) function__;
 353 :     try {
 354 :       local_scalar_t__ rhomax = DUMMY_VAR__;
 355 :       current_statement__ = 1;
 356 :       rhomax = in__.template read_constrain_lb<local_scalar_t__,
 357 :                  jacobian__>(0, lp__);
 358 :       local_scalar_t__ rho0 = DUMMY_VAR__;
 359 :       current_statement__ = 2;
 360 :       rho0 = in__.template read<local_scalar_t__>();
 361 :       local_scalar_t__ rho_fq = DUMMY_VAR__;
 362 :       current_statement__ = 3;
 363 :       rho_fq = in__.template read<local_scalar_t__>();
 364 :       local_scalar_t__ rho_mp = DUMMY_VAR__;
 365 :       current_statement__ = 4;
 366 :       rho_mp = in__.template read<local_scalar_t__>();
 367 :       local_scalar_t__ rho_config = DUMMY_VAR__;
 368 :       current_statement__ = 5;
 369 :       rho_config = in__.template read<local_scalar_t__>();
 370 :       local_scalar_t__ sigma = DUMMY_VAR__;
 371 :       current_statement__ = 6;
 372 :       sigma = in__.template read_constrain_lb<local_scalar_t__,
 373 :                 jacobian__>(0, lp__);
 374 :       Eigen::Matrix<local_scalar_t__,-1,1> eps =
 375 :         Eigen::Matrix<local_scalar_t__,-1,1>::Constant(K, DUMMY_VAR__);
 376 :       current_statement__ = 7;
 377 :       eps = in__.template read<Eigen::Matrix<local_scalar_t__,-1,1>>(K);
 378 :       std::vector<local_scalar_t__> delta_x_raw =
 379 :         std::vector<local_scalar_t__>(C, DUMMY_VAR__);
 380 :       current_statement__ = 8;
 381 :       delta_x_raw = in__.template read<std::vector<local_scalar_t__>>(C);
 382 :       std::vector<local_scalar_t__> delta_y_raw =
 383 :         std::vector<local_scalar_t__>(C, DUMMY_VAR__);
 384 :       current_statement__ = 9;
 385 :       delta_y_raw = in__.template read<std::vector<local_scalar_t__>>(C);
 386 :       local_scalar_t__ sigma_sqrt = DUMMY_VAR__;
 387 :       current_statement__ = 10;
 388 :       sigma_sqrt = stan::math::sqrt(sigma);
 389 :       Eigen::Matrix<local_scalar_t__,-1,1> eps_scale =
 390 :         Eigen::Matrix<local_scalar_t__,-1,1>::Constant(K, DUMMY_VAR__);
 391 :       current_statement__ = 11;
 392 :       stan::model::assign(eps_scale, stan::math::multiply(eps, sigma_sqrt),
 393 :         "assigning variable eps_scale");
 394 :       std::vector<local_scalar_t__> delta_x =
 395 :         std::vector<local_scalar_t__>(C, DUMMY_VAR__);
 396 :       std::vector<local_scalar_t__> delta_y =
 397 :         std::vector<local_scalar_t__>(C, DUMMY_VAR__);
 398 :       current_statement__ = 17;
 399 :       for (int c = 1; c <= C; ++c) {
 400 :         current_statement__ = 14;
 401 :         stan::model::assign(delta_x,
 402 :           (stan::model::rvalue(colonycenters, "colonycenters",
 403 :              stan::model::index_uni(c), stan::model::index_uni(1)) +
 404 :           stan::model::rvalue(delta_x_raw, "delta_x_raw",
 405 :             stan::model::index_uni(c))), "assigning variable delta_x",
 406 :           stan::model::index_uni(c));
 407 :         current_statement__ = 15;
 408 :         stan::model::assign(delta_y,
 409 :           (stan::model::rvalue(colonycenters, "colonycenters",
 410 :              stan::model::index_uni(c), stan::model::index_uni(2)) +
 411 :           stan::model::rvalue(delta_y_raw, "delta_y_raw",
 412 :             stan::model::index_uni(c))), "assigning variable delta_y",
 413 :           stan::model::index_uni(c));
 414 :       }
 415 :       current_statement__ = 10;
 416 :       stan::math::check_greater_or_equal(function__, "sigma_sqrt",
 417 :         sigma_sqrt, 0);
 418 :       {
 419 :         current_statement__ = 18;
 420 :         lp_accum__.add(stan::math::normal_lpdf<propto__>(delta_x_raw, 0,
 421 :                          deltaprior));
 422 :         current_statement__ = 19;
 423 :         lp_accum__.add(stan::math::normal_lpdf<propto__>(delta_y_raw, 0,
 424 :                          deltaprior));
 425 :         current_statement__ = 20;
 426 :         lp_accum__.add(stan::math::normal_lpdf<propto__>(rhomax, 0, 1));
 427 :         current_statement__ = 21;
 428 :         lp_accum__.add(stan::math::normal_lpdf<propto__>(rho0, 0, 0.1));
 429 :         current_statement__ = 22;
 430 :         lp_accum__.add(stan::math::normal_lpdf<propto__>(rho_fq, 0, 1));
 431 :         current_statement__ = 23;
 432 :         lp_accum__.add(stan::math::normal_lpdf<propto__>(rho_config, 0, 1));
 433 :         current_statement__ = 24;
 434 :         lp_accum__.add(stan::math::normal_lpdf<propto__>(sigma, 0, 1));
 435 :         current_statement__ = 25;
 436 :         lp_accum__.add(stan::math::normal_lpdf<propto__>(eps, 0, 1));
 437 :         current_statement__ = 36;
 438 :         for (int n = 1; n <= CT; ++n) {
 439 :           int start = std::numeric_limits<int>::min();
 440 :           current_statement__ = 26;
 441 :           start = stan::model::rvalue(CTstarts, "CTstarts",
 442 :                     stan::model::index_uni(n));
 443 :           int length = std::numeric_limits<int>::min();
 444 :           current_statement__ = 27;
 445 :           length = stan::model::rvalue(CTlengths, "CTlengths",
 446 :                      stan::model::index_uni(n));
 447 :           current_statement__ = 28;
 448 :           stan::math::validate_non_negative_index("dis", "length", length);
 449 :           Eigen::Matrix<local_scalar_t__,-1,1> dis =
 450 :             Eigen::Matrix<local_scalar_t__,-1,1>::Constant(length,
 451 :               DUMMY_VAR__);
 452 :           current_statement__ = 29;
 453 :           stan::model::assign(dis,
 454 :             stan::math::sqrt(
 455 :               stan::math::add(
 456 :                 stan::math::square(
 457 :                   stan::math::subtract(
 458 :                     stan::model::rvalue(delta_x, "delta_x",
 459 :                       stan::model::index_uni(
 460 :                         stan::model::rvalue(colony_id, "colony_id",
 461 :                           stan::model::index_uni(start)))),
 462 :                     stan::model::rvalue(trap_pos, "trap_pos",
 463 :                       stan::model::index_min_max(start, ((start + length) -
 464 :                         1)), stan::model::index_uni(1)))),
 465 :                 stan::math::square(
 466 :                   stan::math::subtract(
 467 :                     stan::model::rvalue(delta_y, "delta_y",
 468 :                       stan::model::index_uni(
 469 :                         stan::model::rvalue(colony_id, "colony_id",
 470 :                           stan::model::index_uni(start)))),
 471 :                     stan::model::rvalue(trap_pos, "trap_pos",
 472 :                       stan::model::index_min_max(start, ((start + length) -
 473 :                         1)), stan::model::index_uni(2)))))),
 474 :             "assigning variable dis");
 475 :           current_statement__ = 30;
 476 :           stan::math::validate_non_negative_index("rho", "length", length);
 477 :           Eigen::Matrix<local_scalar_t__,-1,1> rho =
 478 :             Eigen::Matrix<local_scalar_t__,-1,1>::Constant(length,
 479 :               DUMMY_VAR__);
 480 :           current_statement__ = 31;
 481 :           stan::model::assign(rho,
 482 :             stan::math::multiply(rhomax,
 483 :               stan::math::inv_logit(
 484 :                 stan::math::add(
 485 :                   stan::math::add(rho0,
 486 :                     stan::math::multiply(rho_fq,
 487 :                       stan::model::rvalue(fq, "fq",
 488 :                         stan::model::index_min_max(start, ((start + length) -
 489 :                           1))))),
 490 :                   stan::math::multiply(rho_config,
 491 :                     stan::model::rvalue(config, "config",
 492 :                       stan::model::index_min_max(start, ((start + length) -
 493 :                         1))))))), "assigning variable rho");
 494 :           current_statement__ = 32;
 495 :           stan::math::validate_non_negative_index("lambda_it", "length",
 496 :             length);
 497 :           Eigen::Matrix<local_scalar_t__,-1,1> lambda_it =
 498 :             Eigen::Matrix<local_scalar_t__,-1,1>::Constant(length,
 499 :               DUMMY_VAR__);
 500 :           current_statement__ = 33;
 501 :           stan::model::assign(lambda_it,
 502 :             stan::math::add(
 503 :               stan::math::elt_divide(stan::math::minus(dis), rho),
 504 :               stan::model::rvalue(eps_scale, "eps_scale",
 505 :                 stan::model::index_multi(
 506 :                   stan::model::rvalue(trap_id, "trap_id",
 507 :                     stan::model::index_min_max(start, ((start + length) - 1)))))),
 508 :             "assigning variable lambda_it");
 509 :           current_statement__ = 34;
 510 :           lp_accum__.add(stan::math::multinomial_lpmf<propto__>(
 511 :                            stan::model::rvalue(yobs, "yobs",
 512 :                              stan::model::index_min_max(start, ((start +
 513 :                                length) - 1))), stan::math::softmax(lambda_it)));
 514 :         }
 515 :       }
 516 :     } catch (const std::exception& e) {
 517 :       stan::lang::rethrow_located(e, locations_array__[current_statement__]);
 518 :     }
 519 :     lp_accum__.add(lp__);
 520 :     return lp_accum__.sum();
 521 :   }
 522 :   template <typename RNG, typename VecR, typename VecI, typename VecVar,
 523 :             stan::require_vector_like_vt<std::is_floating_point,
 524 :             VecR>* = nullptr, stan::require_vector_like_vt<std::is_integral,
 525 :             VecI>* = nullptr, stan::require_vector_vt<std::is_floating_point,
 526 :             VecVar>* = nullptr>
 527 :   inline void
 528 :   write_array_impl(RNG& base_rng__, VecR& params_r__, VecI& params_i__,
 529 :                    VecVar& vars__, const bool
 530 :                    emit_transformed_parameters__ = true, const bool
 531 :                    emit_generated_quantities__ = true, std::ostream*
 532 :                    pstream__ = nullptr) const {
 533 :     using local_scalar_t__ = double;
 534 :     stan::io::deserializer<local_scalar_t__> in__(params_r__, params_i__);
 535 :     stan::io::serializer<local_scalar_t__> out__(vars__);
 536 :     static constexpr bool propto__ = true;
 537 :     // suppress unused var warning
 538 :     (void) propto__;
 539 :     double lp__ = 0.0;
 540 :     // suppress unused var warning
 541 :     (void) lp__;
 542 :     int current_statement__ = 0;
 543 :     stan::math::accumulator<double> lp_accum__;
 544 :     local_scalar_t__ DUMMY_VAR__(std::numeric_limits<double>::quiet_NaN());
 545 :     // suppress unused var warning
 546 :     (void) DUMMY_VAR__;
 547 :     constexpr bool jacobian__ = false;
 548 :     static constexpr const char* function__ =
 549 :       "modela5d785c273b84__namespace::write_array";
 550 :     // suppress unused var warning
 551 :     (void) function__;
 552 :     try {
 553 :       double rhomax = std::numeric_limits<double>::quiet_NaN();
 554 :       current_statement__ = 1;
 555 :       rhomax = in__.template read_constrain_lb<local_scalar_t__,
 556 :                  jacobian__>(0, lp__);
 557 :       double rho0 = std::numeric_limits<double>::quiet_NaN();
 558 :       current_statement__ = 2;
 559 :       rho0 = in__.template read<local_scalar_t__>();
 560 :       double rho_fq = std::numeric_limits<double>::quiet_NaN();
 561 :       current_statement__ = 3;
 562 :       rho_fq = in__.template read<local_scalar_t__>();
 563 :       double rho_mp = std::numeric_limits<double>::quiet_NaN();
 564 :       current_statement__ = 4;
 565 :       rho_mp = in__.template read<local_scalar_t__>();
 566 :       double rho_config = std::numeric_limits<double>::quiet_NaN();
 567 :       current_statement__ = 5;
 568 :       rho_config = in__.template read<local_scalar_t__>();
 569 :       double sigma = std::numeric_limits<double>::quiet_NaN();
 570 :       current_statement__ = 6;
 571 :       sigma = in__.template read_constrain_lb<local_scalar_t__,
 572 :                 jacobian__>(0, lp__);
 573 :       Eigen::Matrix<double,-1,1> eps =
 574 :         Eigen::Matrix<double,-1,1>::Constant(K,
 575 :           std::numeric_limits<double>::quiet_NaN());
 576 :       current_statement__ = 7;
 577 :       eps = in__.template read<Eigen::Matrix<local_scalar_t__,-1,1>>(K);
 578 :       std::vector<double> delta_x_raw =
 579 :         std::vector<double>(C, std::numeric_limits<double>::quiet_NaN());
 580 :       current_statement__ = 8;
 581 :       delta_x_raw = in__.template read<std::vector<local_scalar_t__>>(C);
 582 :       std::vector<double> delta_y_raw =
 583 :         std::vector<double>(C, std::numeric_limits<double>::quiet_NaN());
 584 :       current_statement__ = 9;
 585 :       delta_y_raw = in__.template read<std::vector<local_scalar_t__>>(C);
 586 :       double sigma_sqrt = std::numeric_limits<double>::quiet_NaN();
 587 :       Eigen::Matrix<double,-1,1> eps_scale =
 588 :         Eigen::Matrix<double,-1,1>::Constant(K,
 589 :           std::numeric_limits<double>::quiet_NaN());
 590 :       std::vector<double> delta_x =
 591 :         std::vector<double>(C, std::numeric_limits<double>::quiet_NaN());
 592 :       std::vector<double> delta_y =
 593 :         std::vector<double>(C, std::numeric_limits<double>::quiet_NaN());
 594 :       out__.write(rhomax);
 595 :       out__.write(rho0);
 596 :       out__.write(rho_fq);
 597 :       out__.write(rho_mp);
 598 :       out__.write(rho_config);
 599 :       out__.write(sigma);
 600 :       out__.write(eps);
 601 :       out__.write(delta_x_raw);
 602 :       out__.write(delta_y_raw);
 603 :       if (stan::math::logical_negation(
 604 :             (stan::math::primitive_value(emit_transformed_parameters__) ||
 605 :             stan::math::primitive_value(emit_generated_quantities__)))) {
 606 :         return ;
 607 :       }
 608 :       current_statement__ = 10;
 609 :       sigma_sqrt = stan::math::sqrt(sigma);
 610 :       current_statement__ = 11;
 611 :       stan::model::assign(eps_scale, stan::math::multiply(eps, sigma_sqrt),
 612 :         "assigning variable eps_scale");
 613 :       current_statement__ = 17;
 614 :       for (int c = 1; c <= C; ++c) {
 615 :         current_statement__ = 14;
 616 :         stan::model::assign(delta_x,
 617 :           (stan::model::rvalue(colonycenters, "colonycenters",
 618 :              stan::model::index_uni(c), stan::model::index_uni(1)) +
 619 :           stan::model::rvalue(delta_x_raw, "delta_x_raw",
 620 :             stan::model::index_uni(c))), "assigning variable delta_x",
 621 :           stan::model::index_uni(c));
 622 :         current_statement__ = 15;
 623 :         stan::model::assign(delta_y,
 624 :           (stan::model::rvalue(colonycenters, "colonycenters",
 625 :              stan::model::index_uni(c), stan::model::index_uni(2)) +
 626 :           stan::model::rvalue(delta_y_raw, "delta_y_raw",
 627 :             stan::model::index_uni(c))), "assigning variable delta_y",
 628 :           stan::model::index_uni(c));
 629 :       }
 630 :       current_statement__ = 10;
 631 :       stan::math::check_greater_or_equal(function__, "sigma_sqrt",
 632 :         sigma_sqrt, 0);
 633 :       if (emit_transformed_parameters__) {
 634 :         out__.write(sigma_sqrt);
 635 :         out__.write(eps_scale);
 636 :         out__.write(delta_x);
 637 :         out__.write(delta_y);
 638 :       }
 639 :       if (stan::math::logical_negation(emit_generated_quantities__)) {
 640 :         return ;
 641 :       }
 642 :     } catch (const std::exception& e) {
 643 :       stan::lang::rethrow_located(e, locations_array__[current_statement__]);
 644 :     }
 645 :   }
 646 :   template <typename VecVar, typename VecI,
 647 :             stan::require_vector_t<VecVar>* = nullptr,
 648 :             stan::require_vector_like_vt<std::is_integral, VecI>* = nullptr>
 649 :   inline void
 650 :   unconstrain_array_impl(const VecVar& params_r__, const VecI& params_i__,
 651 :                          VecVar& vars__, std::ostream* pstream__ = nullptr) const {
 652 :     using local_scalar_t__ = double;
 653 :     stan::io::deserializer<local_scalar_t__> in__(params_r__, params_i__);
 654 :     stan::io::serializer<local_scalar_t__> out__(vars__);
 655 :     int current_statement__ = 0;
 656 :     local_scalar_t__ DUMMY_VAR__(std::numeric_limits<double>::quiet_NaN());
 657 :     // suppress unused var warning
 658 :     (void) DUMMY_VAR__;
 659 :     try {
 660 :       int pos__ = std::numeric_limits<int>::min();
 661 :       pos__ = 1;
 662 :       local_scalar_t__ rhomax = DUMMY_VAR__;
 663 :       current_statement__ = 1;
 664 :       rhomax = in__.read<local_scalar_t__>();
 665 :       out__.write_free_lb(0, rhomax);
 666 :       local_scalar_t__ rho0 = DUMMY_VAR__;
 667 :       current_statement__ = 2;
 668 :       rho0 = in__.read<local_scalar_t__>();
 669 :       out__.write(rho0);
 670 :       local_scalar_t__ rho_fq = DUMMY_VAR__;
 671 :       current_statement__ = 3;
 672 :       rho_fq = in__.read<local_scalar_t__>();
 673 :       out__.write(rho_fq);
 674 :       local_scalar_t__ rho_mp = DUMMY_VAR__;
 675 :       current_statement__ = 4;
 676 :       rho_mp = in__.read<local_scalar_t__>();
 677 :       out__.write(rho_mp);
 678 :       local_scalar_t__ rho_config = DUMMY_VAR__;
 679 :       current_statement__ = 5;
 680 :       rho_config = in__.read<local_scalar_t__>();
 681 :       out__.write(rho_config);
 682 :       local_scalar_t__ sigma = DUMMY_VAR__;
 683 :       current_statement__ = 6;
 684 :       sigma = in__.read<local_scalar_t__>();
 685 :       out__.write_free_lb(0, sigma);
 686 :       Eigen::Matrix<local_scalar_t__,-1,1> eps =
 687 :         Eigen::Matrix<local_scalar_t__,-1,1>::Constant(K, DUMMY_VAR__);
 688 :       current_statement__ = 7;
 689 :       stan::model::assign(eps,
 690 :         in__.read<Eigen::Matrix<local_scalar_t__,-1,1>>(K),
 691 :         "assigning variable eps");
 692 :       out__.write(eps);
 693 :       std::vector<local_scalar_t__> delta_x_raw =
 694 :         std::vector<local_scalar_t__>(C, DUMMY_VAR__);
 695 :       current_statement__ = 8;
 696 :       stan::model::assign(delta_x_raw,
 697 :         in__.read<std::vector<local_scalar_t__>>(C),
 698 :         "assigning variable delta_x_raw");
 699 :       out__.write(delta_x_raw);
 700 :       std::vector<local_scalar_t__> delta_y_raw =
 701 :         std::vector<local_scalar_t__>(C, DUMMY_VAR__);
 702 :       current_statement__ = 9;
 703 :       stan::model::assign(delta_y_raw,
 704 :         in__.read<std::vector<local_scalar_t__>>(C),
 705 :         "assigning variable delta_y_raw");
 706 :       out__.write(delta_y_raw);
 707 :     } catch (const std::exception& e) {
 708 :       stan::lang::rethrow_located(e, locations_array__[current_statement__]);
 709 :     }
 710 :   }
 711 :   template <typename VecVar, stan::require_vector_t<VecVar>* = nullptr>
 712 :   inline void
 713 :   transform_inits_impl(const stan::io::var_context& context__, VecVar&
 714 :                        vars__, std::ostream* pstream__ = nullptr) const {
 715 :     using local_scalar_t__ = double;
 716 :     stan::io::serializer<local_scalar_t__> out__(vars__);
 717 :     int current_statement__ = 0;
 718 :     local_scalar_t__ DUMMY_VAR__(std::numeric_limits<double>::quiet_NaN());
 719 :     // suppress unused var warning
 720 :     (void) DUMMY_VAR__;
 721 :     try {
 722 :       current_statement__ = 1;
 723 :       context__.validate_dims("parameter initialization", "rhomax", "double",
 724 :         std::vector<size_t>{});
 725 :       current_statement__ = 2;
 726 :       context__.validate_dims("parameter initialization", "rho0", "double",
 727 :         std::vector<size_t>{});
 728 :       current_statement__ = 3;
 729 :       context__.validate_dims("parameter initialization", "rho_fq", "double",
 730 :         std::vector<size_t>{});
 731 :       current_statement__ = 4;
 732 :       context__.validate_dims("parameter initialization", "rho_mp", "double",
 733 :         std::vector<size_t>{});
 734 :       current_statement__ = 5;
 735 :       context__.validate_dims("parameter initialization", "rho_config",
 736 :         "double", std::vector<size_t>{});
 737 :       current_statement__ = 6;
 738 :       context__.validate_dims("parameter initialization", "sigma", "double",
 739 :         std::vector<size_t>{});
 740 :       current_statement__ = 7;
 741 :       context__.validate_dims("parameter initialization", "eps", "double",
 742 :         std::vector<size_t>{static_cast<size_t>(K)});
 743 :       current_statement__ = 8;
 744 :       context__.validate_dims("parameter initialization", "delta_x_raw",
 745 :         "double", std::vector<size_t>{static_cast<size_t>(C)});
 746 :       current_statement__ = 9;
 747 :       context__.validate_dims("parameter initialization", "delta_y_raw",
 748 :         "double", std::vector<size_t>{static_cast<size_t>(C)});
 749 :       int pos__ = std::numeric_limits<int>::min();
 750 :       pos__ = 1;
 751 :       local_scalar_t__ rhomax = DUMMY_VAR__;
 752 :       current_statement__ = 1;
 753 :       rhomax = context__.vals_r("rhomax")[(1 - 1)];
 754 :       out__.write_free_lb(0, rhomax);
 755 :       local_scalar_t__ rho0 = DUMMY_VAR__;
 756 :       current_statement__ = 2;
 757 :       rho0 = context__.vals_r("rho0")[(1 - 1)];
 758 :       out__.write(rho0);
 759 :       local_scalar_t__ rho_fq = DUMMY_VAR__;
 760 :       current_statement__ = 3;
 761 :       rho_fq = context__.vals_r("rho_fq")[(1 - 1)];
 762 :       out__.write(rho_fq);
 763 :       local_scalar_t__ rho_mp = DUMMY_VAR__;
 764 :       current_statement__ = 4;
 765 :       rho_mp = context__.vals_r("rho_mp")[(1 - 1)];
 766 :       out__.write(rho_mp);
 767 :       local_scalar_t__ rho_config = DUMMY_VAR__;
 768 :       current_statement__ = 5;
 769 :       rho_config = context__.vals_r("rho_config")[(1 - 1)];
 770 :       out__.write(rho_config);
 771 :       local_scalar_t__ sigma = DUMMY_VAR__;
 772 :       current_statement__ = 6;
 773 :       sigma = context__.vals_r("sigma")[(1 - 1)];
 774 :       out__.write_free_lb(0, sigma);
 775 :       Eigen::Matrix<local_scalar_t__,-1,1> eps =
 776 :         Eigen::Matrix<local_scalar_t__,-1,1>::Constant(K, DUMMY_VAR__);
 777 :       {
 778 :         std::vector<local_scalar_t__> eps_flat__;
 779 :         current_statement__ = 7;
 780 :         eps_flat__ = context__.vals_r("eps");
 781 :         current_statement__ = 7;
 782 :         pos__ = 1;
 783 :         current_statement__ = 7;
 784 :         for (int sym1__ = 1; sym1__ <= K; ++sym1__) {
 785 :           current_statement__ = 7;
 786 :           stan::model::assign(eps, eps_flat__[(pos__ - 1)],
 787 :             "assigning variable eps", stan::model::index_uni(sym1__));
 788 :           current_statement__ = 7;
 789 :           pos__ = (pos__ + 1);
 790 :         }
 791 :       }
 792 :       out__.write(eps);
 793 :       std::vector<local_scalar_t__> delta_x_raw =
 794 :         std::vector<local_scalar_t__>(C, DUMMY_VAR__);
 795 :       current_statement__ = 8;
 796 :       delta_x_raw = context__.vals_r("delta_x_raw");
 797 :       out__.write(delta_x_raw);
 798 :       std::vector<local_scalar_t__> delta_y_raw =
 799 :         std::vector<local_scalar_t__>(C, DUMMY_VAR__);
 800 :       current_statement__ = 9;
 801 :       delta_y_raw = context__.vals_r("delta_y_raw");
 802 :       out__.write(delta_y_raw);
 803 :     } catch (const std::exception& e) {
 804 :       stan::lang::rethrow_located(e, locations_array__[current_statement__]);
 805 :     }
 806 :   }
 807 :   inline void
 808 :   get_param_names(std::vector<std::string>& names__, const bool
 809 :                   emit_transformed_parameters__ = true, const bool
 810 :                   emit_generated_quantities__ = true) const {
 811 :     names__ = std::vector<std::string>{"rhomax", "rho0", "rho_fq", "rho_mp",
 812 :                 "rho_config", "sigma", "eps", "delta_x_raw", "delta_y_raw"};
 813 :     if (emit_transformed_parameters__) {
 814 :       std::vector<std::string>
 815 :         temp{"sigma_sqrt", "eps_scale", "delta_x", "delta_y"};
 816 :       names__.reserve(names__.size() + temp.size());
 817 :       names__.insert(names__.end(), temp.begin(), temp.end());
 818 :     }
 819 :     if (emit_generated_quantities__) {}
 820 :   }
 821 :   inline void
 822 :   get_dims(std::vector<std::vector<size_t>>& dimss__, const bool
 823 :            emit_transformed_parameters__ = true, const bool
 824 :            emit_generated_quantities__ = true) const {
 825 :     dimss__ = std::vector<std::vector<size_t>>{std::vector<size_t>{},
 826 :                 std::vector<size_t>{}, std::vector<size_t>{},
 827 :                 std::vector<size_t>{}, std::vector<size_t>{},
 828 :                 std::vector<size_t>{},
 829 :                 std::vector<size_t>{static_cast<size_t>(K)},
 830 :                 std::vector<size_t>{static_cast<size_t>(C)},
 831 :                 std::vector<size_t>{static_cast<size_t>(C)}};
 832 :     if (emit_transformed_parameters__) {
 833 :       std::vector<std::vector<size_t>>
 834 :         temp{std::vector<size_t>{},
 835 :              std::vector<size_t>{static_cast<size_t>(K)},
 836 :              std::vector<size_t>{static_cast<size_t>(C)},
 837 :              std::vector<size_t>{static_cast<size_t>(C)}};
 838 :       dimss__.reserve(dimss__.size() + temp.size());
 839 :       dimss__.insert(dimss__.end(), temp.begin(), temp.end());
 840 :     }
 841 :     if (emit_generated_quantities__) {}
 842 :   }
 843 :   inline void
 844 :   constrained_param_names(std::vector<std::string>& param_names__, bool
 845 :                           emit_transformed_parameters__ = true, bool
 846 :                           emit_generated_quantities__ = true) const final {
 847 :     param_names__.emplace_back(std::string() + "rhomax");
 848 :     param_names__.emplace_back(std::string() + "rho0");
 849 :     param_names__.emplace_back(std::string() + "rho_fq");
 850 :     param_names__.emplace_back(std::string() + "rho_mp");
 851 :     param_names__.emplace_back(std::string() + "rho_config");
 852 :     param_names__.emplace_back(std::string() + "sigma");
 853 :     for (int sym1__ = 1; sym1__ <= K; ++sym1__) {
 854 :       param_names__.emplace_back(std::string() + "eps" + '.' +
 855 :         std::to_string(sym1__));
 856 :     }
 857 :     for (int sym1__ = 1; sym1__ <= C; ++sym1__) {
 858 :       param_names__.emplace_back(std::string() + "delta_x_raw" + '.' +
 859 :         std::to_string(sym1__));
 860 :     }
 861 :     for (int sym1__ = 1; sym1__ <= C; ++sym1__) {
 862 :       param_names__.emplace_back(std::string() + "delta_y_raw" + '.' +
 863 :         std::to_string(sym1__));
 864 :     }
 865 :     if (emit_transformed_parameters__) {
 866 :       param_names__.emplace_back(std::string() + "sigma_sqrt");
 867 :       for (int sym1__ = 1; sym1__ <= K; ++sym1__) {
 868 :         param_names__.emplace_back(std::string() + "eps_scale" + '.' +
 869 :           std::to_string(sym1__));
 870 :       }
 871 :       for (int sym1__ = 1; sym1__ <= C; ++sym1__) {
 872 :         param_names__.emplace_back(std::string() + "delta_x" + '.' +
 873 :           std::to_string(sym1__));
 874 :       }
 875 :       for (int sym1__ = 1; sym1__ <= C; ++sym1__) {
 876 :         param_names__.emplace_back(std::string() + "delta_y" + '.' +
 877 :           std::to_string(sym1__));
 878 :       }
 879 :     }
 880 :     if (emit_generated_quantities__) {}
 881 :   }
 882 :   inline void
 883 :   unconstrained_param_names(std::vector<std::string>& param_names__, bool
 884 :                             emit_transformed_parameters__ = true, bool
 885 :                             emit_generated_quantities__ = true) const final {
 886 :     param_names__.emplace_back(std::string() + "rhomax");
 887 :     param_names__.emplace_back(std::string() + "rho0");
 888 :     param_names__.emplace_back(std::string() + "rho_fq");
 889 :     param_names__.emplace_back(std::string() + "rho_mp");
 890 :     param_names__.emplace_back(std::string() + "rho_config");
 891 :     param_names__.emplace_back(std::string() + "sigma");
 892 :     for (int sym1__ = 1; sym1__ <= K; ++sym1__) {
 893 :       param_names__.emplace_back(std::string() + "eps" + '.' +
 894 :         std::to_string(sym1__));
 895 :     }
 896 :     for (int sym1__ = 1; sym1__ <= C; ++sym1__) {
 897 :       param_names__.emplace_back(std::string() + "delta_x_raw" + '.' +
 898 :         std::to_string(sym1__));
 899 :     }
 900 :     for (int sym1__ = 1; sym1__ <= C; ++sym1__) {
 901 :       param_names__.emplace_back(std::string() + "delta_y_raw" + '.' +
 902 :         std::to_string(sym1__));
 903 :     }
 904 :     if (emit_transformed_parameters__) {
 905 :       param_names__.emplace_back(std::string() + "sigma_sqrt");
 906 :       for (int sym1__ = 1; sym1__ <= K; ++sym1__) {
 907 :         param_names__.emplace_back(std::string() + "eps_scale" + '.' +
 908 :           std::to_string(sym1__));
 909 :       }
 910 :       for (int sym1__ = 1; sym1__ <= C; ++sym1__) {
 911 :         param_names__.emplace_back(std::string() + "delta_x" + '.' +
 912 :           std::to_string(sym1__));
 913 :       }
 914 :       for (int sym1__ = 1; sym1__ <= C; ++sym1__) {
 915 :         param_names__.emplace_back(std::string() + "delta_y" + '.' +
 916 :           std::to_string(sym1__));
 917 :       }
 918 :     }
 919 :     if (emit_generated_quantities__) {}
 920 :   }
 921 :   inline std::string get_constrained_sizedtypes() const {
 922 :     return std::string("[{\"name\":\"rhomax\",\"type\":{\"name\":\"real\"},\"block\":\"parameters\"},{\"name\":\"rho0\",\"type\":{\"name\":\"real\"},\"block\":\"parameters\"},{\"name\":\"rho_fq\",\"type\":{\"name\":\"real\"},\"block\":\"parameters\"},{\"name\":\"rho_mp\",\"type\":{\"name\":\"real\"},\"block\":\"parameters\"},{\"name\":\"rho_config\",\"type\":{\"name\":\"real\"},\"block\":\"parameters\"},{\"name\":\"sigma\",\"type\":{\"name\":\"real\"},\"block\":\"parameters\"},{\"name\":\"eps\",\"type\":{\"name\":\"vector\",\"length\":" + std::to_string(K) + "},\"block\":\"parameters\"},{\"name\":\"delta_x_raw\",\"type\":{\"name\":\"array\",\"length\":" + std::to_string(C) + ",\"element_type\":{\"name\":\"real\"}},\"block\":\"parameters\"},{\"name\":\"delta_y_raw\",\"type\":{\"name\":\"array\",\"length\":" + std::to_string(C) + ",\"element_type\":{\"name\":\"real\"}},\"block\":\"parameters\"},{\"name\":\"sigma_sqrt\",\"type\":{\"name\":\"real\"},\"block\":\"transformed_parameters\"},{\"name\":\"eps_scale\",\"type\":{\"name\":\"vector\",\"length\":" + std::to_string(K) + "},\"block\":\"transformed_parameters\"},{\"name\":\"delta_x\",\"type\":{\"name\":\"array\",\"length\":" + std::to_string(C) + ",\"element_type\":{\"name\":\"real\"}},\"block\":\"transformed_parameters\"},{\"name\":\"delta_y\",\"type\":{\"name\":\"array\",\"length\":" + std::to_string(C) + ",\"element_type\":{\"name\":\"real\"}},\"block\":\"transformed_parameters\"}]");
 923 :   }
 924 :   inline std::string get_unconstrained_sizedtypes() const {
 925 :     return std::string("[{\"name\":\"rhomax\",\"type\":{\"name\":\"real\"},\"block\":\"parameters\"},{\"name\":\"rho0\",\"type\":{\"name\":\"real\"},\"block\":\"parameters\"},{\"name\":\"rho_fq\",\"type\":{\"name\":\"real\"},\"block\":\"parameters\"},{\"name\":\"rho_mp\",\"type\":{\"name\":\"real\"},\"block\":\"parameters\"},{\"name\":\"rho_config\",\"type\":{\"name\":\"real\"},\"block\":\"parameters\"},{\"name\":\"sigma\",\"type\":{\"name\":\"real\"},\"block\":\"parameters\"},{\"name\":\"eps\",\"type\":{\"name\":\"vector\",\"length\":" + std::to_string(K) + "},\"block\":\"parameters\"},{\"name\":\"delta_x_raw\",\"type\":{\"name\":\"array\",\"length\":" + std::to_string(C) + ",\"element_type\":{\"name\":\"real\"}},\"block\":\"parameters\"},{\"name\":\"delta_y_raw\",\"type\":{\"name\":\"array\",\"length\":" + std::to_string(C) + ",\"element_type\":{\"name\":\"real\"}},\"block\":\"parameters\"},{\"name\":\"sigma_sqrt\",\"type\":{\"name\":\"real\"},\"block\":\"transformed_parameters\"},{\"name\":\"eps_scale\",\"type\":{\"name\":\"vector\",\"length\":" + std::to_string(K) + "},\"block\":\"transformed_parameters\"},{\"name\":\"delta_x\",\"type\":{\"name\":\"array\",\"length\":" + std::to_string(C) + ",\"element_type\":{\"name\":\"real\"}},\"block\":\"transformed_parameters\"},{\"name\":\"delta_y\",\"type\":{\"name\":\"array\",\"length\":" + std::to_string(C) + ",\"element_type\":{\"name\":\"real\"}},\"block\":\"transformed_parameters\"}]");
 926 :   }
 927 :   // Begin method overload boilerplate
 928 :   template <typename RNG> inline void
 929 :   write_array(RNG& base_rng, Eigen::Matrix<double,-1,1>& params_r,
 930 :               Eigen::Matrix<double,-1,1>& vars, const bool
 931 :               emit_transformed_parameters = true, const bool
 932 :               emit_generated_quantities = true, std::ostream*
 933 :               pstream = nullptr) const {
 934 :     const size_t num_params__ = ((((((((1 + 1) + 1) + 1) + 1) + 1) + K) + C)
 935 :       + C);
 936 :     const size_t num_transformed = emit_transformed_parameters * ((((1 + K) +
 937 :       C) + C));
 938 :     const size_t num_gen_quantities = emit_generated_quantities * (0);
 939 :     const size_t num_to_write = num_params__ + num_transformed +
 940 :       num_gen_quantities;
 941 :     std::vector<int> params_i;
 942 :     vars = Eigen::Matrix<double,-1,1>::Constant(num_to_write,
 943 :              std::numeric_limits<double>::quiet_NaN());
 944 :     write_array_impl(base_rng, params_r, params_i, vars,
 945 :       emit_transformed_parameters, emit_generated_quantities, pstream);
 946 :   }
 947 :   template <typename RNG> inline void
 948 :   write_array(RNG& base_rng, std::vector<double>& params_r, std::vector<int>&
 949 :               params_i, std::vector<double>& vars, bool
 950 :               emit_transformed_parameters = true, bool
 951 :               emit_generated_quantities = true, std::ostream*
 952 :               pstream = nullptr) const {
 953 :     const size_t num_params__ = ((((((((1 + 1) + 1) + 1) + 1) + 1) + K) + C)
 954 :       + C);
 955 :     const size_t num_transformed = emit_transformed_parameters * ((((1 + K) +
 956 :       C) + C));
 957 :     const size_t num_gen_quantities = emit_generated_quantities * (0);
 958 :     const size_t num_to_write = num_params__ + num_transformed +
 959 :       num_gen_quantities;
 960 :     vars = std::vector<double>(num_to_write,
 961 :              std::numeric_limits<double>::quiet_NaN());
 962 :     write_array_impl(base_rng, params_r, params_i, vars,
 963 :       emit_transformed_parameters, emit_generated_quantities, pstream);
 964 :   }
 965 :   template <bool propto__, bool jacobian__, typename T_> inline T_
 966 :   log_prob(Eigen::Matrix<T_,-1,1>& params_r, std::ostream* pstream = nullptr) const {
 967 :     Eigen::Matrix<int,-1,1> params_i;
 968 :     return log_prob_impl<propto__, jacobian__>(params_r, params_i, pstream);
 969 :   }
 970 :   template <bool propto__, bool jacobian__, typename T_> inline T_
 971 :   log_prob(std::vector<T_>& params_r, std::vector<int>& params_i,
 972 :            std::ostream* pstream = nullptr) const {
 973 :     return log_prob_impl<propto__, jacobian__>(params_r, params_i, pstream);
 974 :   }
 975 :   inline void
 976 :   transform_inits(const stan::io::var_context& context,
 977 :                   Eigen::Matrix<double,-1,1>& params_r, std::ostream*
 978 :                   pstream = nullptr) const final {
 979 :     std::vector<double> params_r_vec(params_r.size());
 980 :     std::vector<int> params_i;
 981 :     transform_inits(context, params_i, params_r_vec, pstream);
 982 :     params_r = Eigen::Map<Eigen::Matrix<double,-1,1>>(params_r_vec.data(),
 983 :                  params_r_vec.size());
 984 :   }
 985 :   inline void
 986 :   transform_inits(const stan::io::var_context& context, std::vector<int>&
 987 :                   params_i, std::vector<double>& vars, std::ostream*
 988 :                   pstream__ = nullptr) const {
 989 :     vars.resize(num_params_r__);
 990 :     transform_inits_impl(context, vars, pstream__);
 991 :   }
 992 :   inline void
 993 :   unconstrain_array(const std::vector<double>& params_constrained,
 994 :                     std::vector<double>& params_unconstrained, std::ostream*
 995 :                     pstream = nullptr) const {
 996 :     const std::vector<int> params_i;
 997 :     params_unconstrained = std::vector<double>(num_params_r__,
 998 :                              std::numeric_limits<double>::quiet_NaN());
 999 :     unconstrain_array_impl(params_constrained, params_i,
1000 :       params_unconstrained, pstream);
1001 :   }
1002 :   inline void
1003 :   unconstrain_array(const Eigen::Matrix<double,-1,1>& params_constrained,
1004 :                     Eigen::Matrix<double,-1,1>& params_unconstrained,
1005 :                     std::ostream* pstream = nullptr) const {
1006 :     const std::vector<int> params_i;
1007 :     params_unconstrained = Eigen::Matrix<double,-1,1>::Constant(num_params_r__,
1008 :                              std::numeric_limits<double>::quiet_NaN());
1009 :     unconstrain_array_impl(params_constrained, params_i,
1010 :       params_unconstrained, pstream);
1011 :   }
1012 : };
1013 : }
1014 : using stan_model = modela5d785c273b84__namespace::modela5d785c273b84_;
1015 : #ifndef USING_R
1016 : // Boilerplate
1017 : stan::model::model_base&
1018 : new_model(stan::io::var_context& data_context, unsigned int seed,
1019 :           std::ostream* msg_stream) {
1020 :   stan_model* m = new stan_model(data_context, seed, msg_stream);
1021 :   return *m;
1022 : }
1023 : stan::math::profile_map& get_stan_profile_data() {
1024 :   return modela5d785c273b84__namespace::profiles__;
1025 : }
1026 : #endif
1027 : #endif
1028 : 
1029 : RCPP_MODULE(stan_fit4modela5d785c273b84__mod) {
1030 :   class_<rstan::stan_fit<stan_model, boost::random::ecuyer1988> >(
1031 :       "stan_fit4modela5d785c273b84_")
1032 : 
1033 :       .constructor<SEXP, SEXP, SEXP>()
1034 : 
1035 :       .method(
1036 :           "call_sampler",
1037 :           &rstan::stan_fit<stan_model, boost::random::ecuyer1988>::call_sampler)
1038 :       .method(
1039 :           "param_names",
1040 :           &rstan::stan_fit<stan_model, boost::random::ecuyer1988>::param_names)
1041 :       .method("param_names_oi",
1042 :               &rstan::stan_fit<stan_model,
1043 :                                boost::random::ecuyer1988>::param_names_oi)
1044 :       .method("param_fnames_oi",
1045 :               &rstan::stan_fit<stan_model,
1046 :                                boost::random::ecuyer1988>::param_fnames_oi)
1047 :       .method(
1048 :           "param_dims",
1049 :           &rstan::stan_fit<stan_model, boost::random::ecuyer1988>::param_dims)
1050 :       .method("param_dims_oi",
1051 :               &rstan::stan_fit<stan_model,
1052 :                                boost::random::ecuyer1988>::param_dims_oi)
1053 :       .method("update_param_oi",
1054 :               &rstan::stan_fit<stan_model,
1055 :                                boost::random::ecuyer1988>::update_param_oi)
1056 :       .method("param_oi_tidx",
1057 :               &rstan::stan_fit<stan_model,
1058 :                                boost::random::ecuyer1988>::param_oi_tidx)
1059 :       .method("grad_log_prob",
1060 :               &rstan::stan_fit<stan_model,
1061 :                                boost::random::ecuyer1988>::grad_log_prob)
1062 :       .method("log_prob",
1063 :               &rstan::stan_fit<stan_model, boost::random::ecuyer1988>::log_prob)
1064 :       .method("unconstrain_pars",
1065 :               &rstan::stan_fit<stan_model,
1066 :                                boost::random::ecuyer1988>::unconstrain_pars)
1067 :       .method("constrain_pars",
1068 :               &rstan::stan_fit<stan_model,
1069 :                                boost::random::ecuyer1988>::constrain_pars)
1070 :       .method(
1071 :           "num_pars_unconstrained",
1072 :           &rstan::stan_fit<stan_model,
1073 :                            boost::random::ecuyer1988>::num_pars_unconstrained)
1074 :       .method(
1075 :           "unconstrained_param_names",
1076 :           &rstan::stan_fit<
1077 :               stan_model, boost::random::ecuyer1988>::unconstrained_param_names)
1078 :       .method(
1079 :           "constrained_param_names",
1080 :           &rstan::stan_fit<stan_model,
1081 :                            boost::random::ecuyer1988>::constrained_param_names)
1082 :       .method("standalone_gqs",
1083 :               &rstan::stan_fit<stan_model,
1084 :                                boost::random::ecuyer1988>::standalone_gqs);
1085 : }
1086 : 
1087 : 
1088 : // declarations
1089 : extern "C" {
1090 : SEXP filea5d7822428499( ) ;
1091 : }
1092 : 
1093 : // definition
1094 : SEXP filea5d7822428499() {
1095 :  return Rcpp::wrap("anon_model");
1096 : }
make cmd is
  make -f '/cvmfs/soft.computecanada.ca/easybuild/software/2023/x86-64-v4/Compiler/gcccore/r/4.3.1/lib64/R/etc/Makeconf' -f '/cvmfs/soft.computecanada.ca/easybuild/software/2023/x86-64-v4/Compiler/gcccore/r/4.3.1/lib64/R/share/make/shlib.mk' CXX='$(CXX17) $(CXX17STD)' CXXFLAGS='$(CXX17FLAGS)' CXXPICFLAGS='$(CXX17PICFLAGS)' SHLIB_LDFLAGS='$(SHLIB_CXX17LDFLAGS)' SHLIB_LD='$(SHLIB_CXX17LD)' SHLIB='filea5d7822428499.so' OBJECTS='filea5d7822428499.o'

make would use
g++ -std=gnu++17 -I"/cvmfs/soft.computecanada.ca/easybuild/software/2023/x86-64-v4/Compiler/gcccore/r/4.3.1/lib64/R/include" -DNDEBUG   -I"/home/melanson/R/x86_64-pc-linux-gnu-library/4.3/Rcpp/include/"  -I"/home/melanson/R/x86_64-pc-linux-gnu-library/4.3/RcppEigen/include/"  -I"/home/melanson/R/x86_64-pc-linux-gnu-library/4.3/RcppEigen/include/unsupported"  -I"/home/melanson/R/x86_64-pc-linux-gnu-library/4.3/BH/include" -I"/home/melanson/R/x86_64-pc-linux-gnu-library/4.3/StanHeaders/include/src/"  -I"/home/melanson/R/x86_64-pc-linux-gnu-library/4.3/StanHeaders/include/"  -I"/home/melanson/R/x86_64-pc-linux-gnu-library/4.3/RcppParallel/include/"  -I"/home/melanson/R/x86_64-pc-linux-gnu-library/4.3/rstan/include" -DEIGEN_NO_DEBUG  -DBOOST_DISABLE_ASSERTS  -DBOOST_PENDING_INTEGER_LOG2_HPP  -DSTAN_THREADS  -DUSE_STANC3 -DSTRICT_R_HEADERS  -DBOOST_PHOENIX_NO_VARIADIC_EXPRESSION  -D_HAS_AUTO_PTR_ETC=0  -include '/home/melanson/R/x86_64-pc-linux-gnu-library/4.3/StanHeaders/include/stan/math/prim/fun/Eigen.hpp'  -D_REENTRANT -DRCPP_PARALLEL_USE_TBB=1   -I/cvmfs/soft.computecanada.ca/easybuild/software/2023/x86-64-v3/Core/java/17.0.6/include -I/cvmfs/soft.computecanada.ca/easybuild/software/2023/x86-64-v3/Core/flexiblascore/3.3.1/include -I/cvmfs/soft.computecanada.ca/easybuild/software/2023/x86-64-v3/Core/flexiblascore/3.3.1/include/flexiblas    -fpic  -O2 -ftree-vectorize -march=x86-64-v4 -fno-math-errno  -c filea5d7822428499.cpp -o filea5d7822428499.o
if test  "zfilea5d7822428499.o" != "z"; then \
  echo g++ -std=gnu++17 -shared -L"/cvmfs/soft.computecanada.ca/easybuild/software/2023/x86-64-v4/Compiler/gcccore/r/4.3.1/lib64/R/lib"  -o filea5d7822428499.so filea5d7822428499.o  '/home/melanson/R/x86_64-pc-linux-gnu-library/4.3/rstan/lib//libStanServices.a' -L'/home/melanson/R/x86_64-pc-linux-gnu-library/4.3/StanHeaders/lib/' -lStanHeaders -L'/home/melanson/R/x86_64-pc-linux-gnu-library/4.3/RcppParallel/lib/' -ltbb   -L"/cvmfs/soft.computecanada.ca/easybuild/software/2023/x86-64-v4/Compiler/gcccore/r/4.3.1/lib64/R/lib" -lR; \
  g++ -std=gnu++17 -shared -L"/cvmfs/soft.computecanada.ca/easybuild/software/2023/x86-64-v4/Compiler/gcccore/r/4.3.1/lib64/R/lib"  -o filea5d7822428499.so filea5d7822428499.o  '/home/melanson/R/x86_64-pc-linux-gnu-library/4.3/rstan/lib//libStanServices.a' -L'/home/melanson/R/x86_64-pc-linux-gnu-library/4.3/StanHeaders/lib/' -lStanHeaders -L'/home/melanson/R/x86_64-pc-linux-gnu-library/4.3/RcppParallel/lib/' -ltbb   -L"/cvmfs/soft.computecanada.ca/easybuild/software/2023/x86-64-v4/Compiler/gcccore/r/4.3.1/lib64/R/lib" -lR; \
fi

CHECKING DATA AND PREPROCESSING FOR MODEL 'anon_model' NOW.

COMPILING MODEL 'anon_model' NOW.

STARTING SAMPLER FOR MODEL 'anon_model' NOW.

CHECKING DATA AND PREPROCESSING FOR MODEL 'anon_model' NOW.

CHECKING DATA AND PREPROCESSING FOR MODEL 'anon_model' NOW.

COMPILING MODEL 'anon_model' NOW.

STARTING SAMPLER FOR MODEL 'anon_model' NOW.

CHECKING DATA AND PREPROCESSING FOR MODEL 'anon_model' NOW.

COMPILING MODEL 'anon_model' NOW.

STARTING SAMPLER FOR MODEL 'anon_model' NOW.

COMPILING MODEL 'anon_model' NOW.

STARTING SAMPLER FOR MODEL 'anon_model' NOW.

SAMPLING FOR MODEL 'anon_model' NOW (CHAIN 1).

SAMPLING FOR MODEL 'anon_model' NOW (CHAIN 2).

CHECKING DATA AND PREPROCESSING FOR MODEL 'anon_model' NOW.

SAMPLING FOR MODEL 'anon_model' NOW (CHAIN 3).

COMPILING MODEL 'anon_model' NOW.

STARTING SAMPLER FOR MODEL 'anon_model' NOW.

SAMPLING FOR MODEL 'anon_model' NOW (CHAIN 4).
Chain 1: Rejecting initial value:
Chain 1:   Log probability evaluates to log(0), i.e. negative infinity.
Chain 1:   Stan can't start sampling from this initial value.
Chain 3: Rejecting initial value:
Chain 3:   Log probability evaluates to log(0), i.e. negative infinity.
Chain 3:   Stan can't start sampling from this initial value.
Chain 1: 
Chain 1: Gradient evaluation took 0.052396 seconds
Chain 1: 1000 transitions using 10 leapfrog steps per transition would take 523.96 seconds.
Chain 1: Adjust your expectations accordingly!
Chain 1: 
Chain 1: 
Chain 2: 
Chain 2: Gradient evaluation took 0.052751 seconds
Chain 2: 1000 transitions using 10 leapfrog steps per transition would take 527.51 seconds.
Chain 2: Adjust your expectations accordingly!
Chain 2: 
Chain 2: 
Chain 3: 
Chain 3: Gradient evaluation took 0.055546 seconds
Chain 3: 1000 transitions using 10 leapfrog steps per transition would take 555.46 seconds.
Chain 3: Adjust your expectations accordingly!
Chain 3: 
Chain 3: 
Chain 4: 
Chain 4: Gradient evaluation took 0.054562 seconds
Chain 4: 1000 transitions using 10 leapfrog steps per transition would take 545.62 seconds.
Chain 4: Adjust your expectations accordingly!
Chain 4: 
Chain 4: 
Chain 2: Iteration:    1 / 4000 [  0%]  (Warmup)
Chain 4: Iteration:    1 / 4000 [  0%]  (Warmup)
Chain 1: Iteration:    1 / 4000 [  0%]  (Warmup)
Chain 3: Iteration:    1 / 4000 [  0%]  (Warmup)
Chain 4: Iteration:  400 / 4000 [ 10%]  (Warmup)
Chain 2: Iteration:  400 / 4000 [ 10%]  (Warmup)
Chain 3: Iteration:  400 / 4000 [ 10%]  (Warmup)
Chain 1: Iteration:  400 / 4000 [ 10%]  (Warmup)
Chain 4: Iteration:  800 / 4000 [ 20%]  (Warmup)
Chain 2: Iteration:  800 / 4000 [ 20%]  (Warmup)
Chain 1: Iteration:  800 / 4000 [ 20%]  (Warmup)
Chain 3: Iteration:  800 / 4000 [ 20%]  (Warmup)
Chain 4: Iteration: 1001 / 4000 [ 25%]  (Sampling)
Chain 2: Iteration: 1001 / 4000 [ 25%]  (Sampling)
Chain 1: Iteration: 1001 / 4000 [ 25%]  (Sampling)
Chain 3: Iteration: 1001 / 4000 [ 25%]  (Sampling)
Chain 4: Iteration: 1400 / 4000 [ 35%]  (Sampling)
Chain 2: Iteration: 1400 / 4000 [ 35%]  (Sampling)
Chain 1: Iteration: 1400 / 4000 [ 35%]  (Sampling)
Chain 3: Iteration: 1400 / 4000 [ 35%]  (Sampling)
Chain 4: Iteration: 1800 / 4000 [ 45%]  (Sampling)
Chain 2: Iteration: 1800 / 4000 [ 45%]  (Sampling)
Chain 1: Iteration: 1800 / 4000 [ 45%]  (Sampling)
Chain 3: Iteration: 1800 / 4000 [ 45%]  (Sampling)
Chain 4: Iteration: 2200 / 4000 [ 55%]  (Sampling)
Chain 1: Iteration: 2200 / 4000 [ 55%]  (Sampling)
Chain 2: Iteration: 2200 / 4000 [ 55%]  (Sampling)
Chain 3: Iteration: 2200 / 4000 [ 55%]  (Sampling)
Chain 4: Iteration: 2600 / 4000 [ 65%]  (Sampling)
Chain 1: Iteration: 2600 / 4000 [ 65%]  (Sampling)
Chain 2: Iteration: 2600 / 4000 [ 65%]  (Sampling)
Chain 3: Iteration: 2600 / 4000 [ 65%]  (Sampling)
Chain 4: Iteration: 3000 / 4000 [ 75%]  (Sampling)
Chain 1: Iteration: 3000 / 4000 [ 75%]  (Sampling)
Chain 2: Iteration: 3000 / 4000 [ 75%]  (Sampling)
Chain 3: Iteration: 3000 / 4000 [ 75%]  (Sampling)
Chain 4: Iteration: 3400 / 4000 [ 85%]  (Sampling)
Chain 1: Iteration: 3400 / 4000 [ 85%]  (Sampling)
Chain 2: Iteration: 3400 / 4000 [ 85%]  (Sampling)
Chain 3: Iteration: 3400 / 4000 [ 85%]  (Sampling)
Chain 4: Iteration: 3800 / 4000 [ 95%]  (Sampling)
Chain 1: Iteration: 3800 / 4000 [ 95%]  (Sampling)
Chain 2: Iteration: 3800 / 4000 [ 95%]  (Sampling)
Chain 3: Iteration: 3800 / 4000 [ 95%]  (Sampling)
Chain 4: Iteration: 4000 / 4000 [100%]  (Sampling)
Chain 4: 
Chain 4:  Elapsed Time: 6882.2 seconds (Warm-up)
Chain 4:                14721 seconds (Sampling)
Chain 4:                21603.3 seconds (Total)
Chain 4: 
Chain 1: Iteration: 4000 / 4000 [100%]  (Sampling)
Chain 1: 
Chain 1:  Elapsed Time: 7097 seconds (Warm-up)
Chain 1:                14673.5 seconds (Sampling)
Chain 1:                21770.5 seconds (Total)
Chain 1: 
Chain 2: Iteration: 4000 / 4000 [100%]  (Sampling)
Chain 2: 
Chain 2:  Elapsed Time: 7067.07 seconds (Warm-up)
Chain 2:                14744.1 seconds (Sampling)
Chain 2:                21811.2 seconds (Total)
Chain 2: 
Chain 3: Iteration: 4000 / 4000 [100%]  (Sampling)
Chain 3: 
Chain 3:  Elapsed Time: 7275.7 seconds (Warm-up)
Chain 3:                14789.7 seconds (Sampling)
Chain 3:                22065.4 seconds (Total)
Chain 3: 
