Reading layer `fvbombus_points' from data source 
  `/project/6100170/melanson/landscape/fvbombus/fvbombus_points.shp' 
  using driver `ESRI Shapefile'
Simple feature collection with 297 features and 9 fields
Geometry type: POINT
Dimension:     XY
Bounding box:  xmin: -13710810 ymin: 6284458 xmax: -13652010 ymax: 6318637
Projected CRS: Google Maps Global Mercator

TRANSLATING MODEL '' FROM Stan CODE TO C++ CODE NOW.
OS: x86_64, linux-gnu; rstan: 2.32.7; Rcpp: 1.0.14; inline: 0.3.21 
 >> setting environment variables: 
PKG_LIBS =  '/home/melanson/R/x86_64-pc-linux-gnu-library/4.3/rstan/lib//libStanServices.a' -L'/home/melanson/R/x86_64-pc-linux-gnu-library/4.3/StanHeaders/lib/' -lStanHeaders -L'/home/melanson/R/x86_64-pc-linux-gnu-library/4.3/RcppParallel/lib/' -ltbb 
PKG_CPPFLAGS =   -I"/home/melanson/R/x86_64-pc-linux-gnu-library/4.3/Rcpp/include/"  -I"/home/melanson/R/x86_64-pc-linux-gnu-library/4.3/RcppEigen/include/"  -I"/home/melanson/R/x86_64-pc-linux-gnu-library/4.3/RcppEigen/include/unsupported"  -I"/home/melanson/R/x86_64-pc-linux-gnu-library/4.3/BH/include" -I"/home/melanson/R/x86_64-pc-linux-gnu-library/4.3/StanHeaders/include/src/"  -I"/home/melanson/R/x86_64-pc-linux-gnu-library/4.3/StanHeaders/include/"  -I"/home/melanson/R/x86_64-pc-linux-gnu-library/4.3/RcppParallel/include/"  -I"/home/melanson/R/x86_64-pc-linux-gnu-library/4.3/rstan/include" -DEIGEN_NO_DEBUG  -DBOOST_DISABLE_ASSERTS  -DBOOST_PENDING_INTEGER_LOG2_HPP  -DSTAN_THREADS  -DUSE_STANC3 -DSTRICT_R_HEADERS  -DBOOST_PHOENIX_NO_VARIADIC_EXPRESSION  -D_HAS_AUTO_PTR_ETC=0  -include '/home/melanson/R/x86_64-pc-linux-gnu-library/4.3/StanHeaders/include/stan/math/prim/fun/Eigen.hpp'  -D_REENTRANT -DRCPP_PARALLEL_USE_TBB=1 
 >> Program source :

   1 : 
   2 : // includes from the plugin
   3 : // [[Rcpp::plugins(cpp14)]]
   4 : 
   5 : 
   6 : // user includes
   7 : #include <Rcpp.h>
   8 : using namespace Rcpp;
   9 : #ifndef MODELS_HPP
  10 : #define MODELS_HPP
  11 : #define STAN__SERVICES__COMMAND_HPP
  12 : #include <rstan/rstaninc.hpp>
  13 : #ifndef USE_STANC3
  14 : #define USE_STANC3
  15 : #endif
  16 : // Code generated by stanc v2.32.2
  17 : #include <stan/model/model_header.hpp>
  18 : namespace model31085619a872da__namespace {
  19 : using stan::model::model_base_crtp;
  20 : using namespace stan::math;
  21 : stan::math::profile_map profiles__;
  22 : static constexpr std::array<const char*, 73> locations_array__ =
  23 :   {" (found before start of program)",
  24 :   " (in 'anon_model', line 23, column 2 to column 24)",
  25 :   " (in 'anon_model', line 24, column 2 to column 12)",
  26 :   " (in 'anon_model', line 25, column 2 to column 14)",
  27 :   " (in 'anon_model', line 26, column 2 to column 14)",
  28 :   " (in 'anon_model', line 27, column 2 to column 16)",
  29 :   " (in 'anon_model', line 28, column 2 to column 18)",
  30 :   " (in 'anon_model', line 29, column 2 to column 22)",
  31 :   " (in 'anon_model', line 30, column 2 to column 16)",
  32 :   " (in 'anon_model', line 32, column 2 to column 28)",
  33 :   " (in 'anon_model', line 33, column 2 to column 28)",
  34 :   " (in 'anon_model', line 36, column 2 to column 41)",
  35 :   " (in 'anon_model', line 37, column 2 to column 39)",
  36 :   " (in 'anon_model', line 40, column 2 to column 24)",
  37 :   " (in 'anon_model', line 41, column 2 to column 24)",
  38 :   " (in 'anon_model', line 43, column 4 to column 53)",
  39 :   " (in 'anon_model', line 44, column 4 to column 53)",
  40 :   " (in 'anon_model', line 42, column 17 to line 45, column 3)",
  41 :   " (in 'anon_model', line 42, column 2 to line 45, column 3)",
  42 :   " (in 'anon_model', line 49, column 2 to column 37)",
  43 :   " (in 'anon_model', line 50, column 2 to column 37)",
  44 :   " (in 'anon_model', line 51, column 2 to column 25)",
  45 :   " (in 'anon_model', line 52, column 2 to column 23)",
  46 :   " (in 'anon_model', line 53, column 2 to column 23)",
  47 :   " (in 'anon_model', line 54, column 2 to column 23)",
  48 :   " (in 'anon_model', line 55, column 2 to column 25)",
  49 :   " (in 'anon_model', line 56, column 2 to column 27)",
  50 :   " (in 'anon_model', line 57, column 2 to column 23)",
  51 :   " (in 'anon_model', line 58, column 2 to column 21)",
  52 :   " (in 'anon_model', line 62, column 4 to column 28)",
  53 :   " (in 'anon_model', line 63, column 4 to column 30)",
  54 :   " (in 'anon_model', line 66, column 11 to column 17)",
  55 :   " (in 'anon_model', line 66, column 4 to line 67, column 94)",
  56 :   " (in 'anon_model', line 68, column 11 to column 17)",
  57 :   " (in 'anon_model', line 68, column 4 to line 72, column 67)",
  58 :   " (in 'anon_model', line 73, column 11 to column 17)",
  59 :   " (in 'anon_model', line 73, column 4 to column 88)",
  60 :   " (in 'anon_model', line 76, column 4 to column 65)",
  61 :   " (in 'anon_model', line 61, column 17 to line 77, column 3)",
  62 :   " (in 'anon_model', line 61, column 2 to line 77, column 3)",
  63 :   " (in 'anon_model', line 4, column 2 to column 17)",
  64 :   " (in 'anon_model', line 5, column 2 to column 17)",
  65 :   " (in 'anon_model', line 6, column 2 to column 17)",
  66 :   " (in 'anon_model', line 7, column 2 to column 18)",
  67 :   " (in 'anon_model', line 8, column 15 to column 17)",
  68 :   " (in 'anon_model', line 8, column 2 to column 19)",
  69 :   " (in 'anon_model', line 9, column 16 to column 18)",
  70 :   " (in 'anon_model', line 9, column 2 to column 20)",
  71 :   " (in 'anon_model', line 10, column 9 to column 10)",
  72 :   " (in 'anon_model', line 10, column 2 to column 23)",
  73 :   " (in 'anon_model', line 11, column 16 to column 17)",
  74 :   " (in 'anon_model', line 11, column 2 to column 19)",
  75 :   " (in 'anon_model', line 12, column 14 to column 15)",
  76 :   " (in 'anon_model', line 12, column 2 to column 17)",
  77 :   " (in 'anon_model', line 13, column 9 to column 10)",
  78 :   " (in 'anon_model', line 13, column 2 to column 15)",
  79 :   " (in 'anon_model', line 14, column 9 to column 10)",
  80 :   " (in 'anon_model', line 14, column 2 to column 15)",
  81 :   " (in 'anon_model', line 15, column 9 to column 10)",
  82 :   " (in 'anon_model', line 15, column 2 to column 17)",
  83 :   " (in 'anon_model', line 16, column 9 to column 10)",
  84 :   " (in 'anon_model', line 16, column 2 to column 19)",
  85 :   " (in 'anon_model', line 17, column 11 to column 12)",
  86 :   " (in 'anon_model', line 17, column 2 to column 14)",
  87 :   " (in 'anon_model', line 19, column 8 to column 9)",
  88 :   " (in 'anon_model', line 19, column 2 to column 32)",
  89 :   " (in 'anon_model', line 20, column 2 to column 18)",
  90 :   " (in 'anon_model', line 30, column 9 to column 10)",
  91 :   " (in 'anon_model', line 32, column 8 to column 9)",
  92 :   " (in 'anon_model', line 33, column 8 to column 9)",
  93 :   " (in 'anon_model', line 37, column 9 to column 10)",
  94 :   " (in 'anon_model', line 40, column 8 to column 9)",
  95 :   " (in 'anon_model', line 41, column 8 to column 9)"};
  96 : class model31085619a872da_ final : public model_base_crtp<model31085619a872da_> {
  97 : private:
  98 :   int C;
  99 :   int K;
 100 :   int O;
 101 :   int CT;
 102 :   std::vector<int> CTstarts;
 103 :   std::vector<int> CTlengths;
 104 :   Eigen::Matrix<double,-1,-1> trap_pos_data__;
 105 :   std::vector<int> colony_id;
 106 :   std::vector<int> trap_id;
 107 :   Eigen::Matrix<double,-1,1> fq_data__;
 108 :   Eigen::Matrix<double,-1,1> mp_data__;
 109 :   Eigen::Matrix<double,-1,1> comp_data__;
 110 :   Eigen::Matrix<double,-1,1> config_data__;
 111 :   std::vector<int> yobs;
 112 :   std::vector<std::vector<double>> colonycenters;
 113 :   double deltaprior;
 114 :   Eigen::Map<Eigen::Matrix<double,-1,-1>> trap_pos{nullptr, 0, 0};
 115 :   Eigen::Map<Eigen::Matrix<double,-1,1>> fq{nullptr, 0};
 116 :   Eigen::Map<Eigen::Matrix<double,-1,1>> mp{nullptr, 0};
 117 :   Eigen::Map<Eigen::Matrix<double,-1,1>> comp{nullptr, 0};
 118 :   Eigen::Map<Eigen::Matrix<double,-1,1>> config{nullptr, 0};
 119 : public:
 120 :   ~model31085619a872da_() {}
 121 :   model31085619a872da_(stan::io::var_context& context__, unsigned int
 122 :                        random_seed__ = 0, std::ostream* pstream__ = nullptr)
 123 :       : model_base_crtp(0) {
 124 :     int current_statement__ = 0;
 125 :     using local_scalar_t__ = double;
 126 :     boost::ecuyer1988 base_rng__ =
 127 :       stan::services::util::create_rng(random_seed__, 0);
 128 :     // suppress unused var warning
 129 :     (void) base_rng__;
 130 :     static constexpr const char* function__ =
 131 :       "model31085619a872da__namespace::model31085619a872da_";
 132 :     // suppress unused var warning
 133 :     (void) function__;
 134 :     local_scalar_t__ DUMMY_VAR__(std::numeric_limits<double>::quiet_NaN());
 135 :     // suppress unused var warning
 136 :     (void) DUMMY_VAR__;
 137 :     try {
 138 :       int pos__ = std::numeric_limits<int>::min();
 139 :       pos__ = 1;
 140 :       current_statement__ = 40;
 141 :       context__.validate_dims("data initialization", "C", "int",
 142 :         std::vector<size_t>{});
 143 :       C = std::numeric_limits<int>::min();
 144 :       current_statement__ = 40;
 145 :       C = context__.vals_i("C")[(1 - 1)];
 146 :       current_statement__ = 40;
 147 :       stan::math::check_greater_or_equal(function__, "C", C, 0);
 148 :       current_statement__ = 41;
 149 :       context__.validate_dims("data initialization", "K", "int",
 150 :         std::vector<size_t>{});
 151 :       K = std::numeric_limits<int>::min();
 152 :       current_statement__ = 41;
 153 :       K = context__.vals_i("K")[(1 - 1)];
 154 :       current_statement__ = 41;
 155 :       stan::math::check_greater_or_equal(function__, "K", K, 0);
 156 :       current_statement__ = 42;
 157 :       context__.validate_dims("data initialization", "O", "int",
 158 :         std::vector<size_t>{});
 159 :       O = std::numeric_limits<int>::min();
 160 :       current_statement__ = 42;
 161 :       O = context__.vals_i("O")[(1 - 1)];
 162 :       current_statement__ = 42;
 163 :       stan::math::check_greater_or_equal(function__, "O", O, 0);
 164 :       current_statement__ = 43;
 165 :       context__.validate_dims("data initialization", "CT", "int",
 166 :         std::vector<size_t>{});
 167 :       CT = std::numeric_limits<int>::min();
 168 :       current_statement__ = 43;
 169 :       CT = context__.vals_i("CT")[(1 - 1)];
 170 :       current_statement__ = 43;
 171 :       stan::math::check_greater_or_equal(function__, "CT", CT, 0);
 172 :       current_statement__ = 44;
 173 :       stan::math::validate_non_negative_index("CTstarts", "CT", CT);
 174 :       current_statement__ = 45;
 175 :       context__.validate_dims("data initialization", "CTstarts", "int",
 176 :         std::vector<size_t>{static_cast<size_t>(CT)});
 177 :       CTstarts = std::vector<int>(CT, std::numeric_limits<int>::min());
 178 :       current_statement__ = 45;
 179 :       CTstarts = context__.vals_i("CTstarts");
 180 :       current_statement__ = 46;
 181 :       stan::math::validate_non_negative_index("CTlengths", "CT", CT);
 182 :       current_statement__ = 47;
 183 :       context__.validate_dims("data initialization", "CTlengths", "int",
 184 :         std::vector<size_t>{static_cast<size_t>(CT)});
 185 :       CTlengths = std::vector<int>(CT, std::numeric_limits<int>::min());
 186 :       current_statement__ = 47;
 187 :       CTlengths = context__.vals_i("CTlengths");
 188 :       current_statement__ = 48;
 189 :       stan::math::validate_non_negative_index("trap_pos", "O", O);
 190 :       current_statement__ = 49;
 191 :       context__.validate_dims("data initialization", "trap_pos", "double",
 192 :         std::vector<size_t>{static_cast<size_t>(O), static_cast<size_t>(2)});
 193 :       trap_pos_data__ = Eigen::Matrix<double,-1,-1>::Constant(O, 2,
 194 :                           std::numeric_limits<double>::quiet_NaN());
 195 :       new (&trap_pos)
 196 :         Eigen::Map<Eigen::Matrix<double,-1,-1>>(trap_pos_data__.data(), O, 2);
 197 :       {
 198 :         std::vector<local_scalar_t__> trap_pos_flat__;
 199 :         current_statement__ = 49;
 200 :         trap_pos_flat__ = context__.vals_r("trap_pos");
 201 :         current_statement__ = 49;
 202 :         pos__ = 1;
 203 :         current_statement__ = 49;
 204 :         for (int sym1__ = 1; sym1__ <= 2; ++sym1__) {
 205 :           current_statement__ = 49;
 206 :           for (int sym2__ = 1; sym2__ <= O; ++sym2__) {
 207 :             current_statement__ = 49;
 208 :             stan::model::assign(trap_pos, trap_pos_flat__[(pos__ - 1)],
 209 :               "assigning variable trap_pos", stan::model::index_uni(sym2__),
 210 :               stan::model::index_uni(sym1__));
 211 :             current_statement__ = 49;
 212 :             pos__ = (pos__ + 1);
 213 :           }
 214 :         }
 215 :       }
 216 :       current_statement__ = 50;
 217 :       stan::math::validate_non_negative_index("colony_id", "O", O);
 218 :       current_statement__ = 51;
 219 :       context__.validate_dims("data initialization", "colony_id", "int",
 220 :         std::vector<size_t>{static_cast<size_t>(O)});
 221 :       colony_id = std::vector<int>(O, std::numeric_limits<int>::min());
 222 :       current_statement__ = 51;
 223 :       colony_id = context__.vals_i("colony_id");
 224 :       current_statement__ = 52;
 225 :       stan::math::validate_non_negative_index("trap_id", "O", O);
 226 :       current_statement__ = 53;
 227 :       context__.validate_dims("data initialization", "trap_id", "int",
 228 :         std::vector<size_t>{static_cast<size_t>(O)});
 229 :       trap_id = std::vector<int>(O, std::numeric_limits<int>::min());
 230 :       current_statement__ = 53;
 231 :       trap_id = context__.vals_i("trap_id");
 232 :       current_statement__ = 54;
 233 :       stan::math::validate_non_negative_index("fq", "O", O);
 234 :       current_statement__ = 55;
 235 :       context__.validate_dims("data initialization", "fq", "double",
 236 :         std::vector<size_t>{static_cast<size_t>(O)});
 237 :       fq_data__ = Eigen::Matrix<double,-1,1>::Constant(O,
 238 :                     std::numeric_limits<double>::quiet_NaN());
 239 :       new (&fq) Eigen::Map<Eigen::Matrix<double,-1,1>>(fq_data__.data(), O);
 240 :       {
 241 :         std::vector<local_scalar_t__> fq_flat__;
 242 :         current_statement__ = 55;
 243 :         fq_flat__ = context__.vals_r("fq");
 244 :         current_statement__ = 55;
 245 :         pos__ = 1;
 246 :         current_statement__ = 55;
 247 :         for (int sym1__ = 1; sym1__ <= O; ++sym1__) {
 248 :           current_statement__ = 55;
 249 :           stan::model::assign(fq, fq_flat__[(pos__ - 1)],
 250 :             "assigning variable fq", stan::model::index_uni(sym1__));
 251 :           current_statement__ = 55;
 252 :           pos__ = (pos__ + 1);
 253 :         }
 254 :       }
 255 :       current_statement__ = 56;
 256 :       stan::math::validate_non_negative_index("mp", "O", O);
 257 :       current_statement__ = 57;
 258 :       context__.validate_dims("data initialization", "mp", "double",
 259 :         std::vector<size_t>{static_cast<size_t>(O)});
 260 :       mp_data__ = Eigen::Matrix<double,-1,1>::Constant(O,
 261 :                     std::numeric_limits<double>::quiet_NaN());
 262 :       new (&mp) Eigen::Map<Eigen::Matrix<double,-1,1>>(mp_data__.data(), O);
 263 :       {
 264 :         std::vector<local_scalar_t__> mp_flat__;
 265 :         current_statement__ = 57;
 266 :         mp_flat__ = context__.vals_r("mp");
 267 :         current_statement__ = 57;
 268 :         pos__ = 1;
 269 :         current_statement__ = 57;
 270 :         for (int sym1__ = 1; sym1__ <= O; ++sym1__) {
 271 :           current_statement__ = 57;
 272 :           stan::model::assign(mp, mp_flat__[(pos__ - 1)],
 273 :             "assigning variable mp", stan::model::index_uni(sym1__));
 274 :           current_statement__ = 57;
 275 :           pos__ = (pos__ + 1);
 276 :         }
 277 :       }
 278 :       current_statement__ = 58;
 279 :       stan::math::validate_non_negative_index("comp", "O", O);
 280 :       current_statement__ = 59;
 281 :       context__.validate_dims("data initialization", "comp", "double",
 282 :         std::vector<size_t>{static_cast<size_t>(O)});
 283 :       comp_data__ = Eigen::Matrix<double,-1,1>::Constant(O,
 284 :                       std::numeric_limits<double>::quiet_NaN());
 285 :       new (&comp) Eigen::Map<Eigen::Matrix<double,-1,1>>(comp_data__.data(),
 286 :         O);
 287 :       {
 288 :         std::vector<local_scalar_t__> comp_flat__;
 289 :         current_statement__ = 59;
 290 :         comp_flat__ = context__.vals_r("comp");
 291 :         current_statement__ = 59;
 292 :         pos__ = 1;
 293 :         current_statement__ = 59;
 294 :         for (int sym1__ = 1; sym1__ <= O; ++sym1__) {
 295 :           current_statement__ = 59;
 296 :           stan::model::assign(comp, comp_flat__[(pos__ - 1)],
 297 :             "assigning variable comp", stan::model::index_uni(sym1__));
 298 :           current_statement__ = 59;
 299 :           pos__ = (pos__ + 1);
 300 :         }
 301 :       }
 302 :       current_statement__ = 60;
 303 :       stan::math::validate_non_negative_index("config", "O", O);
 304 :       current_statement__ = 61;
 305 :       context__.validate_dims("data initialization", "config", "double",
 306 :         std::vector<size_t>{static_cast<size_t>(O)});
 307 :       config_data__ = Eigen::Matrix<double,-1,1>::Constant(O,
 308 :                         std::numeric_limits<double>::quiet_NaN());
 309 :       new (&config)
 310 :         Eigen::Map<Eigen::Matrix<double,-1,1>>(config_data__.data(), O);
 311 :       {
 312 :         std::vector<local_scalar_t__> config_flat__;
 313 :         current_statement__ = 61;
 314 :         config_flat__ = context__.vals_r("config");
 315 :         current_statement__ = 61;
 316 :         pos__ = 1;
 317 :         current_statement__ = 61;
 318 :         for (int sym1__ = 1; sym1__ <= O; ++sym1__) {
 319 :           current_statement__ = 61;
 320 :           stan::model::assign(config, config_flat__[(pos__ - 1)],
 321 :             "assigning variable config", stan::model::index_uni(sym1__));
 322 :           current_statement__ = 61;
 323 :           pos__ = (pos__ + 1);
 324 :         }
 325 :       }
 326 :       current_statement__ = 62;
 327 :       stan::math::validate_non_negative_index("yobs", "O", O);
 328 :       current_statement__ = 63;
 329 :       context__.validate_dims("data initialization", "yobs", "int",
 330 :         std::vector<size_t>{static_cast<size_t>(O)});
 331 :       yobs = std::vector<int>(O, std::numeric_limits<int>::min());
 332 :       current_statement__ = 63;
 333 :       yobs = context__.vals_i("yobs");
 334 :       current_statement__ = 64;
 335 :       stan::math::validate_non_negative_index("colonycenters", "C", C);
 336 :       current_statement__ = 65;
 337 :       context__.validate_dims("data initialization", "colonycenters",
 338 :         "double",
 339 :         std::vector<size_t>{static_cast<size_t>(C), static_cast<size_t>(2)});
 340 :       colonycenters = std::vector<std::vector<double>>(C,
 341 :                         std::vector<double>(2,
 342 :                           std::numeric_limits<double>::quiet_NaN()));
 343 :       {
 344 :         std::vector<local_scalar_t__> colonycenters_flat__;
 345 :         current_statement__ = 65;
 346 :         colonycenters_flat__ = context__.vals_r("colonycenters");
 347 :         current_statement__ = 65;
 348 :         pos__ = 1;
 349 :         current_statement__ = 65;
 350 :         for (int sym1__ = 1; sym1__ <= 2; ++sym1__) {
 351 :           current_statement__ = 65;
 352 :           for (int sym2__ = 1; sym2__ <= C; ++sym2__) {
 353 :             current_statement__ = 65;
 354 :             stan::model::assign(colonycenters, colonycenters_flat__[(pos__ -
 355 :               1)], "assigning variable colonycenters",
 356 :               stan::model::index_uni(sym2__), stan::model::index_uni(sym1__));
 357 :             current_statement__ = 65;
 358 :             pos__ = (pos__ + 1);
 359 :           }
 360 :         }
 361 :       }
 362 :       current_statement__ = 66;
 363 :       context__.validate_dims("data initialization", "deltaprior", "double",
 364 :         std::vector<size_t>{});
 365 :       deltaprior = std::numeric_limits<double>::quiet_NaN();
 366 :       current_statement__ = 66;
 367 :       deltaprior = context__.vals_r("deltaprior")[(1 - 1)];
 368 :       current_statement__ = 67;
 369 :       stan::math::validate_non_negative_index("eps", "K", K);
 370 :       current_statement__ = 68;
 371 :       stan::math::validate_non_negative_index("delta_x_raw", "C", C);
 372 :       current_statement__ = 69;
 373 :       stan::math::validate_non_negative_index("delta_y_raw", "C", C);
 374 :       current_statement__ = 70;
 375 :       stan::math::validate_non_negative_index("eps_scale", "K", K);
 376 :       current_statement__ = 71;
 377 :       stan::math::validate_non_negative_index("delta_x", "C", C);
 378 :       current_statement__ = 72;
 379 :       stan::math::validate_non_negative_index("delta_y", "C", C);
 380 :     } catch (const std::exception& e) {
 381 :       stan::lang::rethrow_located(e, locations_array__[current_statement__]);
 382 :     }
 383 :     num_params_r__ = 1 + 1 + 1 + 1 + 1 + 1 + 1 + K + C + C;
 384 :   }
 385 :   inline std::string model_name() const final {
 386 :     return "model31085619a872da_";
 387 :   }
 388 :   inline std::vector<std::string> model_compile_info() const noexcept {
 389 :     return std::vector<std::string>{"stanc_version = stanc3 v2.32.2",
 390 :              "stancflags = --"};
 391 :   }
 392 :   template <bool propto__, bool jacobian__, typename VecR, typename VecI,
 393 :             stan::require_vector_like_t<VecR>* = nullptr,
 394 :             stan::require_vector_like_vt<std::is_integral, VecI>* = nullptr>
 395 :   inline stan::scalar_type_t<VecR>
 396 :   log_prob_impl(VecR& params_r__, VecI& params_i__, std::ostream*
 397 :                 pstream__ = nullptr) const {
 398 :     using T__ = stan::scalar_type_t<VecR>;
 399 :     using local_scalar_t__ = T__;
 400 :     T__ lp__(0.0);
 401 :     stan::math::accumulator<T__> lp_accum__;
 402 :     stan::io::deserializer<local_scalar_t__> in__(params_r__, params_i__);
 403 :     int current_statement__ = 0;
 404 :     local_scalar_t__ DUMMY_VAR__(std::numeric_limits<double>::quiet_NaN());
 405 :     // suppress unused var warning
 406 :     (void) DUMMY_VAR__;
 407 :     static constexpr const char* function__ =
 408 :       "model31085619a872da__namespace::log_prob";
 409 :     // suppress unused var warning
 410 :     (void) function__;
 411 :     try {
 412 :       local_scalar_t__ rhomax = DUMMY_VAR__;
 413 :       current_statement__ = 1;
 414 :       rhomax = in__.template read_constrain_lb<local_scalar_t__,
 415 :                  jacobian__>(0, lp__);
 416 :       local_scalar_t__ rho0 = DUMMY_VAR__;
 417 :       current_statement__ = 2;
 418 :       rho0 = in__.template read<local_scalar_t__>();
 419 :       local_scalar_t__ rho_fq = DUMMY_VAR__;
 420 :       current_statement__ = 3;
 421 :       rho_fq = in__.template read<local_scalar_t__>();
 422 :       local_scalar_t__ rho_mp = DUMMY_VAR__;
 423 :       current_statement__ = 4;
 424 :       rho_mp = in__.template read<local_scalar_t__>();
 425 :       local_scalar_t__ rho_comp = DUMMY_VAR__;
 426 :       current_statement__ = 5;
 427 :       rho_comp = in__.template read<local_scalar_t__>();
 428 :       local_scalar_t__ rho_config = DUMMY_VAR__;
 429 :       current_statement__ = 6;
 430 :       rho_config = in__.template read<local_scalar_t__>();
 431 :       local_scalar_t__ sigma = DUMMY_VAR__;
 432 :       current_statement__ = 7;
 433 :       sigma = in__.template read_constrain_lb<local_scalar_t__,
 434 :                 jacobian__>(0, lp__);
 435 :       Eigen::Matrix<local_scalar_t__,-1,1> eps =
 436 :         Eigen::Matrix<local_scalar_t__,-1,1>::Constant(K, DUMMY_VAR__);
 437 :       current_statement__ = 8;
 438 :       eps = in__.template read<Eigen::Matrix<local_scalar_t__,-1,1>>(K);
 439 :       std::vector<local_scalar_t__> delta_x_raw =
 440 :         std::vector<local_scalar_t__>(C, DUMMY_VAR__);
 441 :       current_statement__ = 9;
 442 :       delta_x_raw = in__.template read<std::vector<local_scalar_t__>>(C);
 443 :       std::vector<local_scalar_t__> delta_y_raw =
 444 :         std::vector<local_scalar_t__>(C, DUMMY_VAR__);
 445 :       current_statement__ = 10;
 446 :       delta_y_raw = in__.template read<std::vector<local_scalar_t__>>(C);
 447 :       local_scalar_t__ sigma_sqrt = DUMMY_VAR__;
 448 :       current_statement__ = 11;
 449 :       sigma_sqrt = stan::math::sqrt(sigma);
 450 :       Eigen::Matrix<local_scalar_t__,-1,1> eps_scale =
 451 :         Eigen::Matrix<local_scalar_t__,-1,1>::Constant(K, DUMMY_VAR__);
 452 :       current_statement__ = 12;
 453 :       stan::model::assign(eps_scale, stan::math::multiply(eps, sigma_sqrt),
 454 :         "assigning variable eps_scale");
 455 :       std::vector<local_scalar_t__> delta_x =
 456 :         std::vector<local_scalar_t__>(C, DUMMY_VAR__);
 457 :       std::vector<local_scalar_t__> delta_y =
 458 :         std::vector<local_scalar_t__>(C, DUMMY_VAR__);
 459 :       current_statement__ = 18;
 460 :       for (int c = 1; c <= C; ++c) {
 461 :         current_statement__ = 15;
 462 :         stan::model::assign(delta_x,
 463 :           (stan::model::rvalue(colonycenters, "colonycenters",
 464 :              stan::model::index_uni(c), stan::model::index_uni(1)) +
 465 :           stan::model::rvalue(delta_x_raw, "delta_x_raw",
 466 :             stan::model::index_uni(c))), "assigning variable delta_x",
 467 :           stan::model::index_uni(c));
 468 :         current_statement__ = 16;
 469 :         stan::model::assign(delta_y,
 470 :           (stan::model::rvalue(colonycenters, "colonycenters",
 471 :              stan::model::index_uni(c), stan::model::index_uni(2)) +
 472 :           stan::model::rvalue(delta_y_raw, "delta_y_raw",
 473 :             stan::model::index_uni(c))), "assigning variable delta_y",
 474 :           stan::model::index_uni(c));
 475 :       }
 476 :       current_statement__ = 11;
 477 :       stan::math::check_greater_or_equal(function__, "sigma_sqrt",
 478 :         sigma_sqrt, 0);
 479 :       {
 480 :         current_statement__ = 19;
 481 :         lp_accum__.add(stan::math::normal_lpdf<propto__>(delta_x_raw, 0,
 482 :                          deltaprior));
 483 :         current_statement__ = 20;
 484 :         lp_accum__.add(stan::math::normal_lpdf<propto__>(delta_y_raw, 0,
 485 :                          deltaprior));
 486 :         current_statement__ = 21;
 487 :         lp_accum__.add(stan::math::normal_lpdf<propto__>(rhomax, 0, 0.5));
 488 :         current_statement__ = 22;
 489 :         lp_accum__.add(stan::math::normal_lpdf<propto__>(rho0, 0, 0.1));
 490 :         current_statement__ = 23;
 491 :         lp_accum__.add(stan::math::normal_lpdf<propto__>(rho_fq, 0, 1));
 492 :         current_statement__ = 24;
 493 :         lp_accum__.add(stan::math::normal_lpdf<propto__>(rho_mp, 0, 1));
 494 :         current_statement__ = 25;
 495 :         lp_accum__.add(stan::math::normal_lpdf<propto__>(rho_comp, 0, 1));
 496 :         current_statement__ = 26;
 497 :         lp_accum__.add(stan::math::normal_lpdf<propto__>(rho_config, 0, 1));
 498 :         current_statement__ = 27;
 499 :         lp_accum__.add(stan::math::normal_lpdf<propto__>(sigma, 0, 1));
 500 :         current_statement__ = 28;
 501 :         lp_accum__.add(stan::math::normal_lpdf<propto__>(eps, 0, 1));
 502 :         current_statement__ = 39;
 503 :         for (int n = 1; n <= CT; ++n) {
 504 :           int start = std::numeric_limits<int>::min();
 505 :           current_statement__ = 29;
 506 :           start = stan::model::rvalue(CTstarts, "CTstarts",
 507 :                     stan::model::index_uni(n));
 508 :           int length = std::numeric_limits<int>::min();
 509 :           current_statement__ = 30;
 510 :           length = stan::model::rvalue(CTlengths, "CTlengths",
 511 :                      stan::model::index_uni(n));
 512 :           current_statement__ = 31;
 513 :           stan::math::validate_non_negative_index("dis", "length", length);
 514 :           Eigen::Matrix<local_scalar_t__,-1,1> dis =
 515 :             Eigen::Matrix<local_scalar_t__,-1,1>::Constant(length,
 516 :               DUMMY_VAR__);
 517 :           current_statement__ = 32;
 518 :           stan::model::assign(dis,
 519 :             stan::math::sqrt(
 520 :               stan::math::add(
 521 :                 stan::math::square(
 522 :                   stan::math::subtract(
 523 :                     stan::model::rvalue(delta_x, "delta_x",
 524 :                       stan::model::index_uni(
 525 :                         stan::model::rvalue(colony_id, "colony_id",
 526 :                           stan::model::index_uni(start)))),
 527 :                     stan::model::rvalue(trap_pos, "trap_pos",
 528 :                       stan::model::index_min_max(start, ((start + length) -
 529 :                         1)), stan::model::index_uni(1)))),
 530 :                 stan::math::square(
 531 :                   stan::math::subtract(
 532 :                     stan::model::rvalue(delta_y, "delta_y",
 533 :                       stan::model::index_uni(
 534 :                         stan::model::rvalue(colony_id, "colony_id",
 535 :                           stan::model::index_uni(start)))),
 536 :                     stan::model::rvalue(trap_pos, "trap_pos",
 537 :                       stan::model::index_min_max(start, ((start + length) -
 538 :                         1)), stan::model::index_uni(2)))))),
 539 :             "assigning variable dis");
 540 :           current_statement__ = 33;
 541 :           stan::math::validate_non_negative_index("rho", "length", length);
 542 :           Eigen::Matrix<local_scalar_t__,-1,1> rho =
 543 :             Eigen::Matrix<local_scalar_t__,-1,1>::Constant(length,
 544 :               DUMMY_VAR__);
 545 :           current_statement__ = 34;
 546 :           stan::model::assign(rho,
 547 :             stan::math::multiply(rhomax,
 548 :               stan::math::inv_logit(
 549 :                 stan::math::add(
 550 :                   stan::math::add(
 551 :                     stan::math::add(
 552 :                       stan::math::add(rho0,
 553 :                         stan::math::multiply(rho_fq,
 554 :                           stan::model::rvalue(fq, "fq",
 555 :                             stan::model::index_min_max(start, ((start +
 556 :                               length) - 1))))),
 557 :                       stan::math::multiply(rho_mp,
 558 :                         stan::model::rvalue(mp, "mp",
 559 :                           stan::model::index_min_max(start, ((start + length)
 560 :                             - 1))))),
 561 :                     stan::math::multiply(rho_comp,
 562 :                       stan::model::rvalue(comp, "comp",
 563 :                         stan::model::index_min_max(start, ((start + length) -
 564 :                           1))))),
 565 :                   stan::math::multiply(rho_config,
 566 :                     stan::model::rvalue(config, "config",
 567 :                       stan::model::index_min_max(start, ((start + length) -
 568 :                         1))))))), "assigning variable rho");
 569 :           current_statement__ = 35;
 570 :           stan::math::validate_non_negative_index("lambda_it", "length",
 571 :             length);
 572 :           Eigen::Matrix<local_scalar_t__,-1,1> lambda_it =
 573 :             Eigen::Matrix<local_scalar_t__,-1,1>::Constant(length,
 574 :               DUMMY_VAR__);
 575 :           current_statement__ = 36;
 576 :           stan::model::assign(lambda_it,
 577 :             stan::math::add(
 578 :               stan::math::elt_divide(stan::math::minus(dis), rho),
 579 :               stan::model::rvalue(eps_scale, "eps_scale",
 580 :                 stan::model::index_multi(
 581 :                   stan::model::rvalue(trap_id, "trap_id",
 582 :                     stan::model::index_min_max(start, ((start + length) - 1)))))),
 583 :             "assigning variable lambda_it");
 584 :           current_statement__ = 37;
 585 :           lp_accum__.add(stan::math::multinomial_lpmf<propto__>(
 586 :                            stan::model::rvalue(yobs, "yobs",
 587 :                              stan::model::index_min_max(start, ((start +
 588 :                                length) - 1))), stan::math::softmax(lambda_it)));
 589 :         }
 590 :       }
 591 :     } catch (const std::exception& e) {
 592 :       stan::lang::rethrow_located(e, locations_array__[current_statement__]);
 593 :     }
 594 :     lp_accum__.add(lp__);
 595 :     return lp_accum__.sum();
 596 :   }
 597 :   template <typename RNG, typename VecR, typename VecI, typename VecVar,
 598 :             stan::require_vector_like_vt<std::is_floating_point,
 599 :             VecR>* = nullptr, stan::require_vector_like_vt<std::is_integral,
 600 :             VecI>* = nullptr, stan::require_vector_vt<std::is_floating_point,
 601 :             VecVar>* = nullptr>
 602 :   inline void
 603 :   write_array_impl(RNG& base_rng__, VecR& params_r__, VecI& params_i__,
 604 :                    VecVar& vars__, const bool
 605 :                    emit_transformed_parameters__ = true, const bool
 606 :                    emit_generated_quantities__ = true, std::ostream*
 607 :                    pstream__ = nullptr) const {
 608 :     using local_scalar_t__ = double;
 609 :     stan::io::deserializer<local_scalar_t__> in__(params_r__, params_i__);
 610 :     stan::io::serializer<local_scalar_t__> out__(vars__);
 611 :     static constexpr bool propto__ = true;
 612 :     // suppress unused var warning
 613 :     (void) propto__;
 614 :     double lp__ = 0.0;
 615 :     // suppress unused var warning
 616 :     (void) lp__;
 617 :     int current_statement__ = 0;
 618 :     stan::math::accumulator<double> lp_accum__;
 619 :     local_scalar_t__ DUMMY_VAR__(std::numeric_limits<double>::quiet_NaN());
 620 :     // suppress unused var warning
 621 :     (void) DUMMY_VAR__;
 622 :     constexpr bool jacobian__ = false;
 623 :     static constexpr const char* function__ =
 624 :       "model31085619a872da__namespace::write_array";
 625 :     // suppress unused var warning
 626 :     (void) function__;
 627 :     try {
 628 :       double rhomax = std::numeric_limits<double>::quiet_NaN();
 629 :       current_statement__ = 1;
 630 :       rhomax = in__.template read_constrain_lb<local_scalar_t__,
 631 :                  jacobian__>(0, lp__);
 632 :       double rho0 = std::numeric_limits<double>::quiet_NaN();
 633 :       current_statement__ = 2;
 634 :       rho0 = in__.template read<local_scalar_t__>();
 635 :       double rho_fq = std::numeric_limits<double>::quiet_NaN();
 636 :       current_statement__ = 3;
 637 :       rho_fq = in__.template read<local_scalar_t__>();
 638 :       double rho_mp = std::numeric_limits<double>::quiet_NaN();
 639 :       current_statement__ = 4;
 640 :       rho_mp = in__.template read<local_scalar_t__>();
 641 :       double rho_comp = std::numeric_limits<double>::quiet_NaN();
 642 :       current_statement__ = 5;
 643 :       rho_comp = in__.template read<local_scalar_t__>();
 644 :       double rho_config = std::numeric_limits<double>::quiet_NaN();
 645 :       current_statement__ = 6;
 646 :       rho_config = in__.template read<local_scalar_t__>();
 647 :       double sigma = std::numeric_limits<double>::quiet_NaN();
 648 :       current_statement__ = 7;
 649 :       sigma = in__.template read_constrain_lb<local_scalar_t__,
 650 :                 jacobian__>(0, lp__);
 651 :       Eigen::Matrix<double,-1,1> eps =
 652 :         Eigen::Matrix<double,-1,1>::Constant(K,
 653 :           std::numeric_limits<double>::quiet_NaN());
 654 :       current_statement__ = 8;
 655 :       eps = in__.template read<Eigen::Matrix<local_scalar_t__,-1,1>>(K);
 656 :       std::vector<double> delta_x_raw =
 657 :         std::vector<double>(C, std::numeric_limits<double>::quiet_NaN());
 658 :       current_statement__ = 9;
 659 :       delta_x_raw = in__.template read<std::vector<local_scalar_t__>>(C);
 660 :       std::vector<double> delta_y_raw =
 661 :         std::vector<double>(C, std::numeric_limits<double>::quiet_NaN());
 662 :       current_statement__ = 10;
 663 :       delta_y_raw = in__.template read<std::vector<local_scalar_t__>>(C);
 664 :       double sigma_sqrt = std::numeric_limits<double>::quiet_NaN();
 665 :       Eigen::Matrix<double,-1,1> eps_scale =
 666 :         Eigen::Matrix<double,-1,1>::Constant(K,
 667 :           std::numeric_limits<double>::quiet_NaN());
 668 :       std::vector<double> delta_x =
 669 :         std::vector<double>(C, std::numeric_limits<double>::quiet_NaN());
 670 :       std::vector<double> delta_y =
 671 :         std::vector<double>(C, std::numeric_limits<double>::quiet_NaN());
 672 :       out__.write(rhomax);
 673 :       out__.write(rho0);
 674 :       out__.write(rho_fq);
 675 :       out__.write(rho_mp);
 676 :       out__.write(rho_comp);
 677 :       out__.write(rho_config);
 678 :       out__.write(sigma);
 679 :       out__.write(eps);
 680 :       out__.write(delta_x_raw);
 681 :       out__.write(delta_y_raw);
 682 :       if (stan::math::logical_negation(
 683 :             (stan::math::primitive_value(emit_transformed_parameters__) ||
 684 :             stan::math::primitive_value(emit_generated_quantities__)))) {
 685 :         return ;
 686 :       }
 687 :       current_statement__ = 11;
 688 :       sigma_sqrt = stan::math::sqrt(sigma);
 689 :       current_statement__ = 12;
 690 :       stan::model::assign(eps_scale, stan::math::multiply(eps, sigma_sqrt),
 691 :         "assigning variable eps_scale");
 692 :       current_statement__ = 18;
 693 :       for (int c = 1; c <= C; ++c) {
 694 :         current_statement__ = 15;
 695 :         stan::model::assign(delta_x,
 696 :           (stan::model::rvalue(colonycenters, "colonycenters",
 697 :              stan::model::index_uni(c), stan::model::index_uni(1)) +
 698 :           stan::model::rvalue(delta_x_raw, "delta_x_raw",
 699 :             stan::model::index_uni(c))), "assigning variable delta_x",
 700 :           stan::model::index_uni(c));
 701 :         current_statement__ = 16;
 702 :         stan::model::assign(delta_y,
 703 :           (stan::model::rvalue(colonycenters, "colonycenters",
 704 :              stan::model::index_uni(c), stan::model::index_uni(2)) +
 705 :           stan::model::rvalue(delta_y_raw, "delta_y_raw",
 706 :             stan::model::index_uni(c))), "assigning variable delta_y",
 707 :           stan::model::index_uni(c));
 708 :       }
 709 :       current_statement__ = 11;
 710 :       stan::math::check_greater_or_equal(function__, "sigma_sqrt",
 711 :         sigma_sqrt, 0);
 712 :       if (emit_transformed_parameters__) {
 713 :         out__.write(sigma_sqrt);
 714 :         out__.write(eps_scale);
 715 :         out__.write(delta_x);
 716 :         out__.write(delta_y);
 717 :       }
 718 :       if (stan::math::logical_negation(emit_generated_quantities__)) {
 719 :         return ;
 720 :       }
 721 :     } catch (const std::exception& e) {
 722 :       stan::lang::rethrow_located(e, locations_array__[current_statement__]);
 723 :     }
 724 :   }
 725 :   template <typename VecVar, typename VecI,
 726 :             stan::require_vector_t<VecVar>* = nullptr,
 727 :             stan::require_vector_like_vt<std::is_integral, VecI>* = nullptr>
 728 :   inline void
 729 :   unconstrain_array_impl(const VecVar& params_r__, const VecI& params_i__,
 730 :                          VecVar& vars__, std::ostream* pstream__ = nullptr) const {
 731 :     using local_scalar_t__ = double;
 732 :     stan::io::deserializer<local_scalar_t__> in__(params_r__, params_i__);
 733 :     stan::io::serializer<local_scalar_t__> out__(vars__);
 734 :     int current_statement__ = 0;
 735 :     local_scalar_t__ DUMMY_VAR__(std::numeric_limits<double>::quiet_NaN());
 736 :     // suppress unused var warning
 737 :     (void) DUMMY_VAR__;
 738 :     try {
 739 :       int pos__ = std::numeric_limits<int>::min();
 740 :       pos__ = 1;
 741 :       local_scalar_t__ rhomax = DUMMY_VAR__;
 742 :       current_statement__ = 1;
 743 :       rhomax = in__.read<local_scalar_t__>();
 744 :       out__.write_free_lb(0, rhomax);
 745 :       local_scalar_t__ rho0 = DUMMY_VAR__;
 746 :       current_statement__ = 2;
 747 :       rho0 = in__.read<local_scalar_t__>();
 748 :       out__.write(rho0);
 749 :       local_scalar_t__ rho_fq = DUMMY_VAR__;
 750 :       current_statement__ = 3;
 751 :       rho_fq = in__.read<local_scalar_t__>();
 752 :       out__.write(rho_fq);
 753 :       local_scalar_t__ rho_mp = DUMMY_VAR__;
 754 :       current_statement__ = 4;
 755 :       rho_mp = in__.read<local_scalar_t__>();
 756 :       out__.write(rho_mp);
 757 :       local_scalar_t__ rho_comp = DUMMY_VAR__;
 758 :       current_statement__ = 5;
 759 :       rho_comp = in__.read<local_scalar_t__>();
 760 :       out__.write(rho_comp);
 761 :       local_scalar_t__ rho_config = DUMMY_VAR__;
 762 :       current_statement__ = 6;
 763 :       rho_config = in__.read<local_scalar_t__>();
 764 :       out__.write(rho_config);
 765 :       local_scalar_t__ sigma = DUMMY_VAR__;
 766 :       current_statement__ = 7;
 767 :       sigma = in__.read<local_scalar_t__>();
 768 :       out__.write_free_lb(0, sigma);
 769 :       Eigen::Matrix<local_scalar_t__,-1,1> eps =
 770 :         Eigen::Matrix<local_scalar_t__,-1,1>::Constant(K, DUMMY_VAR__);
 771 :       current_statement__ = 8;
 772 :       stan::model::assign(eps,
 773 :         in__.read<Eigen::Matrix<local_scalar_t__,-1,1>>(K),
 774 :         "assigning variable eps");
 775 :       out__.write(eps);
 776 :       std::vector<local_scalar_t__> delta_x_raw =
 777 :         std::vector<local_scalar_t__>(C, DUMMY_VAR__);
 778 :       current_statement__ = 9;
 779 :       stan::model::assign(delta_x_raw,
 780 :         in__.read<std::vector<local_scalar_t__>>(C),
 781 :         "assigning variable delta_x_raw");
 782 :       out__.write(delta_x_raw);
 783 :       std::vector<local_scalar_t__> delta_y_raw =
 784 :         std::vector<local_scalar_t__>(C, DUMMY_VAR__);
 785 :       current_statement__ = 10;
 786 :       stan::model::assign(delta_y_raw,
 787 :         in__.read<std::vector<local_scalar_t__>>(C),
 788 :         "assigning variable delta_y_raw");
 789 :       out__.write(delta_y_raw);
 790 :     } catch (const std::exception& e) {
 791 :       stan::lang::rethrow_located(e, locations_array__[current_statement__]);
 792 :     }
 793 :   }
 794 :   template <typename VecVar, stan::require_vector_t<VecVar>* = nullptr>
 795 :   inline void
 796 :   transform_inits_impl(const stan::io::var_context& context__, VecVar&
 797 :                        vars__, std::ostream* pstream__ = nullptr) const {
 798 :     using local_scalar_t__ = double;
 799 :     stan::io::serializer<local_scalar_t__> out__(vars__);
 800 :     int current_statement__ = 0;
 801 :     local_scalar_t__ DUMMY_VAR__(std::numeric_limits<double>::quiet_NaN());
 802 :     // suppress unused var warning
 803 :     (void) DUMMY_VAR__;
 804 :     try {
 805 :       current_statement__ = 1;
 806 :       context__.validate_dims("parameter initialization", "rhomax", "double",
 807 :         std::vector<size_t>{});
 808 :       current_statement__ = 2;
 809 :       context__.validate_dims("parameter initialization", "rho0", "double",
 810 :         std::vector<size_t>{});
 811 :       current_statement__ = 3;
 812 :       context__.validate_dims("parameter initialization", "rho_fq", "double",
 813 :         std::vector<size_t>{});
 814 :       current_statement__ = 4;
 815 :       context__.validate_dims("parameter initialization", "rho_mp", "double",
 816 :         std::vector<size_t>{});
 817 :       current_statement__ = 5;
 818 :       context__.validate_dims("parameter initialization", "rho_comp",
 819 :         "double", std::vector<size_t>{});
 820 :       current_statement__ = 6;
 821 :       context__.validate_dims("parameter initialization", "rho_config",
 822 :         "double", std::vector<size_t>{});
 823 :       current_statement__ = 7;
 824 :       context__.validate_dims("parameter initialization", "sigma", "double",
 825 :         std::vector<size_t>{});
 826 :       current_statement__ = 8;
 827 :       context__.validate_dims("parameter initialization", "eps", "double",
 828 :         std::vector<size_t>{static_cast<size_t>(K)});
 829 :       current_statement__ = 9;
 830 :       context__.validate_dims("parameter initialization", "delta_x_raw",
 831 :         "double", std::vector<size_t>{static_cast<size_t>(C)});
 832 :       current_statement__ = 10;
 833 :       context__.validate_dims("parameter initialization", "delta_y_raw",
 834 :         "double", std::vector<size_t>{static_cast<size_t>(C)});
 835 :       int pos__ = std::numeric_limits<int>::min();
 836 :       pos__ = 1;
 837 :       local_scalar_t__ rhomax = DUMMY_VAR__;
 838 :       current_statement__ = 1;
 839 :       rhomax = context__.vals_r("rhomax")[(1 - 1)];
 840 :       out__.write_free_lb(0, rhomax);
 841 :       local_scalar_t__ rho0 = DUMMY_VAR__;
 842 :       current_statement__ = 2;
 843 :       rho0 = context__.vals_r("rho0")[(1 - 1)];
 844 :       out__.write(rho0);
 845 :       local_scalar_t__ rho_fq = DUMMY_VAR__;
 846 :       current_statement__ = 3;
 847 :       rho_fq = context__.vals_r("rho_fq")[(1 - 1)];
 848 :       out__.write(rho_fq);
 849 :       local_scalar_t__ rho_mp = DUMMY_VAR__;
 850 :       current_statement__ = 4;
 851 :       rho_mp = context__.vals_r("rho_mp")[(1 - 1)];
 852 :       out__.write(rho_mp);
 853 :       local_scalar_t__ rho_comp = DUMMY_VAR__;
 854 :       current_statement__ = 5;
 855 :       rho_comp = context__.vals_r("rho_comp")[(1 - 1)];
 856 :       out__.write(rho_comp);
 857 :       local_scalar_t__ rho_config = DUMMY_VAR__;
 858 :       current_statement__ = 6;
 859 :       rho_config = context__.vals_r("rho_config")[(1 - 1)];
 860 :       out__.write(rho_config);
 861 :       local_scalar_t__ sigma = DUMMY_VAR__;
 862 :       current_statement__ = 7;
 863 :       sigma = context__.vals_r("sigma")[(1 - 1)];
 864 :       out__.write_free_lb(0, sigma);
 865 :       Eigen::Matrix<local_scalar_t__,-1,1> eps =
 866 :         Eigen::Matrix<local_scalar_t__,-1,1>::Constant(K, DUMMY_VAR__);
 867 :       {
 868 :         std::vector<local_scalar_t__> eps_flat__;
 869 :         current_statement__ = 8;
 870 :         eps_flat__ = context__.vals_r("eps");
 871 :         current_statement__ = 8;
 872 :         pos__ = 1;
 873 :         current_statement__ = 8;
 874 :         for (int sym1__ = 1; sym1__ <= K; ++sym1__) {
 875 :           current_statement__ = 8;
 876 :           stan::model::assign(eps, eps_flat__[(pos__ - 1)],
 877 :             "assigning variable eps", stan::model::index_uni(sym1__));
 878 :           current_statement__ = 8;
 879 :           pos__ = (pos__ + 1);
 880 :         }
 881 :       }
 882 :       out__.write(eps);
 883 :       std::vector<local_scalar_t__> delta_x_raw =
 884 :         std::vector<local_scalar_t__>(C, DUMMY_VAR__);
 885 :       current_statement__ = 9;
 886 :       delta_x_raw = context__.vals_r("delta_x_raw");
 887 :       out__.write(delta_x_raw);
 888 :       std::vector<local_scalar_t__> delta_y_raw =
 889 :         std::vector<local_scalar_t__>(C, DUMMY_VAR__);
 890 :       current_statement__ = 10;
 891 :       delta_y_raw = context__.vals_r("delta_y_raw");
 892 :       out__.write(delta_y_raw);
 893 :     } catch (const std::exception& e) {
 894 :       stan::lang::rethrow_located(e, locations_array__[current_statement__]);
 895 :     }
 896 :   }
 897 :   inline void
 898 :   get_param_names(std::vector<std::string>& names__, const bool
 899 :                   emit_transformed_parameters__ = true, const bool
 900 :                   emit_generated_quantities__ = true) const {
 901 :     names__ = std::vector<std::string>{"rhomax", "rho0", "rho_fq", "rho_mp",
 902 :                 "rho_comp", "rho_config", "sigma", "eps", "delta_x_raw",
 903 :                 "delta_y_raw"};
 904 :     if (emit_transformed_parameters__) {
 905 :       std::vector<std::string>
 906 :         temp{"sigma_sqrt", "eps_scale", "delta_x", "delta_y"};
 907 :       names__.reserve(names__.size() + temp.size());
 908 :       names__.insert(names__.end(), temp.begin(), temp.end());
 909 :     }
 910 :     if (emit_generated_quantities__) {}
 911 :   }
 912 :   inline void
 913 :   get_dims(std::vector<std::vector<size_t>>& dimss__, const bool
 914 :            emit_transformed_parameters__ = true, const bool
 915 :            emit_generated_quantities__ = true) const {
 916 :     dimss__ = std::vector<std::vector<size_t>>{std::vector<size_t>{},
 917 :                 std::vector<size_t>{}, std::vector<size_t>{},
 918 :                 std::vector<size_t>{}, std::vector<size_t>{},
 919 :                 std::vector<size_t>{}, std::vector<size_t>{},
 920 :                 std::vector<size_t>{static_cast<size_t>(K)},
 921 :                 std::vector<size_t>{static_cast<size_t>(C)},
 922 :                 std::vector<size_t>{static_cast<size_t>(C)}};
 923 :     if (emit_transformed_parameters__) {
 924 :       std::vector<std::vector<size_t>>
 925 :         temp{std::vector<size_t>{},
 926 :              std::vector<size_t>{static_cast<size_t>(K)},
 927 :              std::vector<size_t>{static_cast<size_t>(C)},
 928 :              std::vector<size_t>{static_cast<size_t>(C)}};
 929 :       dimss__.reserve(dimss__.size() + temp.size());
 930 :       dimss__.insert(dimss__.end(), temp.begin(), temp.end());
 931 :     }
 932 :     if (emit_generated_quantities__) {}
 933 :   }
 934 :   inline void
 935 :   constrained_param_names(std::vector<std::string>& param_names__, bool
 936 :                           emit_transformed_parameters__ = true, bool
 937 :                           emit_generated_quantities__ = true) const final {
 938 :     param_names__.emplace_back(std::string() + "rhomax");
 939 :     param_names__.emplace_back(std::string() + "rho0");
 940 :     param_names__.emplace_back(std::string() + "rho_fq");
 941 :     param_names__.emplace_back(std::string() + "rho_mp");
 942 :     param_names__.emplace_back(std::string() + "rho_comp");
 943 :     param_names__.emplace_back(std::string() + "rho_config");
 944 :     param_names__.emplace_back(std::string() + "sigma");
 945 :     for (int sym1__ = 1; sym1__ <= K; ++sym1__) {
 946 :       param_names__.emplace_back(std::string() + "eps" + '.' +
 947 :         std::to_string(sym1__));
 948 :     }
 949 :     for (int sym1__ = 1; sym1__ <= C; ++sym1__) {
 950 :       param_names__.emplace_back(std::string() + "delta_x_raw" + '.' +
 951 :         std::to_string(sym1__));
 952 :     }
 953 :     for (int sym1__ = 1; sym1__ <= C; ++sym1__) {
 954 :       param_names__.emplace_back(std::string() + "delta_y_raw" + '.' +
 955 :         std::to_string(sym1__));
 956 :     }
 957 :     if (emit_transformed_parameters__) {
 958 :       param_names__.emplace_back(std::string() + "sigma_sqrt");
 959 :       for (int sym1__ = 1; sym1__ <= K; ++sym1__) {
 960 :         param_names__.emplace_back(std::string() + "eps_scale" + '.' +
 961 :           std::to_string(sym1__));
 962 :       }
 963 :       for (int sym1__ = 1; sym1__ <= C; ++sym1__) {
 964 :         param_names__.emplace_back(std::string() + "delta_x" + '.' +
 965 :           std::to_string(sym1__));
 966 :       }
 967 :       for (int sym1__ = 1; sym1__ <= C; ++sym1__) {
 968 :         param_names__.emplace_back(std::string() + "delta_y" + '.' +
 969 :           std::to_string(sym1__));
 970 :       }
 971 :     }
 972 :     if (emit_generated_quantities__) {}
 973 :   }
 974 :   inline void
 975 :   unconstrained_param_names(std::vector<std::string>& param_names__, bool
 976 :                             emit_transformed_parameters__ = true, bool
 977 :                             emit_generated_quantities__ = true) const final {
 978 :     param_names__.emplace_back(std::string() + "rhomax");
 979 :     param_names__.emplace_back(std::string() + "rho0");
 980 :     param_names__.emplace_back(std::string() + "rho_fq");
 981 :     param_names__.emplace_back(std::string() + "rho_mp");
 982 :     param_names__.emplace_back(std::string() + "rho_comp");
 983 :     param_names__.emplace_back(std::string() + "rho_config");
 984 :     param_names__.emplace_back(std::string() + "sigma");
 985 :     for (int sym1__ = 1; sym1__ <= K; ++sym1__) {
 986 :       param_names__.emplace_back(std::string() + "eps" + '.' +
 987 :         std::to_string(sym1__));
 988 :     }
 989 :     for (int sym1__ = 1; sym1__ <= C; ++sym1__) {
 990 :       param_names__.emplace_back(std::string() + "delta_x_raw" + '.' +
 991 :         std::to_string(sym1__));
 992 :     }
 993 :     for (int sym1__ = 1; sym1__ <= C; ++sym1__) {
 994 :       param_names__.emplace_back(std::string() + "delta_y_raw" + '.' +
 995 :         std::to_string(sym1__));
 996 :     }
 997 :     if (emit_transformed_parameters__) {
 998 :       param_names__.emplace_back(std::string() + "sigma_sqrt");
 999 :       for (int sym1__ = 1; sym1__ <= K; ++sym1__) {
1000 :         param_names__.emplace_back(std::string() + "eps_scale" + '.' +
1001 :           std::to_string(sym1__));
1002 :       }
1003 :       for (int sym1__ = 1; sym1__ <= C; ++sym1__) {
1004 :         param_names__.emplace_back(std::string() + "delta_x" + '.' +
1005 :           std::to_string(sym1__));
1006 :       }
1007 :       for (int sym1__ = 1; sym1__ <= C; ++sym1__) {
1008 :         param_names__.emplace_back(std::string() + "delta_y" + '.' +
1009 :           std::to_string(sym1__));
1010 :       }
1011 :     }
1012 :     if (emit_generated_quantities__) {}
1013 :   }
1014 :   inline std::string get_constrained_sizedtypes() const {
1015 :     return std::string("[{\"name\":\"rhomax\",\"type\":{\"name\":\"real\"},\"block\":\"parameters\"},{\"name\":\"rho0\",\"type\":{\"name\":\"real\"},\"block\":\"parameters\"},{\"name\":\"rho_fq\",\"type\":{\"name\":\"real\"},\"block\":\"parameters\"},{\"name\":\"rho_mp\",\"type\":{\"name\":\"real\"},\"block\":\"parameters\"},{\"name\":\"rho_comp\",\"type\":{\"name\":\"real\"},\"block\":\"parameters\"},{\"name\":\"rho_config\",\"type\":{\"name\":\"real\"},\"block\":\"parameters\"},{\"name\":\"sigma\",\"type\":{\"name\":\"real\"},\"block\":\"parameters\"},{\"name\":\"eps\",\"type\":{\"name\":\"vector\",\"length\":" + std::to_string(K) + "},\"block\":\"parameters\"},{\"name\":\"delta_x_raw\",\"type\":{\"name\":\"array\",\"length\":" + std::to_string(C) + ",\"element_type\":{\"name\":\"real\"}},\"block\":\"parameters\"},{\"name\":\"delta_y_raw\",\"type\":{\"name\":\"array\",\"length\":" + std::to_string(C) + ",\"element_type\":{\"name\":\"real\"}},\"block\":\"parameters\"},{\"name\":\"sigma_sqrt\",\"type\":{\"name\":\"real\"},\"block\":\"transformed_parameters\"},{\"name\":\"eps_scale\",\"type\":{\"name\":\"vector\",\"length\":" + std::to_string(K) + "},\"block\":\"transformed_parameters\"},{\"name\":\"delta_x\",\"type\":{\"name\":\"array\",\"length\":" + std::to_string(C) + ",\"element_type\":{\"name\":\"real\"}},\"block\":\"transformed_parameters\"},{\"name\":\"delta_y\",\"type\":{\"name\":\"array\",\"length\":" + std::to_string(C) + ",\"element_type\":{\"name\":\"real\"}},\"block\":\"transformed_parameters\"}]");
1016 :   }
1017 :   inline std::string get_unconstrained_sizedtypes() const {
1018 :     return std::string("[{\"name\":\"rhomax\",\"type\":{\"name\":\"real\"},\"block\":\"parameters\"},{\"name\":\"rho0\",\"type\":{\"name\":\"real\"},\"block\":\"parameters\"},{\"name\":\"rho_fq\",\"type\":{\"name\":\"real\"},\"block\":\"parameters\"},{\"name\":\"rho_mp\",\"type\":{\"name\":\"real\"},\"block\":\"parameters\"},{\"name\":\"rho_comp\",\"type\":{\"name\":\"real\"},\"block\":\"parameters\"},{\"name\":\"rho_config\",\"type\":{\"name\":\"real\"},\"block\":\"parameters\"},{\"name\":\"sigma\",\"type\":{\"name\":\"real\"},\"block\":\"parameters\"},{\"name\":\"eps\",\"type\":{\"name\":\"vector\",\"length\":" + std::to_string(K) + "},\"block\":\"parameters\"},{\"name\":\"delta_x_raw\",\"type\":{\"name\":\"array\",\"length\":" + std::to_string(C) + ",\"element_type\":{\"name\":\"real\"}},\"block\":\"parameters\"},{\"name\":\"delta_y_raw\",\"type\":{\"name\":\"array\",\"length\":" + std::to_string(C) + ",\"element_type\":{\"name\":\"real\"}},\"block\":\"parameters\"},{\"name\":\"sigma_sqrt\",\"type\":{\"name\":\"real\"},\"block\":\"transformed_parameters\"},{\"name\":\"eps_scale\",\"type\":{\"name\":\"vector\",\"length\":" + std::to_string(K) + "},\"block\":\"transformed_parameters\"},{\"name\":\"delta_x\",\"type\":{\"name\":\"array\",\"length\":" + std::to_string(C) + ",\"element_type\":{\"name\":\"real\"}},\"block\":\"transformed_parameters\"},{\"name\":\"delta_y\",\"type\":{\"name\":\"array\",\"length\":" + std::to_string(C) + ",\"element_type\":{\"name\":\"real\"}},\"block\":\"transformed_parameters\"}]");
1019 :   }
1020 :   // Begin method overload boilerplate
1021 :   template <typename RNG> inline void
1022 :   write_array(RNG& base_rng, Eigen::Matrix<double,-1,1>& params_r,
1023 :               Eigen::Matrix<double,-1,1>& vars, const bool
1024 :               emit_transformed_parameters = true, const bool
1025 :               emit_generated_quantities = true, std::ostream*
1026 :               pstream = nullptr) const {
1027 :     const size_t num_params__ = (((((((((1 + 1) + 1) + 1) + 1) + 1) + 1) + K)
1028 :       + C) + C);
1029 :     const size_t num_transformed = emit_transformed_parameters * ((((1 + K) +
1030 :       C) + C));
1031 :     const size_t num_gen_quantities = emit_generated_quantities * (0);
1032 :     const size_t num_to_write = num_params__ + num_transformed +
1033 :       num_gen_quantities;
1034 :     std::vector<int> params_i;
1035 :     vars = Eigen::Matrix<double,-1,1>::Constant(num_to_write,
1036 :              std::numeric_limits<double>::quiet_NaN());
1037 :     write_array_impl(base_rng, params_r, params_i, vars,
1038 :       emit_transformed_parameters, emit_generated_quantities, pstream);
1039 :   }
1040 :   template <typename RNG> inline void
1041 :   write_array(RNG& base_rng, std::vector<double>& params_r, std::vector<int>&
1042 :               params_i, std::vector<double>& vars, bool
1043 :               emit_transformed_parameters = true, bool
1044 :               emit_generated_quantities = true, std::ostream*
1045 :               pstream = nullptr) const {
1046 :     const size_t num_params__ = (((((((((1 + 1) + 1) + 1) + 1) + 1) + 1) + K)
1047 :       + C) + C);
1048 :     const size_t num_transformed = emit_transformed_parameters * ((((1 + K) +
1049 :       C) + C));
1050 :     const size_t num_gen_quantities = emit_generated_quantities * (0);
1051 :     const size_t num_to_write = num_params__ + num_transformed +
1052 :       num_gen_quantities;
1053 :     vars = std::vector<double>(num_to_write,
1054 :              std::numeric_limits<double>::quiet_NaN());
1055 :     write_array_impl(base_rng, params_r, params_i, vars,
1056 :       emit_transformed_parameters, emit_generated_quantities, pstream);
1057 :   }
1058 :   template <bool propto__, bool jacobian__, typename T_> inline T_
1059 :   log_prob(Eigen::Matrix<T_,-1,1>& params_r, std::ostream* pstream = nullptr) const {
1060 :     Eigen::Matrix<int,-1,1> params_i;
1061 :     return log_prob_impl<propto__, jacobian__>(params_r, params_i, pstream);
1062 :   }
1063 :   template <bool propto__, bool jacobian__, typename T_> inline T_
1064 :   log_prob(std::vector<T_>& params_r, std::vector<int>& params_i,
1065 :            std::ostream* pstream = nullptr) const {
1066 :     return log_prob_impl<propto__, jacobian__>(params_r, params_i, pstream);
1067 :   }
1068 :   inline void
1069 :   transform_inits(const stan::io::var_context& context,
1070 :                   Eigen::Matrix<double,-1,1>& params_r, std::ostream*
1071 :                   pstream = nullptr) const final {
1072 :     std::vector<double> params_r_vec(params_r.size());
1073 :     std::vector<int> params_i;
1074 :     transform_inits(context, params_i, params_r_vec, pstream);
1075 :     params_r = Eigen::Map<Eigen::Matrix<double,-1,1>>(params_r_vec.data(),
1076 :                  params_r_vec.size());
1077 :   }
1078 :   inline void
1079 :   transform_inits(const stan::io::var_context& context, std::vector<int>&
1080 :                   params_i, std::vector<double>& vars, std::ostream*
1081 :                   pstream__ = nullptr) const {
1082 :     vars.resize(num_params_r__);
1083 :     transform_inits_impl(context, vars, pstream__);
1084 :   }
1085 :   inline void
1086 :   unconstrain_array(const std::vector<double>& params_constrained,
1087 :                     std::vector<double>& params_unconstrained, std::ostream*
1088 :                     pstream = nullptr) const {
1089 :     const std::vector<int> params_i;
1090 :     params_unconstrained = std::vector<double>(num_params_r__,
1091 :                              std::numeric_limits<double>::quiet_NaN());
1092 :     unconstrain_array_impl(params_constrained, params_i,
1093 :       params_unconstrained, pstream);
1094 :   }
1095 :   inline void
1096 :   unconstrain_array(const Eigen::Matrix<double,-1,1>& params_constrained,
1097 :                     Eigen::Matrix<double,-1,1>& params_unconstrained,
1098 :                     std::ostream* pstream = nullptr) const {
1099 :     const std::vector<int> params_i;
1100 :     params_unconstrained = Eigen::Matrix<double,-1,1>::Constant(num_params_r__,
1101 :                              std::numeric_limits<double>::quiet_NaN());
1102 :     unconstrain_array_impl(params_constrained, params_i,
1103 :       params_unconstrained, pstream);
1104 :   }
1105 : };
1106 : }
1107 : using stan_model = model31085619a872da__namespace::model31085619a872da_;
1108 : #ifndef USING_R
1109 : // Boilerplate
1110 : stan::model::model_base&
1111 : new_model(stan::io::var_context& data_context, unsigned int seed,
1112 :           std::ostream* msg_stream) {
1113 :   stan_model* m = new stan_model(data_context, seed, msg_stream);
1114 :   return *m;
1115 : }
1116 : stan::math::profile_map& get_stan_profile_data() {
1117 :   return model31085619a872da__namespace::profiles__;
1118 : }
1119 : #endif
1120 : #endif
1121 : 
1122 : RCPP_MODULE(stan_fit4model31085619a872da__mod) {
1123 :   class_<rstan::stan_fit<stan_model, boost::random::ecuyer1988> >(
1124 :       "stan_fit4model31085619a872da_")
1125 : 
1126 :       .constructor<SEXP, SEXP, SEXP>()
1127 : 
1128 :       .method(
1129 :           "call_sampler",
1130 :           &rstan::stan_fit<stan_model, boost::random::ecuyer1988>::call_sampler)
1131 :       .method(
1132 :           "param_names",
1133 :           &rstan::stan_fit<stan_model, boost::random::ecuyer1988>::param_names)
1134 :       .method("param_names_oi",
1135 :               &rstan::stan_fit<stan_model,
1136 :                                boost::random::ecuyer1988>::param_names_oi)
1137 :       .method("param_fnames_oi",
1138 :               &rstan::stan_fit<stan_model,
1139 :                                boost::random::ecuyer1988>::param_fnames_oi)
1140 :       .method(
1141 :           "param_dims",
1142 :           &rstan::stan_fit<stan_model, boost::random::ecuyer1988>::param_dims)
1143 :       .method("param_dims_oi",
1144 :               &rstan::stan_fit<stan_model,
1145 :                                boost::random::ecuyer1988>::param_dims_oi)
1146 :       .method("update_param_oi",
1147 :               &rstan::stan_fit<stan_model,
1148 :                                boost::random::ecuyer1988>::update_param_oi)
1149 :       .method("param_oi_tidx",
1150 :               &rstan::stan_fit<stan_model,
1151 :                                boost::random::ecuyer1988>::param_oi_tidx)
1152 :       .method("grad_log_prob",
1153 :               &rstan::stan_fit<stan_model,
1154 :                                boost::random::ecuyer1988>::grad_log_prob)
1155 :       .method("log_prob",
1156 :               &rstan::stan_fit<stan_model, boost::random::ecuyer1988>::log_prob)
1157 :       .method("unconstrain_pars",
1158 :               &rstan::stan_fit<stan_model,
1159 :                                boost::random::ecuyer1988>::unconstrain_pars)
1160 :       .method("constrain_pars",
1161 :               &rstan::stan_fit<stan_model,
1162 :                                boost::random::ecuyer1988>::constrain_pars)
1163 :       .method(
1164 :           "num_pars_unconstrained",
1165 :           &rstan::stan_fit<stan_model,
1166 :                            boost::random::ecuyer1988>::num_pars_unconstrained)
1167 :       .method(
1168 :           "unconstrained_param_names",
1169 :           &rstan::stan_fit<
1170 :               stan_model, boost::random::ecuyer1988>::unconstrained_param_names)
1171 :       .method(
1172 :           "constrained_param_names",
1173 :           &rstan::stan_fit<stan_model,
1174 :                            boost::random::ecuyer1988>::constrained_param_names)
1175 :       .method("standalone_gqs",
1176 :               &rstan::stan_fit<stan_model,
1177 :                                boost::random::ecuyer1988>::standalone_gqs);
1178 : }
1179 : 
1180 : 
1181 : // declarations
1182 : extern "C" {
1183 : SEXP file310856583fde14( ) ;
1184 : }
1185 : 
1186 : // definition
1187 : SEXP file310856583fde14() {
1188 :  return Rcpp::wrap("anon_model");
1189 : }
make cmd is
  make -f '/cvmfs/soft.computecanada.ca/easybuild/software/2023/x86-64-v4/Compiler/gcccore/r/4.3.1/lib64/R/etc/Makeconf' -f '/cvmfs/soft.computecanada.ca/easybuild/software/2023/x86-64-v4/Compiler/gcccore/r/4.3.1/lib64/R/share/make/shlib.mk' CXX='$(CXX17) $(CXX17STD)' CXXFLAGS='$(CXX17FLAGS)' CXXPICFLAGS='$(CXX17PICFLAGS)' SHLIB_LDFLAGS='$(SHLIB_CXX17LDFLAGS)' SHLIB_LD='$(SHLIB_CXX17LD)' SHLIB='file310856583fde14.so' OBJECTS='file310856583fde14.o'

make would use
g++ -std=gnu++17 -I"/cvmfs/soft.computecanada.ca/easybuild/software/2023/x86-64-v4/Compiler/gcccore/r/4.3.1/lib64/R/include" -DNDEBUG   -I"/home/melanson/R/x86_64-pc-linux-gnu-library/4.3/Rcpp/include/"  -I"/home/melanson/R/x86_64-pc-linux-gnu-library/4.3/RcppEigen/include/"  -I"/home/melanson/R/x86_64-pc-linux-gnu-library/4.3/RcppEigen/include/unsupported"  -I"/home/melanson/R/x86_64-pc-linux-gnu-library/4.3/BH/include" -I"/home/melanson/R/x86_64-pc-linux-gnu-library/4.3/StanHeaders/include/src/"  -I"/home/melanson/R/x86_64-pc-linux-gnu-library/4.3/StanHeaders/include/"  -I"/home/melanson/R/x86_64-pc-linux-gnu-library/4.3/RcppParallel/include/"  -I"/home/melanson/R/x86_64-pc-linux-gnu-library/4.3/rstan/include" -DEIGEN_NO_DEBUG  -DBOOST_DISABLE_ASSERTS  -DBOOST_PENDING_INTEGER_LOG2_HPP  -DSTAN_THREADS  -DUSE_STANC3 -DSTRICT_R_HEADERS  -DBOOST_PHOENIX_NO_VARIADIC_EXPRESSION  -D_HAS_AUTO_PTR_ETC=0  -include '/home/melanson/R/x86_64-pc-linux-gnu-library/4.3/StanHeaders/include/stan/math/prim/fun/Eigen.hpp'  -D_REENTRANT -DRCPP_PARALLEL_USE_TBB=1   -I/cvmfs/soft.computecanada.ca/easybuild/software/2023/x86-64-v3/Core/java/17.0.6/include -I/cvmfs/soft.computecanada.ca/easybuild/software/2023/x86-64-v3/Core/flexiblascore/3.3.1/include -I/cvmfs/soft.computecanada.ca/easybuild/software/2023/x86-64-v3/Core/flexiblascore/3.3.1/include/flexiblas    -fpic  -O2 -ftree-vectorize -march=x86-64-v4 -fno-math-errno  -c file310856583fde14.cpp -o file310856583fde14.o
if test  "zfile310856583fde14.o" != "z"; then \
  echo g++ -std=gnu++17 -shared -L"/cvmfs/soft.computecanada.ca/easybuild/software/2023/x86-64-v4/Compiler/gcccore/r/4.3.1/lib64/R/lib"  -o file310856583fde14.so file310856583fde14.o  '/home/melanson/R/x86_64-pc-linux-gnu-library/4.3/rstan/lib//libStanServices.a' -L'/home/melanson/R/x86_64-pc-linux-gnu-library/4.3/StanHeaders/lib/' -lStanHeaders -L'/home/melanson/R/x86_64-pc-linux-gnu-library/4.3/RcppParallel/lib/' -ltbb   -L"/cvmfs/soft.computecanada.ca/easybuild/software/2023/x86-64-v4/Compiler/gcccore/r/4.3.1/lib64/R/lib" -lR; \
  g++ -std=gnu++17 -shared -L"/cvmfs/soft.computecanada.ca/easybuild/software/2023/x86-64-v4/Compiler/gcccore/r/4.3.1/lib64/R/lib"  -o file310856583fde14.so file310856583fde14.o  '/home/melanson/R/x86_64-pc-linux-gnu-library/4.3/rstan/lib//libStanServices.a' -L'/home/melanson/R/x86_64-pc-linux-gnu-library/4.3/StanHeaders/lib/' -lStanHeaders -L'/home/melanson/R/x86_64-pc-linux-gnu-library/4.3/RcppParallel/lib/' -ltbb   -L"/cvmfs/soft.computecanada.ca/easybuild/software/2023/x86-64-v4/Compiler/gcccore/r/4.3.1/lib64/R/lib" -lR; \
fi

CHECKING DATA AND PREPROCESSING FOR MODEL 'anon_model' NOW.

COMPILING MODEL 'anon_model' NOW.

STARTING SAMPLER FOR MODEL 'anon_model' NOW.

CHECKING DATA AND PREPROCESSING FOR MODEL 'anon_model' NOW.

CHECKING DATA AND PREPROCESSING FOR MODEL 'anon_model' NOW.

CHECKING DATA AND PREPROCESSING FOR MODEL 'anon_model' NOW.

COMPILING MODEL 'anon_model' NOW.

STARTING SAMPLER FOR MODEL 'anon_model' NOW.

COMPILING MODEL 'anon_model' NOW.

STARTING SAMPLER FOR MODEL 'anon_model' NOW.

COMPILING MODEL 'anon_model' NOW.

STARTING SAMPLER FOR MODEL 'anon_model' NOW.

SAMPLING FOR MODEL 'anon_model' NOW (CHAIN 1).

SAMPLING FOR MODEL 'anon_model' NOW (CHAIN 2).

SAMPLING FOR MODEL 'anon_model' NOW (CHAIN 3).

CHECKING DATA AND PREPROCESSING FOR MODEL 'anon_model' NOW.

COMPILING MODEL 'anon_model' NOW.

STARTING SAMPLER FOR MODEL 'anon_model' NOW.

SAMPLING FOR MODEL 'anon_model' NOW (CHAIN 4).
Chain 1: Rejecting initial value:
Chain 1:   Log probability evaluates to log(0), i.e. negative infinity.
Chain 1:   Stan can't start sampling from this initial value.
Chain 3: Rejecting initial value:
Chain 3:   Log probability evaluates to log(0), i.e. negative infinity.
Chain 3:   Stan can't start sampling from this initial value.
Chain 2: 
Chain 2: Gradient evaluation took 0.056452 seconds
Chain 2: 1000 transitions using 10 leapfrog steps per transition would take 564.52 seconds.
Chain 2: Adjust your expectations accordingly!
Chain 2: 
Chain 2: 
Chain 1: 
Chain 1: Gradient evaluation took 0.056204 seconds
Chain 1: 1000 transitions using 10 leapfrog steps per transition would take 562.04 seconds.
Chain 1: Adjust your expectations accordingly!
Chain 1: 
Chain 1: 
Chain 3: 
Chain 3: Gradient evaluation took 0.05545 seconds
Chain 3: 1000 transitions using 10 leapfrog steps per transition would take 554.5 seconds.
Chain 3: Adjust your expectations accordingly!
Chain 3: 
Chain 3: 
Chain 4: 
Chain 4: Gradient evaluation took 0.054069 seconds
Chain 4: 1000 transitions using 10 leapfrog steps per transition would take 540.69 seconds.
Chain 4: Adjust your expectations accordingly!
Chain 4: 
Chain 4: 
Chain 3: Iteration:    1 / 4000 [  0%]  (Warmup)
Chain 1: Iteration:    1 / 4000 [  0%]  (Warmup)
Chain 2: Iteration:    1 / 4000 [  0%]  (Warmup)
Chain 4: Iteration:    1 / 4000 [  0%]  (Warmup)
Chain 2: Iteration:  400 / 4000 [ 10%]  (Warmup)
Chain 1: Iteration:  400 / 4000 [ 10%]  (Warmup)
Chain 4: Iteration:  400 / 4000 [ 10%]  (Warmup)
Chain 3: Iteration:  400 / 4000 [ 10%]  (Warmup)
Chain 2: Iteration:  800 / 4000 [ 20%]  (Warmup)
Chain 4: Iteration:  800 / 4000 [ 20%]  (Warmup)
Chain 1: Iteration:  800 / 4000 [ 20%]  (Warmup)
Chain 3: Iteration:  800 / 4000 [ 20%]  (Warmup)
Chain 2: Iteration: 1001 / 4000 [ 25%]  (Sampling)
Chain 4: Iteration: 1001 / 4000 [ 25%]  (Sampling)
Chain 1: Iteration: 1001 / 4000 [ 25%]  (Sampling)
Chain 3: Iteration: 1001 / 4000 [ 25%]  (Sampling)
Chain 2: Iteration: 1400 / 4000 [ 35%]  (Sampling)
Chain 4: Iteration: 1400 / 4000 [ 35%]  (Sampling)
Chain 1: Iteration: 1400 / 4000 [ 35%]  (Sampling)
Chain 3: Iteration: 1400 / 4000 [ 35%]  (Sampling)
Chain 2: Iteration: 1800 / 4000 [ 45%]  (Sampling)
Chain 1: Iteration: 1800 / 4000 [ 45%]  (Sampling)
Chain 4: Iteration: 1800 / 4000 [ 45%]  (Sampling)
Chain 3: Iteration: 1800 / 4000 [ 45%]  (Sampling)
Chain 2: Iteration: 2200 / 4000 [ 55%]  (Sampling)
Chain 1: Iteration: 2200 / 4000 [ 55%]  (Sampling)
Chain 4: Iteration: 2200 / 4000 [ 55%]  (Sampling)
Chain 3: Iteration: 2200 / 4000 [ 55%]  (Sampling)
Chain 2: Iteration: 2600 / 4000 [ 65%]  (Sampling)
Chain 1: Iteration: 2600 / 4000 [ 65%]  (Sampling)
Chain 4: Iteration: 2600 / 4000 [ 65%]  (Sampling)
Chain 3: Iteration: 2600 / 4000 [ 65%]  (Sampling)
Chain 2: Iteration: 3000 / 4000 [ 75%]  (Sampling)
Chain 1: Iteration: 3000 / 4000 [ 75%]  (Sampling)
Chain 4: Iteration: 3000 / 4000 [ 75%]  (Sampling)
Chain 3: Iteration: 3000 / 4000 [ 75%]  (Sampling)
Chain 2: Iteration: 3400 / 4000 [ 85%]  (Sampling)
Chain 1: Iteration: 3400 / 4000 [ 85%]  (Sampling)
Chain 4: Iteration: 3400 / 4000 [ 85%]  (Sampling)
Chain 3: Iteration: 3400 / 4000 [ 85%]  (Sampling)
Chain 2: Iteration: 3800 / 4000 [ 95%]  (Sampling)
Chain 1: Iteration: 3800 / 4000 [ 95%]  (Sampling)
Chain 4: Iteration: 3800 / 4000 [ 95%]  (Sampling)
Chain 3: Iteration: 3800 / 4000 [ 95%]  (Sampling)
Chain 2: Iteration: 4000 / 4000 [100%]  (Sampling)
Chain 2: 
Chain 2:  Elapsed Time: 7493.52 seconds (Warm-up)
Chain 2:                17548.1 seconds (Sampling)
Chain 2:                25041.6 seconds (Total)
Chain 2: 
Chain 1: Iteration: 4000 / 4000 [100%]  (Sampling)
Chain 1: 
Chain 1:  Elapsed Time: 7723.98 seconds (Warm-up)
Chain 1:                17510.1 seconds (Sampling)
Chain 1:                25234 seconds (Total)
Chain 1: 
Chain 4: Iteration: 4000 / 4000 [100%]  (Sampling)
Chain 4: 
Chain 4:  Elapsed Time: 7668.27 seconds (Warm-up)
Chain 4:                17611.7 seconds (Sampling)
Chain 4:                25279.9 seconds (Total)
Chain 4: 
Chain 3: Iteration: 4000 / 4000 [100%]  (Sampling)
Chain 3: 
Chain 3:  Elapsed Time: 7899.67 seconds (Warm-up)
Chain 3:                17557.8 seconds (Sampling)
Chain 3:                25457.5 seconds (Total)
Chain 3: 
