Reading layer `fvbombus_points' from data source 
  `/project/6100170/melanson/landscape/fvbombus/fvbombus_points.shp' 
  using driver `ESRI Shapefile'
Simple feature collection with 297 features and 9 fields
Geometry type: POINT
Dimension:     XY
Bounding box:  xmin: -13710810 ymin: 6284458 xmax: -13652010 ymax: 6318637
Projected CRS: Google Maps Global Mercator

TRANSLATING MODEL '' FROM Stan CODE TO C++ CODE NOW.
OS: x86_64, linux-gnu; rstan: 2.32.7; Rcpp: 1.0.14; inline: 0.3.21 
 >> setting environment variables: 
PKG_LIBS =  '/home/melanson/R/x86_64-pc-linux-gnu-library/4.3/rstan/lib//libStanServices.a' -L'/home/melanson/R/x86_64-pc-linux-gnu-library/4.3/StanHeaders/lib/' -lStanHeaders -L'/home/melanson/R/x86_64-pc-linux-gnu-library/4.3/RcppParallel/lib/' -ltbb 
PKG_CPPFLAGS =   -I"/home/melanson/R/x86_64-pc-linux-gnu-library/4.3/Rcpp/include/"  -I"/home/melanson/R/x86_64-pc-linux-gnu-library/4.3/RcppEigen/include/"  -I"/home/melanson/R/x86_64-pc-linux-gnu-library/4.3/RcppEigen/include/unsupported"  -I"/home/melanson/R/x86_64-pc-linux-gnu-library/4.3/BH/include" -I"/home/melanson/R/x86_64-pc-linux-gnu-library/4.3/StanHeaders/include/src/"  -I"/home/melanson/R/x86_64-pc-linux-gnu-library/4.3/StanHeaders/include/"  -I"/home/melanson/R/x86_64-pc-linux-gnu-library/4.3/RcppParallel/include/"  -I"/home/melanson/R/x86_64-pc-linux-gnu-library/4.3/rstan/include" -DEIGEN_NO_DEBUG  -DBOOST_DISABLE_ASSERTS  -DBOOST_PENDING_INTEGER_LOG2_HPP  -DSTAN_THREADS  -DUSE_STANC3 -DSTRICT_R_HEADERS  -DBOOST_PHOENIX_NO_VARIADIC_EXPRESSION  -D_HAS_AUTO_PTR_ETC=0  -include '/home/melanson/R/x86_64-pc-linux-gnu-library/4.3/StanHeaders/include/stan/math/prim/fun/Eigen.hpp'  -D_REENTRANT -DRCPP_PARALLEL_USE_TBB=1 
 >> Program source :

   1 : 
   2 : // includes from the plugin
   3 : // [[Rcpp::plugins(cpp14)]]
   4 : 
   5 : 
   6 : // user includes
   7 : #include <Rcpp.h>
   8 : using namespace Rcpp;
   9 : #ifndef MODELS_HPP
  10 : #define MODELS_HPP
  11 : #define STAN__SERVICES__COMMAND_HPP
  12 : #include <rstan/rstaninc.hpp>
  13 : #ifndef USE_STANC3
  14 : #define USE_STANC3
  15 : #endif
  16 : // Code generated by stanc v2.32.2
  17 : #include <stan/model/model_header.hpp>
  18 : namespace model4a3461500a5ab__namespace {
  19 : using stan::model::model_base_crtp;
  20 : using namespace stan::math;
  21 : stan::math::profile_map profiles__;
  22 : static constexpr std::array<const char*, 69> locations_array__ =
  23 :   {" (found before start of program)",
  24 :   " (in 'anon_model', line 22, column 2 to column 24)",
  25 :   " (in 'anon_model', line 23, column 2 to column 12)",
  26 :   " (in 'anon_model', line 24, column 2 to column 14)",
  27 :   " (in 'anon_model', line 25, column 2 to column 14)",
  28 :   " (in 'anon_model', line 26, column 2 to column 18)",
  29 :   " (in 'anon_model', line 27, column 2 to column 22)",
  30 :   " (in 'anon_model', line 28, column 2 to column 16)",
  31 :   " (in 'anon_model', line 30, column 2 to column 28)",
  32 :   " (in 'anon_model', line 31, column 2 to column 28)",
  33 :   " (in 'anon_model', line 34, column 2 to column 41)",
  34 :   " (in 'anon_model', line 35, column 2 to column 39)",
  35 :   " (in 'anon_model', line 38, column 2 to column 24)",
  36 :   " (in 'anon_model', line 39, column 2 to column 24)",
  37 :   " (in 'anon_model', line 41, column 4 to column 53)",
  38 :   " (in 'anon_model', line 42, column 4 to column 53)",
  39 :   " (in 'anon_model', line 40, column 17 to line 43, column 3)",
  40 :   " (in 'anon_model', line 40, column 2 to line 43, column 3)",
  41 :   " (in 'anon_model', line 47, column 2 to column 37)",
  42 :   " (in 'anon_model', line 48, column 2 to column 37)",
  43 :   " (in 'anon_model', line 49, column 2 to column 23)",
  44 :   " (in 'anon_model', line 50, column 2 to column 23)",
  45 :   " (in 'anon_model', line 51, column 2 to column 23)",
  46 :   " (in 'anon_model', line 52, column 2 to column 23)",
  47 :   " (in 'anon_model', line 53, column 2 to column 27)",
  48 :   " (in 'anon_model', line 54, column 2 to column 23)",
  49 :   " (in 'anon_model', line 55, column 2 to column 21)",
  50 :   " (in 'anon_model', line 59, column 4 to column 28)",
  51 :   " (in 'anon_model', line 60, column 4 to column 30)",
  52 :   " (in 'anon_model', line 63, column 11 to column 17)",
  53 :   " (in 'anon_model', line 63, column 4 to line 64, column 94)",
  54 :   " (in 'anon_model', line 65, column 11 to column 17)",
  55 :   " (in 'anon_model', line 65, column 4 to line 68, column 67)",
  56 :   " (in 'anon_model', line 69, column 11 to column 17)",
  57 :   " (in 'anon_model', line 69, column 4 to column 88)",
  58 :   " (in 'anon_model', line 72, column 4 to column 65)",
  59 :   " (in 'anon_model', line 58, column 17 to line 73, column 3)",
  60 :   " (in 'anon_model', line 58, column 2 to line 73, column 3)",
  61 :   " (in 'anon_model', line 4, column 2 to column 17)",
  62 :   " (in 'anon_model', line 5, column 2 to column 17)",
  63 :   " (in 'anon_model', line 6, column 2 to column 17)",
  64 :   " (in 'anon_model', line 7, column 2 to column 18)",
  65 :   " (in 'anon_model', line 8, column 15 to column 17)",
  66 :   " (in 'anon_model', line 8, column 2 to column 19)",
  67 :   " (in 'anon_model', line 9, column 16 to column 18)",
  68 :   " (in 'anon_model', line 9, column 2 to column 20)",
  69 :   " (in 'anon_model', line 10, column 9 to column 10)",
  70 :   " (in 'anon_model', line 10, column 2 to column 23)",
  71 :   " (in 'anon_model', line 11, column 16 to column 17)",
  72 :   " (in 'anon_model', line 11, column 2 to column 19)",
  73 :   " (in 'anon_model', line 12, column 14 to column 15)",
  74 :   " (in 'anon_model', line 12, column 2 to column 17)",
  75 :   " (in 'anon_model', line 13, column 9 to column 10)",
  76 :   " (in 'anon_model', line 13, column 2 to column 15)",
  77 :   " (in 'anon_model', line 14, column 9 to column 10)",
  78 :   " (in 'anon_model', line 14, column 2 to column 15)",
  79 :   " (in 'anon_model', line 15, column 9 to column 10)",
  80 :   " (in 'anon_model', line 15, column 2 to column 19)",
  81 :   " (in 'anon_model', line 16, column 11 to column 12)",
  82 :   " (in 'anon_model', line 16, column 2 to column 14)",
  83 :   " (in 'anon_model', line 18, column 8 to column 9)",
  84 :   " (in 'anon_model', line 18, column 2 to column 32)",
  85 :   " (in 'anon_model', line 19, column 2 to column 18)",
  86 :   " (in 'anon_model', line 28, column 9 to column 10)",
  87 :   " (in 'anon_model', line 30, column 8 to column 9)",
  88 :   " (in 'anon_model', line 31, column 8 to column 9)",
  89 :   " (in 'anon_model', line 35, column 9 to column 10)",
  90 :   " (in 'anon_model', line 38, column 8 to column 9)",
  91 :   " (in 'anon_model', line 39, column 8 to column 9)"};
  92 : class model4a3461500a5ab_ final : public model_base_crtp<model4a3461500a5ab_> {
  93 : private:
  94 :   int C;
  95 :   int K;
  96 :   int O;
  97 :   int CT;
  98 :   std::vector<int> CTstarts;
  99 :   std::vector<int> CTlengths;
 100 :   Eigen::Matrix<double,-1,-1> trap_pos_data__;
 101 :   std::vector<int> colony_id;
 102 :   std::vector<int> trap_id;
 103 :   Eigen::Matrix<double,-1,1> fq_data__;
 104 :   Eigen::Matrix<double,-1,1> mp_data__;
 105 :   Eigen::Matrix<double,-1,1> config_data__;
 106 :   std::vector<int> yobs;
 107 :   std::vector<std::vector<double>> colonycenters;
 108 :   double deltaprior;
 109 :   Eigen::Map<Eigen::Matrix<double,-1,-1>> trap_pos{nullptr, 0, 0};
 110 :   Eigen::Map<Eigen::Matrix<double,-1,1>> fq{nullptr, 0};
 111 :   Eigen::Map<Eigen::Matrix<double,-1,1>> mp{nullptr, 0};
 112 :   Eigen::Map<Eigen::Matrix<double,-1,1>> config{nullptr, 0};
 113 : public:
 114 :   ~model4a3461500a5ab_() {}
 115 :   model4a3461500a5ab_(stan::io::var_context& context__, unsigned int
 116 :                       random_seed__ = 0, std::ostream* pstream__ = nullptr)
 117 :       : model_base_crtp(0) {
 118 :     int current_statement__ = 0;
 119 :     using local_scalar_t__ = double;
 120 :     boost::ecuyer1988 base_rng__ =
 121 :       stan::services::util::create_rng(random_seed__, 0);
 122 :     // suppress unused var warning
 123 :     (void) base_rng__;
 124 :     static constexpr const char* function__ =
 125 :       "model4a3461500a5ab__namespace::model4a3461500a5ab_";
 126 :     // suppress unused var warning
 127 :     (void) function__;
 128 :     local_scalar_t__ DUMMY_VAR__(std::numeric_limits<double>::quiet_NaN());
 129 :     // suppress unused var warning
 130 :     (void) DUMMY_VAR__;
 131 :     try {
 132 :       int pos__ = std::numeric_limits<int>::min();
 133 :       pos__ = 1;
 134 :       current_statement__ = 38;
 135 :       context__.validate_dims("data initialization", "C", "int",
 136 :         std::vector<size_t>{});
 137 :       C = std::numeric_limits<int>::min();
 138 :       current_statement__ = 38;
 139 :       C = context__.vals_i("C")[(1 - 1)];
 140 :       current_statement__ = 38;
 141 :       stan::math::check_greater_or_equal(function__, "C", C, 0);
 142 :       current_statement__ = 39;
 143 :       context__.validate_dims("data initialization", "K", "int",
 144 :         std::vector<size_t>{});
 145 :       K = std::numeric_limits<int>::min();
 146 :       current_statement__ = 39;
 147 :       K = context__.vals_i("K")[(1 - 1)];
 148 :       current_statement__ = 39;
 149 :       stan::math::check_greater_or_equal(function__, "K", K, 0);
 150 :       current_statement__ = 40;
 151 :       context__.validate_dims("data initialization", "O", "int",
 152 :         std::vector<size_t>{});
 153 :       O = std::numeric_limits<int>::min();
 154 :       current_statement__ = 40;
 155 :       O = context__.vals_i("O")[(1 - 1)];
 156 :       current_statement__ = 40;
 157 :       stan::math::check_greater_or_equal(function__, "O", O, 0);
 158 :       current_statement__ = 41;
 159 :       context__.validate_dims("data initialization", "CT", "int",
 160 :         std::vector<size_t>{});
 161 :       CT = std::numeric_limits<int>::min();
 162 :       current_statement__ = 41;
 163 :       CT = context__.vals_i("CT")[(1 - 1)];
 164 :       current_statement__ = 41;
 165 :       stan::math::check_greater_or_equal(function__, "CT", CT, 0);
 166 :       current_statement__ = 42;
 167 :       stan::math::validate_non_negative_index("CTstarts", "CT", CT);
 168 :       current_statement__ = 43;
 169 :       context__.validate_dims("data initialization", "CTstarts", "int",
 170 :         std::vector<size_t>{static_cast<size_t>(CT)});
 171 :       CTstarts = std::vector<int>(CT, std::numeric_limits<int>::min());
 172 :       current_statement__ = 43;
 173 :       CTstarts = context__.vals_i("CTstarts");
 174 :       current_statement__ = 44;
 175 :       stan::math::validate_non_negative_index("CTlengths", "CT", CT);
 176 :       current_statement__ = 45;
 177 :       context__.validate_dims("data initialization", "CTlengths", "int",
 178 :         std::vector<size_t>{static_cast<size_t>(CT)});
 179 :       CTlengths = std::vector<int>(CT, std::numeric_limits<int>::min());
 180 :       current_statement__ = 45;
 181 :       CTlengths = context__.vals_i("CTlengths");
 182 :       current_statement__ = 46;
 183 :       stan::math::validate_non_negative_index("trap_pos", "O", O);
 184 :       current_statement__ = 47;
 185 :       context__.validate_dims("data initialization", "trap_pos", "double",
 186 :         std::vector<size_t>{static_cast<size_t>(O), static_cast<size_t>(2)});
 187 :       trap_pos_data__ = Eigen::Matrix<double,-1,-1>::Constant(O, 2,
 188 :                           std::numeric_limits<double>::quiet_NaN());
 189 :       new (&trap_pos)
 190 :         Eigen::Map<Eigen::Matrix<double,-1,-1>>(trap_pos_data__.data(), O, 2);
 191 :       {
 192 :         std::vector<local_scalar_t__> trap_pos_flat__;
 193 :         current_statement__ = 47;
 194 :         trap_pos_flat__ = context__.vals_r("trap_pos");
 195 :         current_statement__ = 47;
 196 :         pos__ = 1;
 197 :         current_statement__ = 47;
 198 :         for (int sym1__ = 1; sym1__ <= 2; ++sym1__) {
 199 :           current_statement__ = 47;
 200 :           for (int sym2__ = 1; sym2__ <= O; ++sym2__) {
 201 :             current_statement__ = 47;
 202 :             stan::model::assign(trap_pos, trap_pos_flat__[(pos__ - 1)],
 203 :               "assigning variable trap_pos", stan::model::index_uni(sym2__),
 204 :               stan::model::index_uni(sym1__));
 205 :             current_statement__ = 47;
 206 :             pos__ = (pos__ + 1);
 207 :           }
 208 :         }
 209 :       }
 210 :       current_statement__ = 48;
 211 :       stan::math::validate_non_negative_index("colony_id", "O", O);
 212 :       current_statement__ = 49;
 213 :       context__.validate_dims("data initialization", "colony_id", "int",
 214 :         std::vector<size_t>{static_cast<size_t>(O)});
 215 :       colony_id = std::vector<int>(O, std::numeric_limits<int>::min());
 216 :       current_statement__ = 49;
 217 :       colony_id = context__.vals_i("colony_id");
 218 :       current_statement__ = 50;
 219 :       stan::math::validate_non_negative_index("trap_id", "O", O);
 220 :       current_statement__ = 51;
 221 :       context__.validate_dims("data initialization", "trap_id", "int",
 222 :         std::vector<size_t>{static_cast<size_t>(O)});
 223 :       trap_id = std::vector<int>(O, std::numeric_limits<int>::min());
 224 :       current_statement__ = 51;
 225 :       trap_id = context__.vals_i("trap_id");
 226 :       current_statement__ = 52;
 227 :       stan::math::validate_non_negative_index("fq", "O", O);
 228 :       current_statement__ = 53;
 229 :       context__.validate_dims("data initialization", "fq", "double",
 230 :         std::vector<size_t>{static_cast<size_t>(O)});
 231 :       fq_data__ = Eigen::Matrix<double,-1,1>::Constant(O,
 232 :                     std::numeric_limits<double>::quiet_NaN());
 233 :       new (&fq) Eigen::Map<Eigen::Matrix<double,-1,1>>(fq_data__.data(), O);
 234 :       {
 235 :         std::vector<local_scalar_t__> fq_flat__;
 236 :         current_statement__ = 53;
 237 :         fq_flat__ = context__.vals_r("fq");
 238 :         current_statement__ = 53;
 239 :         pos__ = 1;
 240 :         current_statement__ = 53;
 241 :         for (int sym1__ = 1; sym1__ <= O; ++sym1__) {
 242 :           current_statement__ = 53;
 243 :           stan::model::assign(fq, fq_flat__[(pos__ - 1)],
 244 :             "assigning variable fq", stan::model::index_uni(sym1__));
 245 :           current_statement__ = 53;
 246 :           pos__ = (pos__ + 1);
 247 :         }
 248 :       }
 249 :       current_statement__ = 54;
 250 :       stan::math::validate_non_negative_index("mp", "O", O);
 251 :       current_statement__ = 55;
 252 :       context__.validate_dims("data initialization", "mp", "double",
 253 :         std::vector<size_t>{static_cast<size_t>(O)});
 254 :       mp_data__ = Eigen::Matrix<double,-1,1>::Constant(O,
 255 :                     std::numeric_limits<double>::quiet_NaN());
 256 :       new (&mp) Eigen::Map<Eigen::Matrix<double,-1,1>>(mp_data__.data(), O);
 257 :       {
 258 :         std::vector<local_scalar_t__> mp_flat__;
 259 :         current_statement__ = 55;
 260 :         mp_flat__ = context__.vals_r("mp");
 261 :         current_statement__ = 55;
 262 :         pos__ = 1;
 263 :         current_statement__ = 55;
 264 :         for (int sym1__ = 1; sym1__ <= O; ++sym1__) {
 265 :           current_statement__ = 55;
 266 :           stan::model::assign(mp, mp_flat__[(pos__ - 1)],
 267 :             "assigning variable mp", stan::model::index_uni(sym1__));
 268 :           current_statement__ = 55;
 269 :           pos__ = (pos__ + 1);
 270 :         }
 271 :       }
 272 :       current_statement__ = 56;
 273 :       stan::math::validate_non_negative_index("config", "O", O);
 274 :       current_statement__ = 57;
 275 :       context__.validate_dims("data initialization", "config", "double",
 276 :         std::vector<size_t>{static_cast<size_t>(O)});
 277 :       config_data__ = Eigen::Matrix<double,-1,1>::Constant(O,
 278 :                         std::numeric_limits<double>::quiet_NaN());
 279 :       new (&config)
 280 :         Eigen::Map<Eigen::Matrix<double,-1,1>>(config_data__.data(), O);
 281 :       {
 282 :         std::vector<local_scalar_t__> config_flat__;
 283 :         current_statement__ = 57;
 284 :         config_flat__ = context__.vals_r("config");
 285 :         current_statement__ = 57;
 286 :         pos__ = 1;
 287 :         current_statement__ = 57;
 288 :         for (int sym1__ = 1; sym1__ <= O; ++sym1__) {
 289 :           current_statement__ = 57;
 290 :           stan::model::assign(config, config_flat__[(pos__ - 1)],
 291 :             "assigning variable config", stan::model::index_uni(sym1__));
 292 :           current_statement__ = 57;
 293 :           pos__ = (pos__ + 1);
 294 :         }
 295 :       }
 296 :       current_statement__ = 58;
 297 :       stan::math::validate_non_negative_index("yobs", "O", O);
 298 :       current_statement__ = 59;
 299 :       context__.validate_dims("data initialization", "yobs", "int",
 300 :         std::vector<size_t>{static_cast<size_t>(O)});
 301 :       yobs = std::vector<int>(O, std::numeric_limits<int>::min());
 302 :       current_statement__ = 59;
 303 :       yobs = context__.vals_i("yobs");
 304 :       current_statement__ = 60;
 305 :       stan::math::validate_non_negative_index("colonycenters", "C", C);
 306 :       current_statement__ = 61;
 307 :       context__.validate_dims("data initialization", "colonycenters",
 308 :         "double",
 309 :         std::vector<size_t>{static_cast<size_t>(C), static_cast<size_t>(2)});
 310 :       colonycenters = std::vector<std::vector<double>>(C,
 311 :                         std::vector<double>(2,
 312 :                           std::numeric_limits<double>::quiet_NaN()));
 313 :       {
 314 :         std::vector<local_scalar_t__> colonycenters_flat__;
 315 :         current_statement__ = 61;
 316 :         colonycenters_flat__ = context__.vals_r("colonycenters");
 317 :         current_statement__ = 61;
 318 :         pos__ = 1;
 319 :         current_statement__ = 61;
 320 :         for (int sym1__ = 1; sym1__ <= 2; ++sym1__) {
 321 :           current_statement__ = 61;
 322 :           for (int sym2__ = 1; sym2__ <= C; ++sym2__) {
 323 :             current_statement__ = 61;
 324 :             stan::model::assign(colonycenters, colonycenters_flat__[(pos__ -
 325 :               1)], "assigning variable colonycenters",
 326 :               stan::model::index_uni(sym2__), stan::model::index_uni(sym1__));
 327 :             current_statement__ = 61;
 328 :             pos__ = (pos__ + 1);
 329 :           }
 330 :         }
 331 :       }
 332 :       current_statement__ = 62;
 333 :       context__.validate_dims("data initialization", "deltaprior", "double",
 334 :         std::vector<size_t>{});
 335 :       deltaprior = std::numeric_limits<double>::quiet_NaN();
 336 :       current_statement__ = 62;
 337 :       deltaprior = context__.vals_r("deltaprior")[(1 - 1)];
 338 :       current_statement__ = 63;
 339 :       stan::math::validate_non_negative_index("eps", "K", K);
 340 :       current_statement__ = 64;
 341 :       stan::math::validate_non_negative_index("delta_x_raw", "C", C);
 342 :       current_statement__ = 65;
 343 :       stan::math::validate_non_negative_index("delta_y_raw", "C", C);
 344 :       current_statement__ = 66;
 345 :       stan::math::validate_non_negative_index("eps_scale", "K", K);
 346 :       current_statement__ = 67;
 347 :       stan::math::validate_non_negative_index("delta_x", "C", C);
 348 :       current_statement__ = 68;
 349 :       stan::math::validate_non_negative_index("delta_y", "C", C);
 350 :     } catch (const std::exception& e) {
 351 :       stan::lang::rethrow_located(e, locations_array__[current_statement__]);
 352 :     }
 353 :     num_params_r__ = 1 + 1 + 1 + 1 + 1 + 1 + K + C + C;
 354 :   }
 355 :   inline std::string model_name() const final {
 356 :     return "model4a3461500a5ab_";
 357 :   }
 358 :   inline std::vector<std::string> model_compile_info() const noexcept {
 359 :     return std::vector<std::string>{"stanc_version = stanc3 v2.32.2",
 360 :              "stancflags = --"};
 361 :   }
 362 :   template <bool propto__, bool jacobian__, typename VecR, typename VecI,
 363 :             stan::require_vector_like_t<VecR>* = nullptr,
 364 :             stan::require_vector_like_vt<std::is_integral, VecI>* = nullptr>
 365 :   inline stan::scalar_type_t<VecR>
 366 :   log_prob_impl(VecR& params_r__, VecI& params_i__, std::ostream*
 367 :                 pstream__ = nullptr) const {
 368 :     using T__ = stan::scalar_type_t<VecR>;
 369 :     using local_scalar_t__ = T__;
 370 :     T__ lp__(0.0);
 371 :     stan::math::accumulator<T__> lp_accum__;
 372 :     stan::io::deserializer<local_scalar_t__> in__(params_r__, params_i__);
 373 :     int current_statement__ = 0;
 374 :     local_scalar_t__ DUMMY_VAR__(std::numeric_limits<double>::quiet_NaN());
 375 :     // suppress unused var warning
 376 :     (void) DUMMY_VAR__;
 377 :     static constexpr const char* function__ =
 378 :       "model4a3461500a5ab__namespace::log_prob";
 379 :     // suppress unused var warning
 380 :     (void) function__;
 381 :     try {
 382 :       local_scalar_t__ rhomax = DUMMY_VAR__;
 383 :       current_statement__ = 1;
 384 :       rhomax = in__.template read_constrain_lb<local_scalar_t__,
 385 :                  jacobian__>(0, lp__);
 386 :       local_scalar_t__ rho0 = DUMMY_VAR__;
 387 :       current_statement__ = 2;
 388 :       rho0 = in__.template read<local_scalar_t__>();
 389 :       local_scalar_t__ rho_fq = DUMMY_VAR__;
 390 :       current_statement__ = 3;
 391 :       rho_fq = in__.template read<local_scalar_t__>();
 392 :       local_scalar_t__ rho_mp = DUMMY_VAR__;
 393 :       current_statement__ = 4;
 394 :       rho_mp = in__.template read<local_scalar_t__>();
 395 :       local_scalar_t__ rho_config = DUMMY_VAR__;
 396 :       current_statement__ = 5;
 397 :       rho_config = in__.template read<local_scalar_t__>();
 398 :       local_scalar_t__ sigma = DUMMY_VAR__;
 399 :       current_statement__ = 6;
 400 :       sigma = in__.template read_constrain_lb<local_scalar_t__,
 401 :                 jacobian__>(0, lp__);
 402 :       Eigen::Matrix<local_scalar_t__,-1,1> eps =
 403 :         Eigen::Matrix<local_scalar_t__,-1,1>::Constant(K, DUMMY_VAR__);
 404 :       current_statement__ = 7;
 405 :       eps = in__.template read<Eigen::Matrix<local_scalar_t__,-1,1>>(K);
 406 :       std::vector<local_scalar_t__> delta_x_raw =
 407 :         std::vector<local_scalar_t__>(C, DUMMY_VAR__);
 408 :       current_statement__ = 8;
 409 :       delta_x_raw = in__.template read<std::vector<local_scalar_t__>>(C);
 410 :       std::vector<local_scalar_t__> delta_y_raw =
 411 :         std::vector<local_scalar_t__>(C, DUMMY_VAR__);
 412 :       current_statement__ = 9;
 413 :       delta_y_raw = in__.template read<std::vector<local_scalar_t__>>(C);
 414 :       local_scalar_t__ sigma_sqrt = DUMMY_VAR__;
 415 :       current_statement__ = 10;
 416 :       sigma_sqrt = stan::math::sqrt(sigma);
 417 :       Eigen::Matrix<local_scalar_t__,-1,1> eps_scale =
 418 :         Eigen::Matrix<local_scalar_t__,-1,1>::Constant(K, DUMMY_VAR__);
 419 :       current_statement__ = 11;
 420 :       stan::model::assign(eps_scale, stan::math::multiply(eps, sigma_sqrt),
 421 :         "assigning variable eps_scale");
 422 :       std::vector<local_scalar_t__> delta_x =
 423 :         std::vector<local_scalar_t__>(C, DUMMY_VAR__);
 424 :       std::vector<local_scalar_t__> delta_y =
 425 :         std::vector<local_scalar_t__>(C, DUMMY_VAR__);
 426 :       current_statement__ = 17;
 427 :       for (int c = 1; c <= C; ++c) {
 428 :         current_statement__ = 14;
 429 :         stan::model::assign(delta_x,
 430 :           (stan::model::rvalue(colonycenters, "colonycenters",
 431 :              stan::model::index_uni(c), stan::model::index_uni(1)) +
 432 :           stan::model::rvalue(delta_x_raw, "delta_x_raw",
 433 :             stan::model::index_uni(c))), "assigning variable delta_x",
 434 :           stan::model::index_uni(c));
 435 :         current_statement__ = 15;
 436 :         stan::model::assign(delta_y,
 437 :           (stan::model::rvalue(colonycenters, "colonycenters",
 438 :              stan::model::index_uni(c), stan::model::index_uni(2)) +
 439 :           stan::model::rvalue(delta_y_raw, "delta_y_raw",
 440 :             stan::model::index_uni(c))), "assigning variable delta_y",
 441 :           stan::model::index_uni(c));
 442 :       }
 443 :       current_statement__ = 10;
 444 :       stan::math::check_greater_or_equal(function__, "sigma_sqrt",
 445 :         sigma_sqrt, 0);
 446 :       {
 447 :         current_statement__ = 18;
 448 :         lp_accum__.add(stan::math::normal_lpdf<propto__>(delta_x_raw, 0,
 449 :                          deltaprior));
 450 :         current_statement__ = 19;
 451 :         lp_accum__.add(stan::math::normal_lpdf<propto__>(delta_y_raw, 0,
 452 :                          deltaprior));
 453 :         current_statement__ = 20;
 454 :         lp_accum__.add(stan::math::normal_lpdf<propto__>(rhomax, 0, 1));
 455 :         current_statement__ = 21;
 456 :         lp_accum__.add(stan::math::normal_lpdf<propto__>(rho0, 0, 0.1));
 457 :         current_statement__ = 22;
 458 :         lp_accum__.add(stan::math::normal_lpdf<propto__>(rho_fq, 0, 1));
 459 :         current_statement__ = 23;
 460 :         lp_accum__.add(stan::math::normal_lpdf<propto__>(rho_mp, 0, 1));
 461 :         current_statement__ = 24;
 462 :         lp_accum__.add(stan::math::normal_lpdf<propto__>(rho_config, 0, 1));
 463 :         current_statement__ = 25;
 464 :         lp_accum__.add(stan::math::normal_lpdf<propto__>(sigma, 0, 1));
 465 :         current_statement__ = 26;
 466 :         lp_accum__.add(stan::math::normal_lpdf<propto__>(eps, 0, 1));
 467 :         current_statement__ = 37;
 468 :         for (int n = 1; n <= CT; ++n) {
 469 :           int start = std::numeric_limits<int>::min();
 470 :           current_statement__ = 27;
 471 :           start = stan::model::rvalue(CTstarts, "CTstarts",
 472 :                     stan::model::index_uni(n));
 473 :           int length = std::numeric_limits<int>::min();
 474 :           current_statement__ = 28;
 475 :           length = stan::model::rvalue(CTlengths, "CTlengths",
 476 :                      stan::model::index_uni(n));
 477 :           current_statement__ = 29;
 478 :           stan::math::validate_non_negative_index("dis", "length", length);
 479 :           Eigen::Matrix<local_scalar_t__,-1,1> dis =
 480 :             Eigen::Matrix<local_scalar_t__,-1,1>::Constant(length,
 481 :               DUMMY_VAR__);
 482 :           current_statement__ = 30;
 483 :           stan::model::assign(dis,
 484 :             stan::math::sqrt(
 485 :               stan::math::add(
 486 :                 stan::math::square(
 487 :                   stan::math::subtract(
 488 :                     stan::model::rvalue(delta_x, "delta_x",
 489 :                       stan::model::index_uni(
 490 :                         stan::model::rvalue(colony_id, "colony_id",
 491 :                           stan::model::index_uni(start)))),
 492 :                     stan::model::rvalue(trap_pos, "trap_pos",
 493 :                       stan::model::index_min_max(start, ((start + length) -
 494 :                         1)), stan::model::index_uni(1)))),
 495 :                 stan::math::square(
 496 :                   stan::math::subtract(
 497 :                     stan::model::rvalue(delta_y, "delta_y",
 498 :                       stan::model::index_uni(
 499 :                         stan::model::rvalue(colony_id, "colony_id",
 500 :                           stan::model::index_uni(start)))),
 501 :                     stan::model::rvalue(trap_pos, "trap_pos",
 502 :                       stan::model::index_min_max(start, ((start + length) -
 503 :                         1)), stan::model::index_uni(2)))))),
 504 :             "assigning variable dis");
 505 :           current_statement__ = 31;
 506 :           stan::math::validate_non_negative_index("rho", "length", length);
 507 :           Eigen::Matrix<local_scalar_t__,-1,1> rho =
 508 :             Eigen::Matrix<local_scalar_t__,-1,1>::Constant(length,
 509 :               DUMMY_VAR__);
 510 :           current_statement__ = 32;
 511 :           stan::model::assign(rho,
 512 :             stan::math::multiply(rhomax,
 513 :               stan::math::inv_logit(
 514 :                 stan::math::add(
 515 :                   stan::math::add(
 516 :                     stan::math::add(rho0,
 517 :                       stan::math::multiply(rho_fq,
 518 :                         stan::model::rvalue(fq, "fq",
 519 :                           stan::model::index_min_max(start, ((start + length)
 520 :                             - 1))))),
 521 :                     stan::math::multiply(rho_mp,
 522 :                       stan::model::rvalue(mp, "mp",
 523 :                         stan::model::index_min_max(start, ((start + length) -
 524 :                           1))))),
 525 :                   stan::math::multiply(rho_config,
 526 :                     stan::model::rvalue(config, "config",
 527 :                       stan::model::index_min_max(start, ((start + length) -
 528 :                         1))))))), "assigning variable rho");
 529 :           current_statement__ = 33;
 530 :           stan::math::validate_non_negative_index("lambda_it", "length",
 531 :             length);
 532 :           Eigen::Matrix<local_scalar_t__,-1,1> lambda_it =
 533 :             Eigen::Matrix<local_scalar_t__,-1,1>::Constant(length,
 534 :               DUMMY_VAR__);
 535 :           current_statement__ = 34;
 536 :           stan::model::assign(lambda_it,
 537 :             stan::math::add(
 538 :               stan::math::elt_divide(stan::math::minus(dis), rho),
 539 :               stan::model::rvalue(eps_scale, "eps_scale",
 540 :                 stan::model::index_multi(
 541 :                   stan::model::rvalue(trap_id, "trap_id",
 542 :                     stan::model::index_min_max(start, ((start + length) - 1)))))),
 543 :             "assigning variable lambda_it");
 544 :           current_statement__ = 35;
 545 :           lp_accum__.add(stan::math::multinomial_lpmf<propto__>(
 546 :                            stan::model::rvalue(yobs, "yobs",
 547 :                              stan::model::index_min_max(start, ((start +
 548 :                                length) - 1))), stan::math::softmax(lambda_it)));
 549 :         }
 550 :       }
 551 :     } catch (const std::exception& e) {
 552 :       stan::lang::rethrow_located(e, locations_array__[current_statement__]);
 553 :     }
 554 :     lp_accum__.add(lp__);
 555 :     return lp_accum__.sum();
 556 :   }
 557 :   template <typename RNG, typename VecR, typename VecI, typename VecVar,
 558 :             stan::require_vector_like_vt<std::is_floating_point,
 559 :             VecR>* = nullptr, stan::require_vector_like_vt<std::is_integral,
 560 :             VecI>* = nullptr, stan::require_vector_vt<std::is_floating_point,
 561 :             VecVar>* = nullptr>
 562 :   inline void
 563 :   write_array_impl(RNG& base_rng__, VecR& params_r__, VecI& params_i__,
 564 :                    VecVar& vars__, const bool
 565 :                    emit_transformed_parameters__ = true, const bool
 566 :                    emit_generated_quantities__ = true, std::ostream*
 567 :                    pstream__ = nullptr) const {
 568 :     using local_scalar_t__ = double;
 569 :     stan::io::deserializer<local_scalar_t__> in__(params_r__, params_i__);
 570 :     stan::io::serializer<local_scalar_t__> out__(vars__);
 571 :     static constexpr bool propto__ = true;
 572 :     // suppress unused var warning
 573 :     (void) propto__;
 574 :     double lp__ = 0.0;
 575 :     // suppress unused var warning
 576 :     (void) lp__;
 577 :     int current_statement__ = 0;
 578 :     stan::math::accumulator<double> lp_accum__;
 579 :     local_scalar_t__ DUMMY_VAR__(std::numeric_limits<double>::quiet_NaN());
 580 :     // suppress unused var warning
 581 :     (void) DUMMY_VAR__;
 582 :     constexpr bool jacobian__ = false;
 583 :     static constexpr const char* function__ =
 584 :       "model4a3461500a5ab__namespace::write_array";
 585 :     // suppress unused var warning
 586 :     (void) function__;
 587 :     try {
 588 :       double rhomax = std::numeric_limits<double>::quiet_NaN();
 589 :       current_statement__ = 1;
 590 :       rhomax = in__.template read_constrain_lb<local_scalar_t__,
 591 :                  jacobian__>(0, lp__);
 592 :       double rho0 = std::numeric_limits<double>::quiet_NaN();
 593 :       current_statement__ = 2;
 594 :       rho0 = in__.template read<local_scalar_t__>();
 595 :       double rho_fq = std::numeric_limits<double>::quiet_NaN();
 596 :       current_statement__ = 3;
 597 :       rho_fq = in__.template read<local_scalar_t__>();
 598 :       double rho_mp = std::numeric_limits<double>::quiet_NaN();
 599 :       current_statement__ = 4;
 600 :       rho_mp = in__.template read<local_scalar_t__>();
 601 :       double rho_config = std::numeric_limits<double>::quiet_NaN();
 602 :       current_statement__ = 5;
 603 :       rho_config = in__.template read<local_scalar_t__>();
 604 :       double sigma = std::numeric_limits<double>::quiet_NaN();
 605 :       current_statement__ = 6;
 606 :       sigma = in__.template read_constrain_lb<local_scalar_t__,
 607 :                 jacobian__>(0, lp__);
 608 :       Eigen::Matrix<double,-1,1> eps =
 609 :         Eigen::Matrix<double,-1,1>::Constant(K,
 610 :           std::numeric_limits<double>::quiet_NaN());
 611 :       current_statement__ = 7;
 612 :       eps = in__.template read<Eigen::Matrix<local_scalar_t__,-1,1>>(K);
 613 :       std::vector<double> delta_x_raw =
 614 :         std::vector<double>(C, std::numeric_limits<double>::quiet_NaN());
 615 :       current_statement__ = 8;
 616 :       delta_x_raw = in__.template read<std::vector<local_scalar_t__>>(C);
 617 :       std::vector<double> delta_y_raw =
 618 :         std::vector<double>(C, std::numeric_limits<double>::quiet_NaN());
 619 :       current_statement__ = 9;
 620 :       delta_y_raw = in__.template read<std::vector<local_scalar_t__>>(C);
 621 :       double sigma_sqrt = std::numeric_limits<double>::quiet_NaN();
 622 :       Eigen::Matrix<double,-1,1> eps_scale =
 623 :         Eigen::Matrix<double,-1,1>::Constant(K,
 624 :           std::numeric_limits<double>::quiet_NaN());
 625 :       std::vector<double> delta_x =
 626 :         std::vector<double>(C, std::numeric_limits<double>::quiet_NaN());
 627 :       std::vector<double> delta_y =
 628 :         std::vector<double>(C, std::numeric_limits<double>::quiet_NaN());
 629 :       out__.write(rhomax);
 630 :       out__.write(rho0);
 631 :       out__.write(rho_fq);
 632 :       out__.write(rho_mp);
 633 :       out__.write(rho_config);
 634 :       out__.write(sigma);
 635 :       out__.write(eps);
 636 :       out__.write(delta_x_raw);
 637 :       out__.write(delta_y_raw);
 638 :       if (stan::math::logical_negation(
 639 :             (stan::math::primitive_value(emit_transformed_parameters__) ||
 640 :             stan::math::primitive_value(emit_generated_quantities__)))) {
 641 :         return ;
 642 :       }
 643 :       current_statement__ = 10;
 644 :       sigma_sqrt = stan::math::sqrt(sigma);
 645 :       current_statement__ = 11;
 646 :       stan::model::assign(eps_scale, stan::math::multiply(eps, sigma_sqrt),
 647 :         "assigning variable eps_scale");
 648 :       current_statement__ = 17;
 649 :       for (int c = 1; c <= C; ++c) {
 650 :         current_statement__ = 14;
 651 :         stan::model::assign(delta_x,
 652 :           (stan::model::rvalue(colonycenters, "colonycenters",
 653 :              stan::model::index_uni(c), stan::model::index_uni(1)) +
 654 :           stan::model::rvalue(delta_x_raw, "delta_x_raw",
 655 :             stan::model::index_uni(c))), "assigning variable delta_x",
 656 :           stan::model::index_uni(c));
 657 :         current_statement__ = 15;
 658 :         stan::model::assign(delta_y,
 659 :           (stan::model::rvalue(colonycenters, "colonycenters",
 660 :              stan::model::index_uni(c), stan::model::index_uni(2)) +
 661 :           stan::model::rvalue(delta_y_raw, "delta_y_raw",
 662 :             stan::model::index_uni(c))), "assigning variable delta_y",
 663 :           stan::model::index_uni(c));
 664 :       }
 665 :       current_statement__ = 10;
 666 :       stan::math::check_greater_or_equal(function__, "sigma_sqrt",
 667 :         sigma_sqrt, 0);
 668 :       if (emit_transformed_parameters__) {
 669 :         out__.write(sigma_sqrt);
 670 :         out__.write(eps_scale);
 671 :         out__.write(delta_x);
 672 :         out__.write(delta_y);
 673 :       }
 674 :       if (stan::math::logical_negation(emit_generated_quantities__)) {
 675 :         return ;
 676 :       }
 677 :     } catch (const std::exception& e) {
 678 :       stan::lang::rethrow_located(e, locations_array__[current_statement__]);
 679 :     }
 680 :   }
 681 :   template <typename VecVar, typename VecI,
 682 :             stan::require_vector_t<VecVar>* = nullptr,
 683 :             stan::require_vector_like_vt<std::is_integral, VecI>* = nullptr>
 684 :   inline void
 685 :   unconstrain_array_impl(const VecVar& params_r__, const VecI& params_i__,
 686 :                          VecVar& vars__, std::ostream* pstream__ = nullptr) const {
 687 :     using local_scalar_t__ = double;
 688 :     stan::io::deserializer<local_scalar_t__> in__(params_r__, params_i__);
 689 :     stan::io::serializer<local_scalar_t__> out__(vars__);
 690 :     int current_statement__ = 0;
 691 :     local_scalar_t__ DUMMY_VAR__(std::numeric_limits<double>::quiet_NaN());
 692 :     // suppress unused var warning
 693 :     (void) DUMMY_VAR__;
 694 :     try {
 695 :       int pos__ = std::numeric_limits<int>::min();
 696 :       pos__ = 1;
 697 :       local_scalar_t__ rhomax = DUMMY_VAR__;
 698 :       current_statement__ = 1;
 699 :       rhomax = in__.read<local_scalar_t__>();
 700 :       out__.write_free_lb(0, rhomax);
 701 :       local_scalar_t__ rho0 = DUMMY_VAR__;
 702 :       current_statement__ = 2;
 703 :       rho0 = in__.read<local_scalar_t__>();
 704 :       out__.write(rho0);
 705 :       local_scalar_t__ rho_fq = DUMMY_VAR__;
 706 :       current_statement__ = 3;
 707 :       rho_fq = in__.read<local_scalar_t__>();
 708 :       out__.write(rho_fq);
 709 :       local_scalar_t__ rho_mp = DUMMY_VAR__;
 710 :       current_statement__ = 4;
 711 :       rho_mp = in__.read<local_scalar_t__>();
 712 :       out__.write(rho_mp);
 713 :       local_scalar_t__ rho_config = DUMMY_VAR__;
 714 :       current_statement__ = 5;
 715 :       rho_config = in__.read<local_scalar_t__>();
 716 :       out__.write(rho_config);
 717 :       local_scalar_t__ sigma = DUMMY_VAR__;
 718 :       current_statement__ = 6;
 719 :       sigma = in__.read<local_scalar_t__>();
 720 :       out__.write_free_lb(0, sigma);
 721 :       Eigen::Matrix<local_scalar_t__,-1,1> eps =
 722 :         Eigen::Matrix<local_scalar_t__,-1,1>::Constant(K, DUMMY_VAR__);
 723 :       current_statement__ = 7;
 724 :       stan::model::assign(eps,
 725 :         in__.read<Eigen::Matrix<local_scalar_t__,-1,1>>(K),
 726 :         "assigning variable eps");
 727 :       out__.write(eps);
 728 :       std::vector<local_scalar_t__> delta_x_raw =
 729 :         std::vector<local_scalar_t__>(C, DUMMY_VAR__);
 730 :       current_statement__ = 8;
 731 :       stan::model::assign(delta_x_raw,
 732 :         in__.read<std::vector<local_scalar_t__>>(C),
 733 :         "assigning variable delta_x_raw");
 734 :       out__.write(delta_x_raw);
 735 :       std::vector<local_scalar_t__> delta_y_raw =
 736 :         std::vector<local_scalar_t__>(C, DUMMY_VAR__);
 737 :       current_statement__ = 9;
 738 :       stan::model::assign(delta_y_raw,
 739 :         in__.read<std::vector<local_scalar_t__>>(C),
 740 :         "assigning variable delta_y_raw");
 741 :       out__.write(delta_y_raw);
 742 :     } catch (const std::exception& e) {
 743 :       stan::lang::rethrow_located(e, locations_array__[current_statement__]);
 744 :     }
 745 :   }
 746 :   template <typename VecVar, stan::require_vector_t<VecVar>* = nullptr>
 747 :   inline void
 748 :   transform_inits_impl(const stan::io::var_context& context__, VecVar&
 749 :                        vars__, std::ostream* pstream__ = nullptr) const {
 750 :     using local_scalar_t__ = double;
 751 :     stan::io::serializer<local_scalar_t__> out__(vars__);
 752 :     int current_statement__ = 0;
 753 :     local_scalar_t__ DUMMY_VAR__(std::numeric_limits<double>::quiet_NaN());
 754 :     // suppress unused var warning
 755 :     (void) DUMMY_VAR__;
 756 :     try {
 757 :       current_statement__ = 1;
 758 :       context__.validate_dims("parameter initialization", "rhomax", "double",
 759 :         std::vector<size_t>{});
 760 :       current_statement__ = 2;
 761 :       context__.validate_dims("parameter initialization", "rho0", "double",
 762 :         std::vector<size_t>{});
 763 :       current_statement__ = 3;
 764 :       context__.validate_dims("parameter initialization", "rho_fq", "double",
 765 :         std::vector<size_t>{});
 766 :       current_statement__ = 4;
 767 :       context__.validate_dims("parameter initialization", "rho_mp", "double",
 768 :         std::vector<size_t>{});
 769 :       current_statement__ = 5;
 770 :       context__.validate_dims("parameter initialization", "rho_config",
 771 :         "double", std::vector<size_t>{});
 772 :       current_statement__ = 6;
 773 :       context__.validate_dims("parameter initialization", "sigma", "double",
 774 :         std::vector<size_t>{});
 775 :       current_statement__ = 7;
 776 :       context__.validate_dims("parameter initialization", "eps", "double",
 777 :         std::vector<size_t>{static_cast<size_t>(K)});
 778 :       current_statement__ = 8;
 779 :       context__.validate_dims("parameter initialization", "delta_x_raw",
 780 :         "double", std::vector<size_t>{static_cast<size_t>(C)});
 781 :       current_statement__ = 9;
 782 :       context__.validate_dims("parameter initialization", "delta_y_raw",
 783 :         "double", std::vector<size_t>{static_cast<size_t>(C)});
 784 :       int pos__ = std::numeric_limits<int>::min();
 785 :       pos__ = 1;
 786 :       local_scalar_t__ rhomax = DUMMY_VAR__;
 787 :       current_statement__ = 1;
 788 :       rhomax = context__.vals_r("rhomax")[(1 - 1)];
 789 :       out__.write_free_lb(0, rhomax);
 790 :       local_scalar_t__ rho0 = DUMMY_VAR__;
 791 :       current_statement__ = 2;
 792 :       rho0 = context__.vals_r("rho0")[(1 - 1)];
 793 :       out__.write(rho0);
 794 :       local_scalar_t__ rho_fq = DUMMY_VAR__;
 795 :       current_statement__ = 3;
 796 :       rho_fq = context__.vals_r("rho_fq")[(1 - 1)];
 797 :       out__.write(rho_fq);
 798 :       local_scalar_t__ rho_mp = DUMMY_VAR__;
 799 :       current_statement__ = 4;
 800 :       rho_mp = context__.vals_r("rho_mp")[(1 - 1)];
 801 :       out__.write(rho_mp);
 802 :       local_scalar_t__ rho_config = DUMMY_VAR__;
 803 :       current_statement__ = 5;
 804 :       rho_config = context__.vals_r("rho_config")[(1 - 1)];
 805 :       out__.write(rho_config);
 806 :       local_scalar_t__ sigma = DUMMY_VAR__;
 807 :       current_statement__ = 6;
 808 :       sigma = context__.vals_r("sigma")[(1 - 1)];
 809 :       out__.write_free_lb(0, sigma);
 810 :       Eigen::Matrix<local_scalar_t__,-1,1> eps =
 811 :         Eigen::Matrix<local_scalar_t__,-1,1>::Constant(K, DUMMY_VAR__);
 812 :       {
 813 :         std::vector<local_scalar_t__> eps_flat__;
 814 :         current_statement__ = 7;
 815 :         eps_flat__ = context__.vals_r("eps");
 816 :         current_statement__ = 7;
 817 :         pos__ = 1;
 818 :         current_statement__ = 7;
 819 :         for (int sym1__ = 1; sym1__ <= K; ++sym1__) {
 820 :           current_statement__ = 7;
 821 :           stan::model::assign(eps, eps_flat__[(pos__ - 1)],
 822 :             "assigning variable eps", stan::model::index_uni(sym1__));
 823 :           current_statement__ = 7;
 824 :           pos__ = (pos__ + 1);
 825 :         }
 826 :       }
 827 :       out__.write(eps);
 828 :       std::vector<local_scalar_t__> delta_x_raw =
 829 :         std::vector<local_scalar_t__>(C, DUMMY_VAR__);
 830 :       current_statement__ = 8;
 831 :       delta_x_raw = context__.vals_r("delta_x_raw");
 832 :       out__.write(delta_x_raw);
 833 :       std::vector<local_scalar_t__> delta_y_raw =
 834 :         std::vector<local_scalar_t__>(C, DUMMY_VAR__);
 835 :       current_statement__ = 9;
 836 :       delta_y_raw = context__.vals_r("delta_y_raw");
 837 :       out__.write(delta_y_raw);
 838 :     } catch (const std::exception& e) {
 839 :       stan::lang::rethrow_located(e, locations_array__[current_statement__]);
 840 :     }
 841 :   }
 842 :   inline void
 843 :   get_param_names(std::vector<std::string>& names__, const bool
 844 :                   emit_transformed_parameters__ = true, const bool
 845 :                   emit_generated_quantities__ = true) const {
 846 :     names__ = std::vector<std::string>{"rhomax", "rho0", "rho_fq", "rho_mp",
 847 :                 "rho_config", "sigma", "eps", "delta_x_raw", "delta_y_raw"};
 848 :     if (emit_transformed_parameters__) {
 849 :       std::vector<std::string>
 850 :         temp{"sigma_sqrt", "eps_scale", "delta_x", "delta_y"};
 851 :       names__.reserve(names__.size() + temp.size());
 852 :       names__.insert(names__.end(), temp.begin(), temp.end());
 853 :     }
 854 :     if (emit_generated_quantities__) {}
 855 :   }
 856 :   inline void
 857 :   get_dims(std::vector<std::vector<size_t>>& dimss__, const bool
 858 :            emit_transformed_parameters__ = true, const bool
 859 :            emit_generated_quantities__ = true) const {
 860 :     dimss__ = std::vector<std::vector<size_t>>{std::vector<size_t>{},
 861 :                 std::vector<size_t>{}, std::vector<size_t>{},
 862 :                 std::vector<size_t>{}, std::vector<size_t>{},
 863 :                 std::vector<size_t>{},
 864 :                 std::vector<size_t>{static_cast<size_t>(K)},
 865 :                 std::vector<size_t>{static_cast<size_t>(C)},
 866 :                 std::vector<size_t>{static_cast<size_t>(C)}};
 867 :     if (emit_transformed_parameters__) {
 868 :       std::vector<std::vector<size_t>>
 869 :         temp{std::vector<size_t>{},
 870 :              std::vector<size_t>{static_cast<size_t>(K)},
 871 :              std::vector<size_t>{static_cast<size_t>(C)},
 872 :              std::vector<size_t>{static_cast<size_t>(C)}};
 873 :       dimss__.reserve(dimss__.size() + temp.size());
 874 :       dimss__.insert(dimss__.end(), temp.begin(), temp.end());
 875 :     }
 876 :     if (emit_generated_quantities__) {}
 877 :   }
 878 :   inline void
 879 :   constrained_param_names(std::vector<std::string>& param_names__, bool
 880 :                           emit_transformed_parameters__ = true, bool
 881 :                           emit_generated_quantities__ = true) const final {
 882 :     param_names__.emplace_back(std::string() + "rhomax");
 883 :     param_names__.emplace_back(std::string() + "rho0");
 884 :     param_names__.emplace_back(std::string() + "rho_fq");
 885 :     param_names__.emplace_back(std::string() + "rho_mp");
 886 :     param_names__.emplace_back(std::string() + "rho_config");
 887 :     param_names__.emplace_back(std::string() + "sigma");
 888 :     for (int sym1__ = 1; sym1__ <= K; ++sym1__) {
 889 :       param_names__.emplace_back(std::string() + "eps" + '.' +
 890 :         std::to_string(sym1__));
 891 :     }
 892 :     for (int sym1__ = 1; sym1__ <= C; ++sym1__) {
 893 :       param_names__.emplace_back(std::string() + "delta_x_raw" + '.' +
 894 :         std::to_string(sym1__));
 895 :     }
 896 :     for (int sym1__ = 1; sym1__ <= C; ++sym1__) {
 897 :       param_names__.emplace_back(std::string() + "delta_y_raw" + '.' +
 898 :         std::to_string(sym1__));
 899 :     }
 900 :     if (emit_transformed_parameters__) {
 901 :       param_names__.emplace_back(std::string() + "sigma_sqrt");
 902 :       for (int sym1__ = 1; sym1__ <= K; ++sym1__) {
 903 :         param_names__.emplace_back(std::string() + "eps_scale" + '.' +
 904 :           std::to_string(sym1__));
 905 :       }
 906 :       for (int sym1__ = 1; sym1__ <= C; ++sym1__) {
 907 :         param_names__.emplace_back(std::string() + "delta_x" + '.' +
 908 :           std::to_string(sym1__));
 909 :       }
 910 :       for (int sym1__ = 1; sym1__ <= C; ++sym1__) {
 911 :         param_names__.emplace_back(std::string() + "delta_y" + '.' +
 912 :           std::to_string(sym1__));
 913 :       }
 914 :     }
 915 :     if (emit_generated_quantities__) {}
 916 :   }
 917 :   inline void
 918 :   unconstrained_param_names(std::vector<std::string>& param_names__, bool
 919 :                             emit_transformed_parameters__ = true, bool
 920 :                             emit_generated_quantities__ = true) const final {
 921 :     param_names__.emplace_back(std::string() + "rhomax");
 922 :     param_names__.emplace_back(std::string() + "rho0");
 923 :     param_names__.emplace_back(std::string() + "rho_fq");
 924 :     param_names__.emplace_back(std::string() + "rho_mp");
 925 :     param_names__.emplace_back(std::string() + "rho_config");
 926 :     param_names__.emplace_back(std::string() + "sigma");
 927 :     for (int sym1__ = 1; sym1__ <= K; ++sym1__) {
 928 :       param_names__.emplace_back(std::string() + "eps" + '.' +
 929 :         std::to_string(sym1__));
 930 :     }
 931 :     for (int sym1__ = 1; sym1__ <= C; ++sym1__) {
 932 :       param_names__.emplace_back(std::string() + "delta_x_raw" + '.' +
 933 :         std::to_string(sym1__));
 934 :     }
 935 :     for (int sym1__ = 1; sym1__ <= C; ++sym1__) {
 936 :       param_names__.emplace_back(std::string() + "delta_y_raw" + '.' +
 937 :         std::to_string(sym1__));
 938 :     }
 939 :     if (emit_transformed_parameters__) {
 940 :       param_names__.emplace_back(std::string() + "sigma_sqrt");
 941 :       for (int sym1__ = 1; sym1__ <= K; ++sym1__) {
 942 :         param_names__.emplace_back(std::string() + "eps_scale" + '.' +
 943 :           std::to_string(sym1__));
 944 :       }
 945 :       for (int sym1__ = 1; sym1__ <= C; ++sym1__) {
 946 :         param_names__.emplace_back(std::string() + "delta_x" + '.' +
 947 :           std::to_string(sym1__));
 948 :       }
 949 :       for (int sym1__ = 1; sym1__ <= C; ++sym1__) {
 950 :         param_names__.emplace_back(std::string() + "delta_y" + '.' +
 951 :           std::to_string(sym1__));
 952 :       }
 953 :     }
 954 :     if (emit_generated_quantities__) {}
 955 :   }
 956 :   inline std::string get_constrained_sizedtypes() const {
 957 :     return std::string("[{\"name\":\"rhomax\",\"type\":{\"name\":\"real\"},\"block\":\"parameters\"},{\"name\":\"rho0\",\"type\":{\"name\":\"real\"},\"block\":\"parameters\"},{\"name\":\"rho_fq\",\"type\":{\"name\":\"real\"},\"block\":\"parameters\"},{\"name\":\"rho_mp\",\"type\":{\"name\":\"real\"},\"block\":\"parameters\"},{\"name\":\"rho_config\",\"type\":{\"name\":\"real\"},\"block\":\"parameters\"},{\"name\":\"sigma\",\"type\":{\"name\":\"real\"},\"block\":\"parameters\"},{\"name\":\"eps\",\"type\":{\"name\":\"vector\",\"length\":" + std::to_string(K) + "},\"block\":\"parameters\"},{\"name\":\"delta_x_raw\",\"type\":{\"name\":\"array\",\"length\":" + std::to_string(C) + ",\"element_type\":{\"name\":\"real\"}},\"block\":\"parameters\"},{\"name\":\"delta_y_raw\",\"type\":{\"name\":\"array\",\"length\":" + std::to_string(C) + ",\"element_type\":{\"name\":\"real\"}},\"block\":\"parameters\"},{\"name\":\"sigma_sqrt\",\"type\":{\"name\":\"real\"},\"block\":\"transformed_parameters\"},{\"name\":\"eps_scale\",\"type\":{\"name\":\"vector\",\"length\":" + std::to_string(K) + "},\"block\":\"transformed_parameters\"},{\"name\":\"delta_x\",\"type\":{\"name\":\"array\",\"length\":" + std::to_string(C) + ",\"element_type\":{\"name\":\"real\"}},\"block\":\"transformed_parameters\"},{\"name\":\"delta_y\",\"type\":{\"name\":\"array\",\"length\":" + std::to_string(C) + ",\"element_type\":{\"name\":\"real\"}},\"block\":\"transformed_parameters\"}]");
 958 :   }
 959 :   inline std::string get_unconstrained_sizedtypes() const {
 960 :     return std::string("[{\"name\":\"rhomax\",\"type\":{\"name\":\"real\"},\"block\":\"parameters\"},{\"name\":\"rho0\",\"type\":{\"name\":\"real\"},\"block\":\"parameters\"},{\"name\":\"rho_fq\",\"type\":{\"name\":\"real\"},\"block\":\"parameters\"},{\"name\":\"rho_mp\",\"type\":{\"name\":\"real\"},\"block\":\"parameters\"},{\"name\":\"rho_config\",\"type\":{\"name\":\"real\"},\"block\":\"parameters\"},{\"name\":\"sigma\",\"type\":{\"name\":\"real\"},\"block\":\"parameters\"},{\"name\":\"eps\",\"type\":{\"name\":\"vector\",\"length\":" + std::to_string(K) + "},\"block\":\"parameters\"},{\"name\":\"delta_x_raw\",\"type\":{\"name\":\"array\",\"length\":" + std::to_string(C) + ",\"element_type\":{\"name\":\"real\"}},\"block\":\"parameters\"},{\"name\":\"delta_y_raw\",\"type\":{\"name\":\"array\",\"length\":" + std::to_string(C) + ",\"element_type\":{\"name\":\"real\"}},\"block\":\"parameters\"},{\"name\":\"sigma_sqrt\",\"type\":{\"name\":\"real\"},\"block\":\"transformed_parameters\"},{\"name\":\"eps_scale\",\"type\":{\"name\":\"vector\",\"length\":" + std::to_string(K) + "},\"block\":\"transformed_parameters\"},{\"name\":\"delta_x\",\"type\":{\"name\":\"array\",\"length\":" + std::to_string(C) + ",\"element_type\":{\"name\":\"real\"}},\"block\":\"transformed_parameters\"},{\"name\":\"delta_y\",\"type\":{\"name\":\"array\",\"length\":" + std::to_string(C) + ",\"element_type\":{\"name\":\"real\"}},\"block\":\"transformed_parameters\"}]");
 961 :   }
 962 :   // Begin method overload boilerplate
 963 :   template <typename RNG> inline void
 964 :   write_array(RNG& base_rng, Eigen::Matrix<double,-1,1>& params_r,
 965 :               Eigen::Matrix<double,-1,1>& vars, const bool
 966 :               emit_transformed_parameters = true, const bool
 967 :               emit_generated_quantities = true, std::ostream*
 968 :               pstream = nullptr) const {
 969 :     const size_t num_params__ = ((((((((1 + 1) + 1) + 1) + 1) + 1) + K) + C)
 970 :       + C);
 971 :     const size_t num_transformed = emit_transformed_parameters * ((((1 + K) +
 972 :       C) + C));
 973 :     const size_t num_gen_quantities = emit_generated_quantities * (0);
 974 :     const size_t num_to_write = num_params__ + num_transformed +
 975 :       num_gen_quantities;
 976 :     std::vector<int> params_i;
 977 :     vars = Eigen::Matrix<double,-1,1>::Constant(num_to_write,
 978 :              std::numeric_limits<double>::quiet_NaN());
 979 :     write_array_impl(base_rng, params_r, params_i, vars,
 980 :       emit_transformed_parameters, emit_generated_quantities, pstream);
 981 :   }
 982 :   template <typename RNG> inline void
 983 :   write_array(RNG& base_rng, std::vector<double>& params_r, std::vector<int>&
 984 :               params_i, std::vector<double>& vars, bool
 985 :               emit_transformed_parameters = true, bool
 986 :               emit_generated_quantities = true, std::ostream*
 987 :               pstream = nullptr) const {
 988 :     const size_t num_params__ = ((((((((1 + 1) + 1) + 1) + 1) + 1) + K) + C)
 989 :       + C);
 990 :     const size_t num_transformed = emit_transformed_parameters * ((((1 + K) +
 991 :       C) + C));
 992 :     const size_t num_gen_quantities = emit_generated_quantities * (0);
 993 :     const size_t num_to_write = num_params__ + num_transformed +
 994 :       num_gen_quantities;
 995 :     vars = std::vector<double>(num_to_write,
 996 :              std::numeric_limits<double>::quiet_NaN());
 997 :     write_array_impl(base_rng, params_r, params_i, vars,
 998 :       emit_transformed_parameters, emit_generated_quantities, pstream);
 999 :   }
1000 :   template <bool propto__, bool jacobian__, typename T_> inline T_
1001 :   log_prob(Eigen::Matrix<T_,-1,1>& params_r, std::ostream* pstream = nullptr) const {
1002 :     Eigen::Matrix<int,-1,1> params_i;
1003 :     return log_prob_impl<propto__, jacobian__>(params_r, params_i, pstream);
1004 :   }
1005 :   template <bool propto__, bool jacobian__, typename T_> inline T_
1006 :   log_prob(std::vector<T_>& params_r, std::vector<int>& params_i,
1007 :            std::ostream* pstream = nullptr) const {
1008 :     return log_prob_impl<propto__, jacobian__>(params_r, params_i, pstream);
1009 :   }
1010 :   inline void
1011 :   transform_inits(const stan::io::var_context& context,
1012 :                   Eigen::Matrix<double,-1,1>& params_r, std::ostream*
1013 :                   pstream = nullptr) const final {
1014 :     std::vector<double> params_r_vec(params_r.size());
1015 :     std::vector<int> params_i;
1016 :     transform_inits(context, params_i, params_r_vec, pstream);
1017 :     params_r = Eigen::Map<Eigen::Matrix<double,-1,1>>(params_r_vec.data(),
1018 :                  params_r_vec.size());
1019 :   }
1020 :   inline void
1021 :   transform_inits(const stan::io::var_context& context, std::vector<int>&
1022 :                   params_i, std::vector<double>& vars, std::ostream*
1023 :                   pstream__ = nullptr) const {
1024 :     vars.resize(num_params_r__);
1025 :     transform_inits_impl(context, vars, pstream__);
1026 :   }
1027 :   inline void
1028 :   unconstrain_array(const std::vector<double>& params_constrained,
1029 :                     std::vector<double>& params_unconstrained, std::ostream*
1030 :                     pstream = nullptr) const {
1031 :     const std::vector<int> params_i;
1032 :     params_unconstrained = std::vector<double>(num_params_r__,
1033 :                              std::numeric_limits<double>::quiet_NaN());
1034 :     unconstrain_array_impl(params_constrained, params_i,
1035 :       params_unconstrained, pstream);
1036 :   }
1037 :   inline void
1038 :   unconstrain_array(const Eigen::Matrix<double,-1,1>& params_constrained,
1039 :                     Eigen::Matrix<double,-1,1>& params_unconstrained,
1040 :                     std::ostream* pstream = nullptr) const {
1041 :     const std::vector<int> params_i;
1042 :     params_unconstrained = Eigen::Matrix<double,-1,1>::Constant(num_params_r__,
1043 :                              std::numeric_limits<double>::quiet_NaN());
1044 :     unconstrain_array_impl(params_constrained, params_i,
1045 :       params_unconstrained, pstream);
1046 :   }
1047 : };
1048 : }
1049 : using stan_model = model4a3461500a5ab__namespace::model4a3461500a5ab_;
1050 : #ifndef USING_R
1051 : // Boilerplate
1052 : stan::model::model_base&
1053 : new_model(stan::io::var_context& data_context, unsigned int seed,
1054 :           std::ostream* msg_stream) {
1055 :   stan_model* m = new stan_model(data_context, seed, msg_stream);
1056 :   return *m;
1057 : }
1058 : stan::math::profile_map& get_stan_profile_data() {
1059 :   return model4a3461500a5ab__namespace::profiles__;
1060 : }
1061 : #endif
1062 : #endif
1063 : 
1064 : RCPP_MODULE(stan_fit4model4a3461500a5ab__mod) {
1065 :   class_<rstan::stan_fit<stan_model, boost::random::ecuyer1988> >(
1066 :       "stan_fit4model4a3461500a5ab_")
1067 : 
1068 :       .constructor<SEXP, SEXP, SEXP>()
1069 : 
1070 :       .method(
1071 :           "call_sampler",
1072 :           &rstan::stan_fit<stan_model, boost::random::ecuyer1988>::call_sampler)
1073 :       .method(
1074 :           "param_names",
1075 :           &rstan::stan_fit<stan_model, boost::random::ecuyer1988>::param_names)
1076 :       .method("param_names_oi",
1077 :               &rstan::stan_fit<stan_model,
1078 :                                boost::random::ecuyer1988>::param_names_oi)
1079 :       .method("param_fnames_oi",
1080 :               &rstan::stan_fit<stan_model,
1081 :                                boost::random::ecuyer1988>::param_fnames_oi)
1082 :       .method(
1083 :           "param_dims",
1084 :           &rstan::stan_fit<stan_model, boost::random::ecuyer1988>::param_dims)
1085 :       .method("param_dims_oi",
1086 :               &rstan::stan_fit<stan_model,
1087 :                                boost::random::ecuyer1988>::param_dims_oi)
1088 :       .method("update_param_oi",
1089 :               &rstan::stan_fit<stan_model,
1090 :                                boost::random::ecuyer1988>::update_param_oi)
1091 :       .method("param_oi_tidx",
1092 :               &rstan::stan_fit<stan_model,
1093 :                                boost::random::ecuyer1988>::param_oi_tidx)
1094 :       .method("grad_log_prob",
1095 :               &rstan::stan_fit<stan_model,
1096 :                                boost::random::ecuyer1988>::grad_log_prob)
1097 :       .method("log_prob",
1098 :               &rstan::stan_fit<stan_model, boost::random::ecuyer1988>::log_prob)
1099 :       .method("unconstrain_pars",
1100 :               &rstan::stan_fit<stan_model,
1101 :                                boost::random::ecuyer1988>::unconstrain_pars)
1102 :       .method("constrain_pars",
1103 :               &rstan::stan_fit<stan_model,
1104 :                                boost::random::ecuyer1988>::constrain_pars)
1105 :       .method(
1106 :           "num_pars_unconstrained",
1107 :           &rstan::stan_fit<stan_model,
1108 :                            boost::random::ecuyer1988>::num_pars_unconstrained)
1109 :       .method(
1110 :           "unconstrained_param_names",
1111 :           &rstan::stan_fit<
1112 :               stan_model, boost::random::ecuyer1988>::unconstrained_param_names)
1113 :       .method(
1114 :           "constrained_param_names",
1115 :           &rstan::stan_fit<stan_model,
1116 :                            boost::random::ecuyer1988>::constrained_param_names)
1117 :       .method("standalone_gqs",
1118 :               &rstan::stan_fit<stan_model,
1119 :                                boost::random::ecuyer1988>::standalone_gqs);
1120 : }
1121 : 
1122 : 
1123 : // declarations
1124 : extern "C" {
1125 : SEXP file4a346773623e( ) ;
1126 : }
1127 : 
1128 : // definition
1129 : SEXP file4a346773623e() {
1130 :  return Rcpp::wrap("anon_model");
1131 : }
make cmd is
  make -f '/cvmfs/soft.computecanada.ca/easybuild/software/2023/x86-64-v4/Compiler/gcccore/r/4.3.1/lib64/R/etc/Makeconf' -f '/cvmfs/soft.computecanada.ca/easybuild/software/2023/x86-64-v4/Compiler/gcccore/r/4.3.1/lib64/R/share/make/shlib.mk' CXX='$(CXX17) $(CXX17STD)' CXXFLAGS='$(CXX17FLAGS)' CXXPICFLAGS='$(CXX17PICFLAGS)' SHLIB_LDFLAGS='$(SHLIB_CXX17LDFLAGS)' SHLIB_LD='$(SHLIB_CXX17LD)' SHLIB='file4a346773623e.so' OBJECTS='file4a346773623e.o'

make would use
g++ -std=gnu++17 -I"/cvmfs/soft.computecanada.ca/easybuild/software/2023/x86-64-v4/Compiler/gcccore/r/4.3.1/lib64/R/include" -DNDEBUG   -I"/home/melanson/R/x86_64-pc-linux-gnu-library/4.3/Rcpp/include/"  -I"/home/melanson/R/x86_64-pc-linux-gnu-library/4.3/RcppEigen/include/"  -I"/home/melanson/R/x86_64-pc-linux-gnu-library/4.3/RcppEigen/include/unsupported"  -I"/home/melanson/R/x86_64-pc-linux-gnu-library/4.3/BH/include" -I"/home/melanson/R/x86_64-pc-linux-gnu-library/4.3/StanHeaders/include/src/"  -I"/home/melanson/R/x86_64-pc-linux-gnu-library/4.3/StanHeaders/include/"  -I"/home/melanson/R/x86_64-pc-linux-gnu-library/4.3/RcppParallel/include/"  -I"/home/melanson/R/x86_64-pc-linux-gnu-library/4.3/rstan/include" -DEIGEN_NO_DEBUG  -DBOOST_DISABLE_ASSERTS  -DBOOST_PENDING_INTEGER_LOG2_HPP  -DSTAN_THREADS  -DUSE_STANC3 -DSTRICT_R_HEADERS  -DBOOST_PHOENIX_NO_VARIADIC_EXPRESSION  -D_HAS_AUTO_PTR_ETC=0  -include '/home/melanson/R/x86_64-pc-linux-gnu-library/4.3/StanHeaders/include/stan/math/prim/fun/Eigen.hpp'  -D_REENTRANT -DRCPP_PARALLEL_USE_TBB=1   -I/cvmfs/soft.computecanada.ca/easybuild/software/2023/x86-64-v3/Core/java/17.0.6/include -I/cvmfs/soft.computecanada.ca/easybuild/software/2023/x86-64-v3/Core/flexiblascore/3.3.1/include -I/cvmfs/soft.computecanada.ca/easybuild/software/2023/x86-64-v3/Core/flexiblascore/3.3.1/include/flexiblas    -fpic  -O2 -ftree-vectorize -march=x86-64-v4 -fno-math-errno  -c file4a346773623e.cpp -o file4a346773623e.o
if test  "zfile4a346773623e.o" != "z"; then \
  echo g++ -std=gnu++17 -shared -L"/cvmfs/soft.computecanada.ca/easybuild/software/2023/x86-64-v4/Compiler/gcccore/r/4.3.1/lib64/R/lib"  -o file4a346773623e.so file4a346773623e.o  '/home/melanson/R/x86_64-pc-linux-gnu-library/4.3/rstan/lib//libStanServices.a' -L'/home/melanson/R/x86_64-pc-linux-gnu-library/4.3/StanHeaders/lib/' -lStanHeaders -L'/home/melanson/R/x86_64-pc-linux-gnu-library/4.3/RcppParallel/lib/' -ltbb   -L"/cvmfs/soft.computecanada.ca/easybuild/software/2023/x86-64-v4/Compiler/gcccore/r/4.3.1/lib64/R/lib" -lR; \
  g++ -std=gnu++17 -shared -L"/cvmfs/soft.computecanada.ca/easybuild/software/2023/x86-64-v4/Compiler/gcccore/r/4.3.1/lib64/R/lib"  -o file4a346773623e.so file4a346773623e.o  '/home/melanson/R/x86_64-pc-linux-gnu-library/4.3/rstan/lib//libStanServices.a' -L'/home/melanson/R/x86_64-pc-linux-gnu-library/4.3/StanHeaders/lib/' -lStanHeaders -L'/home/melanson/R/x86_64-pc-linux-gnu-library/4.3/RcppParallel/lib/' -ltbb   -L"/cvmfs/soft.computecanada.ca/easybuild/software/2023/x86-64-v4/Compiler/gcccore/r/4.3.1/lib64/R/lib" -lR; \
fi

CHECKING DATA AND PREPROCESSING FOR MODEL 'anon_model' NOW.

COMPILING MODEL 'anon_model' NOW.

STARTING SAMPLER FOR MODEL 'anon_model' NOW.

CHECKING DATA AND PREPROCESSING FOR MODEL 'anon_model' NOW.

CHECKING DATA AND PREPROCESSING FOR MODEL 'anon_model' NOW.

COMPILING MODEL 'anon_model' NOW.

STARTING SAMPLER FOR MODEL 'anon_model' NOW.

COMPILING MODEL 'anon_model' NOW.

STARTING SAMPLER FOR MODEL 'anon_model' NOW.

CHECKING DATA AND PREPROCESSING FOR MODEL 'anon_model' NOW.

SAMPLING FOR MODEL 'anon_model' NOW (CHAIN 1).

COMPILING MODEL 'anon_model' NOW.

STARTING SAMPLER FOR MODEL 'anon_model' NOW.

SAMPLING FOR MODEL 'anon_model' NOW (CHAIN 2).

CHECKING DATA AND PREPROCESSING FOR MODEL 'anon_model' NOW.

SAMPLING FOR MODEL 'anon_model' NOW (CHAIN 3).

COMPILING MODEL 'anon_model' NOW.

STARTING SAMPLER FOR MODEL 'anon_model' NOW.

SAMPLING FOR MODEL 'anon_model' NOW (CHAIN 4).
Chain 3: Rejecting initial value:Chain 
1Chain : 3Rejecting initial value:: 
  Log probability evaluates to log(0), i.e. negative infinity.Chain 
1Chain : 3  Log probability evaluates to log(0), i.e. negative infinity.: 
  Stan can't start sampling from this initial value.Chain 
1:   Stan can't start sampling from this initial value.
Chain 2: 
Chain 2: Gradient evaluation took 0.032864 seconds
Chain 2: 1000 transitions using 10 leapfrog steps per transition would take 328.64 seconds.
Chain 2: Adjust your expectations accordingly!
Chain 2: 
Chain 2: 
Chain 1: 
Chain 1: Gradient evaluation took 0.033011 seconds
Chain 1: 1000 transitions using 10 leapfrog steps per transition would take 330.11 seconds.
Chain 1: Adjust your expectations accordingly!
Chain 1: 
Chain 1: 
Chain 3: 
Chain 3: Gradient evaluation took 0.033214 seconds
Chain 3: 1000 transitions using 10 leapfrog steps per transition would take 332.14 seconds.
Chain 3: Adjust your expectations accordingly!
Chain 3: 
Chain 3: 
Chain 4: 
Chain 4: Gradient evaluation took 0.034292 seconds
Chain 4: 1000 transitions using 10 leapfrog steps per transition would take 342.92 seconds.
Chain 4: Adjust your expectations accordingly!
Chain 4: 
Chain 4: 
Chain 2: Iteration:    1 / 4000 [  0%]  (Warmup)
Chain 3: Iteration:    1 / 4000 [  0%]  (Warmup)
Chain 4: Iteration:    1 / 4000 [  0%]  (Warmup)
Chain 1: Iteration:    1 / 4000 [  0%]  (Warmup)
