Lmod Warning:
-------------------------------------------------------------------------------
The following dependent module(s) are not currently loaded: proj/9.2.0
(required by: libgeotiff/1.7.1, libspatialite/5.1.0, gdal/3.9.1)
-------------------------------------------------------------------------------




Attaching package: ‘dplyr’

The following objects are masked from ‘package:stats’:

    filter, lag

The following objects are masked from ‘package:base’:

    intersect, setdiff, setequal, union

Loading required package: StanHeaders

rstan version 2.32.7 (Stan version 2.32.2)

For execution on a local, multicore CPU with excess RAM we recommend calling
options(mc.cores = parallel::detectCores()).
To avoid recompilation of unchanged Stan programs, we recommend calling
rstan_options(auto_write = TRUE)
For within-chain threading using `reduce_sum()` or `map_rect()` Stan functions,
change `threads_per_chain` option:
rstan_options(threads_per_chain = 1)


Attaching package: ‘rstan’

The following object is masked from ‘package:tidyr’:

    extract

Linking to GEOS 3.12.0, GDAL 3.9.1, PROJ 9.2.0; sf_use_s2() is TRUE
Joining with `by = join_by(sibshipID)`
Joining with `by = join_by(sibshipID)`
`summarise()` has grouped output by 'round', 'sample_pt'. You can override
using the `.groups` argument.
`summarise()` has grouped output by 'round', 'sample_pt'. You can override
using the `.groups` argument.
Joining with `by = join_by(stansibkey, round, sample_point)`
Joining with `by = join_by(site)`
Joining with `by = join_by(sample_id)`
Joining with `by = join_by(sample_id)`
Joining with `by = join_by(sample_point)`
Joining with `by = join_by(sample_id)`
Joining with `by = join_by(site)`
Joining with `by = join_by(site, year, julian_date)`
Joining with `by = join_by(trapyear)`
`summarise()` has grouped output by 'round'. You can override using the
`.groups` argument.
Error in gzfile(file, mode) : cannot open the connection
Calls: saveRDS -> gzfile
In addition: Warning messages:
1: There were 1 chains where the estimated Bayesian Fraction of Missing Information was low. See
https://mc-stan.org/misc/warnings.html#bfmi-low 
2: Examine the pairs() plot to diagnose sampling problems
 
3: In gzfile(file, mode) :
  cannot open compressed file 'analysis/stanfits/floralfit_mixtus_pheno.rds', probable reason 'No such file or directory'
Execution halted
